2017-08-21 21:09:47 [scrapy.utils.log] INFO: Scrapy 1.4.0 started (bot: topgoods)
2017-08-21 21:09:47 [scrapy.utils.log] INFO: Overridden settings: {'BOT_NAME': 'topgoods', 'SPIDER_MODULES': ['topgoods.spiders'], 'NEWSPIDER_MODULE': 'topgoods.spiders', 'FEED_FORMAT': 'csv', 'LOG_FILE': 'scrapy.log', 'FEED_URI': 'results.csv'}
2017-08-21 21:10:19 [scrapy.utils.log] INFO: Scrapy 1.4.0 started (bot: topgoods)
2017-08-21 21:10:19 [scrapy.utils.log] INFO: Overridden settings: {'LOG_FILE': 'scrapy.log', 'LOG_ENABLED': False, 'NEWSPIDER_MODULE': 'topgoods.spiders', 'SPIDER_MODULES': ['topgoods.spiders'], 'BOT_NAME': 'topgoods'}
2017-08-21 21:10:45 [scrapy.utils.log] INFO: Scrapy 1.4.0 started (bot: topgoods)
2017-08-21 21:10:45 [scrapy.utils.log] INFO: Overridden settings: {'BOT_NAME': 'topgoods', 'NEWSPIDER_MODULE': 'topgoods.spiders', 'FEED_URI': 'results.csv', 'FEED_FORMAT': 'csv', 'SPIDER_MODULES': ['topgoods.spiders'], 'LOG_FILE': 'scrapy.log'}
2017-08-21 21:10:45 [scrapy.middleware] INFO: Enabled extensions:
['scrapy.extensions.corestats.CoreStats',
 'scrapy.extensions.feedexport.FeedExporter',
 'scrapy.extensions.telnet.TelnetConsole',
 'scrapy.extensions.memusage.MemoryUsage',
 'scrapy.extensions.logstats.LogStats']
2017-08-21 21:10:45 [py.warnings] WARNING: /home/ubuntu/.local/lib/python3.5/site-packages/scrapy/utils/deprecate.py:156: ScrapyDeprecationWarning: `scrapy.contrib.downloadermiddleware.httpproxy.HttpProxyMiddleware` class is deprecated, use `scrapy.downloadermiddlewares.httpproxy.HttpProxyMiddleware` instead
  ScrapyDeprecationWarning)

2017-08-21 21:10:45 [scrapy.middleware] INFO: Enabled downloader middlewares:
['scrapy.downloadermiddlewares.httpauth.HttpAuthMiddleware',
 'scrapy.downloadermiddlewares.httpproxy.HttpProxyMiddleware',
 'scrapy.downloadermiddlewares.downloadtimeout.DownloadTimeoutMiddleware',
 'scrapy.downloadermiddlewares.defaultheaders.DefaultHeadersMiddleware',
 'scrapy.downloadermiddlewares.useragent.UserAgentMiddleware',
 'scrapy.downloadermiddlewares.retry.RetryMiddleware',
 'scrapy.downloadermiddlewares.redirect.MetaRefreshMiddleware',
 'scrapy.downloadermiddlewares.httpcompression.HttpCompressionMiddleware',
 'scrapy.downloadermiddlewares.redirect.RedirectMiddleware',
 'scrapy.downloadermiddlewares.cookies.CookiesMiddleware',
 'scrapy.downloadermiddlewares.stats.DownloaderStats']
2017-08-21 21:10:45 [scrapy.middleware] INFO: Enabled spider middlewares:
['scrapy.spidermiddlewares.httperror.HttpErrorMiddleware',
 'scrapy.spidermiddlewares.offsite.OffsiteMiddleware',
 'scrapy.spidermiddlewares.referer.RefererMiddleware',
 'scrapy.spidermiddlewares.urllength.UrlLengthMiddleware',
 'scrapy.spidermiddlewares.depth.DepthMiddleware']
2017-08-21 21:10:45 [scrapy.middleware] INFO: Enabled item pipelines:
['scrapy.pipelines.images.ImagesPipeline']
2017-08-21 21:10:45 [scrapy.core.engine] INFO: Spider opened
2017-08-21 21:10:45 [scrapy.extensions.logstats] INFO: Crawled 0 pages (at 0 pages/min), scraped 0 items (at 0 items/min)
2017-08-21 21:10:45 [scrapy.extensions.telnet] DEBUG: Telnet console listening on 127.0.0.1:6023
2017-08-21 21:10:45 [scrapy.downloadermiddlewares.redirect] DEBUG: Redirecting (301) to <GET https://list.tmall.com/search_product.htm?type=pc&totalPage=100&cat=50025135&sort=d&style=g&from=sn_1_cat-qp&active=1&jumpto=10> from <GET http://list.tmall.com/search_product.htm?type=pc&totalPage=100&cat=50025135&sort=d&style=g&from=sn_1_cat-qp&active=1&jumpto=10#J_Filter>
2017-08-21 21:10:46 [scrapy.downloadermiddlewares.redirect] DEBUG: Redirecting (302) to <GET https://login.taobao.com/jump?target=https%3A%2F%2Flist.tmall.com%2Fsearch_product.htm%3Ftbpm%3D1%26type%3Dpc%26totalPage%3D100%26cat%3D50025135%26sort%3Dd%26style%3Dg%26from%3Dsn_1_cat-qp%26active%3D1%26jumpto%3D10> from <GET https://list.tmall.com/search_product.htm?type=pc&totalPage=100&cat=50025135&sort=d&style=g&from=sn_1_cat-qp&active=1&jumpto=10>
2017-08-21 21:10:46 [scrapy.downloadermiddlewares.redirect] DEBUG: Redirecting (302) to <GET https://pass.tmall.com/add?cookie2=1ced542119a3ac0e0b110f66cda4a741&t=a727b936aae13641d890d3a522241c97&_tb_token_=c7c3301758333&tmsc=1503321046326000&opi=11.128.43.196&pacc=-BBdp_ONfqQzlbBDFbdypg==&target=https%3A%2F%2Flist.tmall.com%2Fsearch_product.htm%3Ftbpm%3D1%26type%3Dpc%26totalPage%3D100%26cat%3D50025135%26sort%3Dd%26style%3Dg%26from%3Dsn_1_cat-qp%26active%3D1%26jumpto%3D10> from <GET https://login.taobao.com/jump?target=https%3A%2F%2Flist.tmall.com%2Fsearch_product.htm%3Ftbpm%3D1%26type%3Dpc%26totalPage%3D100%26cat%3D50025135%26sort%3Dd%26style%3Dg%26from%3Dsn_1_cat-qp%26active%3D1%26jumpto%3D10>
2017-08-21 21:10:46 [scrapy.downloadermiddlewares.redirect] DEBUG: Redirecting (302) to <GET https://list.tmall.com/search_product.htm?tbpm=1&type=pc&totalPage=100&cat=50025135&sort=d&style=g&from=sn_1_cat-qp&active=1&jumpto=10> from <GET https://pass.tmall.com/add?cookie2=1ced542119a3ac0e0b110f66cda4a741&t=a727b936aae13641d890d3a522241c97&_tb_token_=c7c3301758333&tmsc=1503321046326000&opi=11.128.43.196&pacc=-BBdp_ONfqQzlbBDFbdypg==&target=https%3A%2F%2Flist.tmall.com%2Fsearch_product.htm%3Ftbpm%3D1%26type%3Dpc%26totalPage%3D100%26cat%3D50025135%26sort%3Dd%26style%3Dg%26from%3Dsn_1_cat-qp%26active%3D1%26jumpto%3D10>
2017-08-21 21:10:46 [scrapy.downloadermiddlewares.redirect] DEBUG: Redirecting (302) to <GET https://list.tmall.com/search_product.htm?type=pc&totalPage=100&cat=50025135&sort=d&style=g&from=sn_1_cat-qp&active=1&jumpto=10> from <GET https://list.tmall.com/search_product.htm?tbpm=1&type=pc&totalPage=100&cat=50025135&sort=d&style=g&from=sn_1_cat-qp&active=1&jumpto=10>
2017-08-21 21:10:46 [scrapy.downloadermiddlewares.redirect] DEBUG: Redirecting (302) to <GET https://sec.taobao.com/query.htm?smApp=tmallsearch&smPolicy=tmallsearch-product-anti_Spider-html-checklogin&smCharset=GBK&smTag=MjIzLjk2LjEwMy40MSwsNjU1ZmE0OWY5ZmQyNGNhNDkzMTZmM2QzZmI1OTJlMDc%3D&smReturn=https%3A%2F%2Flist.tmall.com%2Fsearch_product.htm%3Ftype%3Dpc%26totalPage%3D100%26cat%3D50025135%26sort%3Dd%26style%3Dg%26from%3Dsn_1_cat-qp%26active%3D1%26jumpto%3D10&smSign=kepoeAO0ta%2BHi4smEVS81A%3D%3D> from <GET https://list.tmall.com/search_product.htm?type=pc&totalPage=100&cat=50025135&sort=d&style=g&from=sn_1_cat-qp&active=1&jumpto=10>
2017-08-21 21:10:46 [scrapy.downloadermiddlewares.redirect] DEBUG: Redirecting (302) to <GET http://login.tmall.com/?from=sm&redirect_url=https%3A%2F%2Fsec.taobao.com%2Fquery.htm%3Faction%3DQueryAction%26event_submit_do_login%3Dok%26smApp%3Dtmallsearch%26smPolicy%3Dtmallsearch-product-anti_Spider-html-checklogin%26smCharset%3DGBK%26smTag%3DMjIzLjk2LjEwMy40MSwsNjU1ZmE0OWY5ZmQyNGNhNDkzMTZmM2QzZmI1OTJlMDc%253D%26smReturn%3Dhttps%253A%252F%252Flist.tmall.com%252Fsearch_product.htm%253Ftype%253Dpc%2526totalPage%253D100%2526cat%253D50025135%2526sort%253Dd%2526style%253Dg%2526from%253Dsn_1_cat-qp%2526active%253D1%2526jumpto%253D10%26smSign%3DkepoeAO0ta%252BHi4smEVS81A%253D%253D> from <GET https://sec.taobao.com/query.htm?smApp=tmallsearch&smPolicy=tmallsearch-product-anti_Spider-html-checklogin&smCharset=GBK&smTag=MjIzLjk2LjEwMy40MSwsNjU1ZmE0OWY5ZmQyNGNhNDkzMTZmM2QzZmI1OTJlMDc%3D&smReturn=https%3A%2F%2Flist.tmall.com%2Fsearch_product.htm%3Ftype%3Dpc%26totalPage%3D100%26cat%3D50025135%26sort%3Dd%26style%3Dg%26from%3Dsn_1_cat-qp%26active%3D1%26jumpto%3D10&smSign=kepoeAO0ta%2BHi4smEVS81A%3D%3D>
2017-08-21 21:10:46 [scrapy.downloadermiddlewares.redirect] DEBUG: Redirecting (302) to <GET https://login.tmall.com/?from=sm&redirect_url=https%3A%2F%2Fsec.taobao.com%2Fquery.htm%3Faction%3DQueryAction%26event_submit_do_login%3Dok%26smApp%3Dtmallsearch%26smPolicy%3Dtmallsearch-product-anti_Spider-html-checklogin%26smCharset%3DGBK%26smTag%3DMjIzLjk2LjEwMy40MSwsNjU1ZmE0OWY5ZmQyNGNhNDkzMTZmM2QzZmI1OTJlMDc%253D%26smReturn%3Dhttps%253A%252F%252Flist.tmall.com%252Fsearch_product.htm%253Ftype%253Dpc%2526totalPage%253D100%2526cat%253D50025135%2526sort%253Dd%2526style%253Dg%2526from%253Dsn_1_cat-qp%2526active%253D1%2526jumpto%253D10%26smSign%3DkepoeAO0ta%252BHi4smEVS81A%253D%253D> from <GET http://login.tmall.com/?from=sm&redirect_url=https%3A%2F%2Fsec.taobao.com%2Fquery.htm%3Faction%3DQueryAction%26event_submit_do_login%3Dok%26smApp%3Dtmallsearch%26smPolicy%3Dtmallsearch-product-anti_Spider-html-checklogin%26smCharset%3DGBK%26smTag%3DMjIzLjk2LjEwMy40MSwsNjU1ZmE0OWY5ZmQyNGNhNDkzMTZmM2QzZmI1OTJlMDc%253D%26smReturn%3Dhttps%253A%252F%252Flist.tmall.com%252Fsearch_product.htm%253Ftype%253Dpc%2526totalPage%253D100%2526cat%253D50025135%2526sort%253Dd%2526style%253Dg%2526from%253Dsn_1_cat-qp%2526active%253D1%2526jumpto%253D10%26smSign%3DkepoeAO0ta%252BHi4smEVS81A%253D%253D>
2017-08-21 21:10:46 [scrapy.core.engine] DEBUG: Crawled (200) <GET https://login.tmall.com/?from=sm&redirect_url=https%3A%2F%2Fsec.taobao.com%2Fquery.htm%3Faction%3DQueryAction%26event_submit_do_login%3Dok%26smApp%3Dtmallsearch%26smPolicy%3Dtmallsearch-product-anti_Spider-html-checklogin%26smCharset%3DGBK%26smTag%3DMjIzLjk2LjEwMy40MSwsNjU1ZmE0OWY5ZmQyNGNhNDkzMTZmM2QzZmI1OTJlMDc%253D%26smReturn%3Dhttps%253A%252F%252Flist.tmall.com%252Fsearch_product.htm%253Ftype%253Dpc%2526totalPage%253D100%2526cat%253D50025135%2526sort%253Dd%2526style%253Dg%2526from%253Dsn_1_cat-qp%2526active%253D1%2526jumpto%253D10%26smSign%3DkepoeAO0ta%252BHi4smEVS81A%253D%253D> (referer: None)
2017-08-21 21:10:47 [tm_goods] DEBUG: List Page error--https://login.tmall.com/?from=sm&redirect_url=https%3A%2F%2Fsec.taobao.com%2Fquery.htm%3Faction%3DQueryAction%26event_submit_do_login%3Dok%26smApp%3Dtmallsearch%26smPolicy%3Dtmallsearch-product-anti_Spider-html-checklogin%26smCharset%3DGBK%26smTag%3DMjIzLjk2LjEwMy40MSwsNjU1ZmE0OWY5ZmQyNGNhNDkzMTZmM2QzZmI1OTJlMDc%253D%26smReturn%3Dhttps%253A%252F%252Flist.tmall.com%252Fsearch_product.htm%253Ftype%253Dpc%2526totalPage%253D100%2526cat%253D50025135%2526sort%253Dd%2526style%253Dg%2526from%253Dsn_1_cat-qp%2526active%253D1%2526jumpto%253D10%26smSign%3DkepoeAO0ta%252BHi4smEVS81A%253D%253D
2017-08-21 21:10:47 [scrapy.core.engine] INFO: Closing spider (finished)
2017-08-21 21:10:47 [scrapy.statscollectors] INFO: Dumping Scrapy stats:
{'downloader/request_bytes': 4957,
 'downloader/request_count': 9,
 'downloader/request_method_count/GET': 9,
 'downloader/response_bytes': 12303,
 'downloader/response_count': 9,
 'downloader/response_status_count/200': 1,
 'downloader/response_status_count/301': 1,
 'downloader/response_status_count/302': 7,
 'finish_reason': 'finished',
 'finish_time': datetime.datetime(2017, 8, 21, 13, 10, 47, 58700),
 'log_count/DEBUG': 11,
 'log_count/INFO': 7,
 'log_count/WARNING': 1,
 'memusage/max': 54140928,
 'memusage/startup': 54140928,
 'response_received_count': 1,
 'scheduler/dequeued': 9,
 'scheduler/dequeued/memory': 9,
 'scheduler/enqueued': 9,
 'scheduler/enqueued/memory': 9,
 'start_time': datetime.datetime(2017, 8, 21, 13, 10, 45, 793517)}
2017-08-21 21:10:47 [scrapy.core.engine] INFO: Spider closed (finished)
2017-08-21 21:11:55 [scrapy.utils.log] INFO: Scrapy 1.4.0 started (bot: topgoods)
2017-08-21 21:11:55 [scrapy.utils.log] INFO: Overridden settings: {'NEWSPIDER_MODULE': 'topgoods.spiders', 'FEED_URI': 'results.csv', 'SPIDER_MODULES': ['topgoods.spiders'], 'BOT_NAME': 'topgoods', 'FEED_FORMAT': 'csv', 'LOG_FILE': 'scrapy.log'}
2017-08-21 21:11:55 [scrapy.middleware] INFO: Enabled extensions:
['scrapy.extensions.telnet.TelnetConsole',
 'scrapy.extensions.feedexport.FeedExporter',
 'scrapy.extensions.logstats.LogStats',
 'scrapy.extensions.corestats.CoreStats',
 'scrapy.extensions.memusage.MemoryUsage']
2017-08-21 21:11:55 [py.warnings] WARNING: /home/ubuntu/.local/lib/python3.5/site-packages/scrapy/utils/deprecate.py:156: ScrapyDeprecationWarning: `scrapy.contrib.downloadermiddleware.httpproxy.HttpProxyMiddleware` class is deprecated, use `scrapy.downloadermiddlewares.httpproxy.HttpProxyMiddleware` instead
  ScrapyDeprecationWarning)

2017-08-21 21:11:55 [scrapy.middleware] INFO: Enabled downloader middlewares:
['scrapy.downloadermiddlewares.httpauth.HttpAuthMiddleware',
 'scrapy.downloadermiddlewares.httpproxy.HttpProxyMiddleware',
 'scrapy.downloadermiddlewares.downloadtimeout.DownloadTimeoutMiddleware',
 'scrapy.downloadermiddlewares.defaultheaders.DefaultHeadersMiddleware',
 'scrapy.downloadermiddlewares.useragent.UserAgentMiddleware',
 'scrapy.downloadermiddlewares.retry.RetryMiddleware',
 'scrapy.downloadermiddlewares.redirect.MetaRefreshMiddleware',
 'scrapy.downloadermiddlewares.httpcompression.HttpCompressionMiddleware',
 'scrapy.downloadermiddlewares.redirect.RedirectMiddleware',
 'scrapy.downloadermiddlewares.cookies.CookiesMiddleware',
 'scrapy.downloadermiddlewares.stats.DownloaderStats']
2017-08-21 21:11:55 [scrapy.middleware] INFO: Enabled spider middlewares:
['scrapy.spidermiddlewares.httperror.HttpErrorMiddleware',
 'scrapy.spidermiddlewares.offsite.OffsiteMiddleware',
 'scrapy.spidermiddlewares.referer.RefererMiddleware',
 'scrapy.spidermiddlewares.urllength.UrlLengthMiddleware',
 'scrapy.spidermiddlewares.depth.DepthMiddleware']
2017-08-21 21:11:55 [scrapy.middleware] INFO: Enabled item pipelines:
['scrapy.pipelines.images.ImagesPipeline']
2017-08-21 21:11:55 [scrapy.core.engine] INFO: Spider opened
2017-08-21 21:11:55 [scrapy.extensions.logstats] INFO: Crawled 0 pages (at 0 pages/min), scraped 0 items (at 0 items/min)
2017-08-21 21:11:55 [scrapy.extensions.telnet] DEBUG: Telnet console listening on 127.0.0.1:6023
2017-08-21 21:11:55 [scrapy.downloadermiddlewares.redirect] DEBUG: Redirecting (301) to <GET https://list.tmall.com/search_product.htm?type=pc&totalPage=100&cat=50025135&sort=d&style=g&from=sn_1_cat-qp&active=1&jumpto=10> from <GET http://list.tmall.com/search_product.htm?type=pc&totalPage=100&cat=50025135&sort=d&style=g&from=sn_1_cat-qp&active=1&jumpto=10#J_Filter>
2017-08-21 21:11:55 [scrapy.downloadermiddlewares.redirect] DEBUG: Redirecting (302) to <GET https://login.taobao.com/jump?target=https%3A%2F%2Flist.tmall.com%2Fsearch_product.htm%3Ftbpm%3D1%26type%3Dpc%26totalPage%3D100%26cat%3D50025135%26sort%3Dd%26style%3Dg%26from%3Dsn_1_cat-qp%26active%3D1%26jumpto%3D10> from <GET https://list.tmall.com/search_product.htm?type=pc&totalPage=100&cat=50025135&sort=d&style=g&from=sn_1_cat-qp&active=1&jumpto=10>
2017-08-21 21:11:55 [scrapy.downloadermiddlewares.redirect] DEBUG: Redirecting (302) to <GET https://pass.tmall.com/add?cookie2=141889c8e8479a8be06c24be9ab73b17&t=4e5c67f8f8237aca360fcf324434e896&_tb_token_=f33e3757c5355&tmsc=1503321115431000&opi=11.131.221.52&pacc=Z8LMSbtnfJ-TgRV8WfstDA==&target=https%3A%2F%2Flist.tmall.com%2Fsearch_product.htm%3Ftbpm%3D1%26type%3Dpc%26totalPage%3D100%26cat%3D50025135%26sort%3Dd%26style%3Dg%26from%3Dsn_1_cat-qp%26active%3D1%26jumpto%3D10> from <GET https://login.taobao.com/jump?target=https%3A%2F%2Flist.tmall.com%2Fsearch_product.htm%3Ftbpm%3D1%26type%3Dpc%26totalPage%3D100%26cat%3D50025135%26sort%3Dd%26style%3Dg%26from%3Dsn_1_cat-qp%26active%3D1%26jumpto%3D10>
2017-08-21 21:11:55 [scrapy.downloadermiddlewares.redirect] DEBUG: Redirecting (302) to <GET https://list.tmall.com/search_product.htm?tbpm=1&type=pc&totalPage=100&cat=50025135&sort=d&style=g&from=sn_1_cat-qp&active=1&jumpto=10> from <GET https://pass.tmall.com/add?cookie2=141889c8e8479a8be06c24be9ab73b17&t=4e5c67f8f8237aca360fcf324434e896&_tb_token_=f33e3757c5355&tmsc=1503321115431000&opi=11.131.221.52&pacc=Z8LMSbtnfJ-TgRV8WfstDA==&target=https%3A%2F%2Flist.tmall.com%2Fsearch_product.htm%3Ftbpm%3D1%26type%3Dpc%26totalPage%3D100%26cat%3D50025135%26sort%3Dd%26style%3Dg%26from%3Dsn_1_cat-qp%26active%3D1%26jumpto%3D10>
2017-08-21 21:11:55 [scrapy.downloadermiddlewares.redirect] DEBUG: Redirecting (302) to <GET https://list.tmall.com/search_product.htm?type=pc&totalPage=100&cat=50025135&sort=d&style=g&from=sn_1_cat-qp&active=1&jumpto=10> from <GET https://list.tmall.com/search_product.htm?tbpm=1&type=pc&totalPage=100&cat=50025135&sort=d&style=g&from=sn_1_cat-qp&active=1&jumpto=10>
2017-08-21 21:11:55 [scrapy.downloadermiddlewares.redirect] DEBUG: Redirecting (302) to <GET https://sec.taobao.com/query.htm?smApp=tmallsearch&smPolicy=tmallsearch-product-anti_Spider-html-checklogin&smCharset=GBK&smTag=MjIzLjk2LjEwMy40MSwsZGMwMDE3OGQzZDU3NDI3ZThhMDE1OTc4NTEzYTgxZGM%3D&smReturn=https%3A%2F%2Flist.tmall.com%2Fsearch_product.htm%3Ftype%3Dpc%26totalPage%3D100%26cat%3D50025135%26sort%3Dd%26style%3Dg%26from%3Dsn_1_cat-qp%26active%3D1%26jumpto%3D10&smSign=FQXa5EUAWy1GnbeAL%2B%2BU%2Bg%3D%3D> from <GET https://list.tmall.com/search_product.htm?type=pc&totalPage=100&cat=50025135&sort=d&style=g&from=sn_1_cat-qp&active=1&jumpto=10>
2017-08-21 21:11:55 [scrapy.downloadermiddlewares.redirect] DEBUG: Redirecting (302) to <GET http://login.tmall.com/?from=sm&redirect_url=https%3A%2F%2Fsec.taobao.com%2Fquery.htm%3Faction%3DQueryAction%26event_submit_do_login%3Dok%26smApp%3Dtmallsearch%26smPolicy%3Dtmallsearch-product-anti_Spider-html-checklogin%26smCharset%3DGBK%26smTag%3DMjIzLjk2LjEwMy40MSwsZGMwMDE3OGQzZDU3NDI3ZThhMDE1OTc4NTEzYTgxZGM%253D%26smReturn%3Dhttps%253A%252F%252Flist.tmall.com%252Fsearch_product.htm%253Ftype%253Dpc%2526totalPage%253D100%2526cat%253D50025135%2526sort%253Dd%2526style%253Dg%2526from%253Dsn_1_cat-qp%2526active%253D1%2526jumpto%253D10%26smSign%3DFQXa5EUAWy1GnbeAL%252B%252BU%252Bg%253D%253D> from <GET https://sec.taobao.com/query.htm?smApp=tmallsearch&smPolicy=tmallsearch-product-anti_Spider-html-checklogin&smCharset=GBK&smTag=MjIzLjk2LjEwMy40MSwsZGMwMDE3OGQzZDU3NDI3ZThhMDE1OTc4NTEzYTgxZGM%3D&smReturn=https%3A%2F%2Flist.tmall.com%2Fsearch_product.htm%3Ftype%3Dpc%26totalPage%3D100%26cat%3D50025135%26sort%3Dd%26style%3Dg%26from%3Dsn_1_cat-qp%26active%3D1%26jumpto%3D10&smSign=FQXa5EUAWy1GnbeAL%2B%2BU%2Bg%3D%3D>
2017-08-21 21:11:55 [scrapy.downloadermiddlewares.redirect] DEBUG: Redirecting (302) to <GET https://login.tmall.com/?from=sm&redirect_url=https%3A%2F%2Fsec.taobao.com%2Fquery.htm%3Faction%3DQueryAction%26event_submit_do_login%3Dok%26smApp%3Dtmallsearch%26smPolicy%3Dtmallsearch-product-anti_Spider-html-checklogin%26smCharset%3DGBK%26smTag%3DMjIzLjk2LjEwMy40MSwsZGMwMDE3OGQzZDU3NDI3ZThhMDE1OTc4NTEzYTgxZGM%253D%26smReturn%3Dhttps%253A%252F%252Flist.tmall.com%252Fsearch_product.htm%253Ftype%253Dpc%2526totalPage%253D100%2526cat%253D50025135%2526sort%253Dd%2526style%253Dg%2526from%253Dsn_1_cat-qp%2526active%253D1%2526jumpto%253D10%26smSign%3DFQXa5EUAWy1GnbeAL%252B%252BU%252Bg%253D%253D> from <GET http://login.tmall.com/?from=sm&redirect_url=https%3A%2F%2Fsec.taobao.com%2Fquery.htm%3Faction%3DQueryAction%26event_submit_do_login%3Dok%26smApp%3Dtmallsearch%26smPolicy%3Dtmallsearch-product-anti_Spider-html-checklogin%26smCharset%3DGBK%26smTag%3DMjIzLjk2LjEwMy40MSwsZGMwMDE3OGQzZDU3NDI3ZThhMDE1OTc4NTEzYTgxZGM%253D%26smReturn%3Dhttps%253A%252F%252Flist.tmall.com%252Fsearch_product.htm%253Ftype%253Dpc%2526totalPage%253D100%2526cat%253D50025135%2526sort%253Dd%2526style%253Dg%2526from%253Dsn_1_cat-qp%2526active%253D1%2526jumpto%253D10%26smSign%3DFQXa5EUAWy1GnbeAL%252B%252BU%252Bg%253D%253D>
2017-08-21 21:11:55 [scrapy.core.engine] DEBUG: Crawled (200) <GET https://login.tmall.com/?from=sm&redirect_url=https%3A%2F%2Fsec.taobao.com%2Fquery.htm%3Faction%3DQueryAction%26event_submit_do_login%3Dok%26smApp%3Dtmallsearch%26smPolicy%3Dtmallsearch-product-anti_Spider-html-checklogin%26smCharset%3DGBK%26smTag%3DMjIzLjk2LjEwMy40MSwsZGMwMDE3OGQzZDU3NDI3ZThhMDE1OTc4NTEzYTgxZGM%253D%26smReturn%3Dhttps%253A%252F%252Flist.tmall.com%252Fsearch_product.htm%253Ftype%253Dpc%2526totalPage%253D100%2526cat%253D50025135%2526sort%253Dd%2526style%253Dg%2526from%253Dsn_1_cat-qp%2526active%253D1%2526jumpto%253D10%26smSign%3DFQXa5EUAWy1GnbeAL%252B%252BU%252Bg%253D%253D> (referer: None)
2017-08-21 21:11:56 [tm_goods] DEBUG: List Page error--https://login.tmall.com/?from=sm&redirect_url=https%3A%2F%2Fsec.taobao.com%2Fquery.htm%3Faction%3DQueryAction%26event_submit_do_login%3Dok%26smApp%3Dtmallsearch%26smPolicy%3Dtmallsearch-product-anti_Spider-html-checklogin%26smCharset%3DGBK%26smTag%3DMjIzLjk2LjEwMy40MSwsZGMwMDE3OGQzZDU3NDI3ZThhMDE1OTc4NTEzYTgxZGM%253D%26smReturn%3Dhttps%253A%252F%252Flist.tmall.com%252Fsearch_product.htm%253Ftype%253Dpc%2526totalPage%253D100%2526cat%253D50025135%2526sort%253Dd%2526style%253Dg%2526from%253Dsn_1_cat-qp%2526active%253D1%2526jumpto%253D10%26smSign%3DFQXa5EUAWy1GnbeAL%252B%252BU%252Bg%253D%253D
2017-08-21 21:11:56 [scrapy.core.engine] INFO: Closing spider (finished)
2017-08-21 21:11:56 [scrapy.statscollectors] INFO: Dumping Scrapy stats:
{'downloader/request_bytes': 4977,
 'downloader/request_count': 9,
 'downloader/request_method_count/GET': 9,
 'downloader/response_bytes': 12320,
 'downloader/response_count': 9,
 'downloader/response_status_count/200': 1,
 'downloader/response_status_count/301': 1,
 'downloader/response_status_count/302': 7,
 'finish_reason': 'finished',
 'finish_time': datetime.datetime(2017, 8, 21, 13, 11, 56, 94131),
 'log_count/DEBUG': 11,
 'log_count/INFO': 7,
 'log_count/WARNING': 1,
 'memusage/max': 54771712,
 'memusage/startup': 54771712,
 'response_received_count': 1,
 'scheduler/dequeued': 9,
 'scheduler/dequeued/memory': 9,
 'scheduler/enqueued': 9,
 'scheduler/enqueued/memory': 9,
 'start_time': datetime.datetime(2017, 8, 21, 13, 11, 55, 88547)}
2017-08-21 21:11:56 [scrapy.core.engine] INFO: Spider closed (finished)
2017-08-21 21:19:49 [scrapy.utils.log] INFO: Scrapy 1.4.0 started (bot: topgoods)
2017-08-21 21:19:49 [scrapy.utils.log] INFO: Overridden settings: {'LOG_FILE': 'scrapy.log', 'NEWSPIDER_MODULE': 'topgoods.spiders', 'SPIDER_MODULES': ['topgoods.spiders'], 'FEED_FORMAT': 'csv', 'BOT_NAME': 'topgoods', 'FEED_URI': 'results.csv'}
2017-08-21 21:19:49 [scrapy.middleware] INFO: Enabled extensions:
['scrapy.extensions.logstats.LogStats',
 'scrapy.extensions.feedexport.FeedExporter',
 'scrapy.extensions.telnet.TelnetConsole',
 'scrapy.extensions.corestats.CoreStats',
 'scrapy.extensions.memusage.MemoryUsage']
2017-08-21 21:19:49 [py.warnings] WARNING: /home/ubuntu/.local/lib/python3.5/site-packages/scrapy/utils/deprecate.py:156: ScrapyDeprecationWarning: `scrapy.contrib.downloadermiddleware.httpproxy.HttpProxyMiddleware` class is deprecated, use `scrapy.downloadermiddlewares.httpproxy.HttpProxyMiddleware` instead
  ScrapyDeprecationWarning)

2017-08-21 21:19:49 [scrapy.middleware] INFO: Enabled downloader middlewares:
['scrapy.downloadermiddlewares.httpauth.HttpAuthMiddleware',
 'scrapy.downloadermiddlewares.httpproxy.HttpProxyMiddleware',
 'scrapy.downloadermiddlewares.downloadtimeout.DownloadTimeoutMiddleware',
 'scrapy.downloadermiddlewares.defaultheaders.DefaultHeadersMiddleware',
 'scrapy.downloadermiddlewares.useragent.UserAgentMiddleware',
 'scrapy.downloadermiddlewares.retry.RetryMiddleware',
 'scrapy.downloadermiddlewares.redirect.MetaRefreshMiddleware',
 'scrapy.downloadermiddlewares.httpcompression.HttpCompressionMiddleware',
 'scrapy.downloadermiddlewares.redirect.RedirectMiddleware',
 'scrapy.downloadermiddlewares.cookies.CookiesMiddleware',
 'scrapy.downloadermiddlewares.stats.DownloaderStats']
2017-08-21 21:19:49 [scrapy.middleware] INFO: Enabled spider middlewares:
['scrapy.spidermiddlewares.httperror.HttpErrorMiddleware',
 'scrapy.spidermiddlewares.offsite.OffsiteMiddleware',
 'scrapy.spidermiddlewares.referer.RefererMiddleware',
 'scrapy.spidermiddlewares.urllength.UrlLengthMiddleware',
 'scrapy.spidermiddlewares.depth.DepthMiddleware']
2017-08-21 21:19:49 [scrapy.middleware] INFO: Enabled item pipelines:
['scrapy.pipelines.images.ImagesPipeline']
2017-08-21 21:19:49 [scrapy.core.engine] INFO: Spider opened
2017-08-21 21:19:49 [scrapy.extensions.logstats] INFO: Crawled 0 pages (at 0 pages/min), scraped 0 items (at 0 items/min)
2017-08-21 21:19:49 [scrapy.extensions.telnet] DEBUG: Telnet console listening on 127.0.0.1:6023
2017-08-21 21:19:49 [scrapy.downloadermiddlewares.redirect] DEBUG: Redirecting (301) to <GET https://list.tmall.com/search_product.htm?type=pc&totalPage=100&cat=50025135&sort=d&style=g&from=sn_1_cat-qp&active=1&jumpto=10> from <GET http://list.tmall.com/search_product.htm?type=pc&totalPage=100&cat=50025135&sort=d&style=g&from=sn_1_cat-qp&active=1&jumpto=10#J_Filter>
2017-08-21 21:19:49 [scrapy.downloadermiddlewares.redirect] DEBUG: Redirecting (302) to <GET https://login.taobao.com/jump?target=https%3A%2F%2Flist.tmall.com%2Fsearch_product.htm%3Ftbpm%3D1%26type%3Dpc%26totalPage%3D100%26cat%3D50025135%26sort%3Dd%26style%3Dg%26from%3Dsn_1_cat-qp%26active%3D1%26jumpto%3D10> from <GET https://list.tmall.com/search_product.htm?type=pc&totalPage=100&cat=50025135&sort=d&style=g&from=sn_1_cat-qp&active=1&jumpto=10>
2017-08-21 21:19:49 [scrapy.downloadermiddlewares.redirect] DEBUG: Redirecting (302) to <GET https://pass.tmall.com/add?cookie2=1b5d26222379164372f30230fb26cb64&t=461be3b1939499299c8c73dabde8b093&_tb_token_=5700e33fb5a68&tmsc=1503321589541000&opi=10.103.188.132&pacc=f8cq9iUtowxtfgw-xjdd1A==&target=https%3A%2F%2Flist.tmall.com%2Fsearch_product.htm%3Ftbpm%3D1%26type%3Dpc%26totalPage%3D100%26cat%3D50025135%26sort%3Dd%26style%3Dg%26from%3Dsn_1_cat-qp%26active%3D1%26jumpto%3D10> from <GET https://login.taobao.com/jump?target=https%3A%2F%2Flist.tmall.com%2Fsearch_product.htm%3Ftbpm%3D1%26type%3Dpc%26totalPage%3D100%26cat%3D50025135%26sort%3Dd%26style%3Dg%26from%3Dsn_1_cat-qp%26active%3D1%26jumpto%3D10>
2017-08-21 21:19:49 [scrapy.downloadermiddlewares.redirect] DEBUG: Redirecting (302) to <GET https://list.tmall.com/search_product.htm?tbpm=1&type=pc&totalPage=100&cat=50025135&sort=d&style=g&from=sn_1_cat-qp&active=1&jumpto=10> from <GET https://pass.tmall.com/add?cookie2=1b5d26222379164372f30230fb26cb64&t=461be3b1939499299c8c73dabde8b093&_tb_token_=5700e33fb5a68&tmsc=1503321589541000&opi=10.103.188.132&pacc=f8cq9iUtowxtfgw-xjdd1A==&target=https%3A%2F%2Flist.tmall.com%2Fsearch_product.htm%3Ftbpm%3D1%26type%3Dpc%26totalPage%3D100%26cat%3D50025135%26sort%3Dd%26style%3Dg%26from%3Dsn_1_cat-qp%26active%3D1%26jumpto%3D10>
2017-08-21 21:19:49 [scrapy.downloadermiddlewares.redirect] DEBUG: Redirecting (302) to <GET https://list.tmall.com/search_product.htm?type=pc&totalPage=100&cat=50025135&sort=d&style=g&from=sn_1_cat-qp&active=1&jumpto=10> from <GET https://list.tmall.com/search_product.htm?tbpm=1&type=pc&totalPage=100&cat=50025135&sort=d&style=g&from=sn_1_cat-qp&active=1&jumpto=10>
2017-08-21 21:19:49 [scrapy.downloadermiddlewares.redirect] DEBUG: Redirecting (302) to <GET https://sec.taobao.com/query.htm?smApp=tmallsearch&smPolicy=tmallsearch-product-anti_Spider-html-checklogin&smCharset=GBK&smTag=MjIzLjk2LjEwMy40MSwsNTY4YzVmMDFmN2Y2NDk3OGE1MzJjYWQ5Yzc5ZjJhMmM%3D&smReturn=https%3A%2F%2Flist.tmall.com%2Fsearch_product.htm%3Ftype%3Dpc%26totalPage%3D100%26cat%3D50025135%26sort%3Dd%26style%3Dg%26from%3Dsn_1_cat-qp%26active%3D1%26jumpto%3D10&smSign=gWik%2BvFCSbawojs5XdEDOw%3D%3D> from <GET https://list.tmall.com/search_product.htm?type=pc&totalPage=100&cat=50025135&sort=d&style=g&from=sn_1_cat-qp&active=1&jumpto=10>
2017-08-21 21:19:49 [scrapy.downloadermiddlewares.redirect] DEBUG: Redirecting (302) to <GET http://login.tmall.com/?from=sm&redirect_url=https%3A%2F%2Fsec.taobao.com%2Fquery.htm%3Faction%3DQueryAction%26event_submit_do_login%3Dok%26smApp%3Dtmallsearch%26smPolicy%3Dtmallsearch-product-anti_Spider-html-checklogin%26smCharset%3DGBK%26smTag%3DMjIzLjk2LjEwMy40MSwsNTY4YzVmMDFmN2Y2NDk3OGE1MzJjYWQ5Yzc5ZjJhMmM%253D%26smReturn%3Dhttps%253A%252F%252Flist.tmall.com%252Fsearch_product.htm%253Ftype%253Dpc%2526totalPage%253D100%2526cat%253D50025135%2526sort%253Dd%2526style%253Dg%2526from%253Dsn_1_cat-qp%2526active%253D1%2526jumpto%253D10%26smSign%3DgWik%252BvFCSbawojs5XdEDOw%253D%253D> from <GET https://sec.taobao.com/query.htm?smApp=tmallsearch&smPolicy=tmallsearch-product-anti_Spider-html-checklogin&smCharset=GBK&smTag=MjIzLjk2LjEwMy40MSwsNTY4YzVmMDFmN2Y2NDk3OGE1MzJjYWQ5Yzc5ZjJhMmM%3D&smReturn=https%3A%2F%2Flist.tmall.com%2Fsearch_product.htm%3Ftype%3Dpc%26totalPage%3D100%26cat%3D50025135%26sort%3Dd%26style%3Dg%26from%3Dsn_1_cat-qp%26active%3D1%26jumpto%3D10&smSign=gWik%2BvFCSbawojs5XdEDOw%3D%3D>
2017-08-21 21:19:49 [scrapy.downloadermiddlewares.redirect] DEBUG: Redirecting (302) to <GET https://login.tmall.com/?from=sm&redirect_url=https%3A%2F%2Fsec.taobao.com%2Fquery.htm%3Faction%3DQueryAction%26event_submit_do_login%3Dok%26smApp%3Dtmallsearch%26smPolicy%3Dtmallsearch-product-anti_Spider-html-checklogin%26smCharset%3DGBK%26smTag%3DMjIzLjk2LjEwMy40MSwsNTY4YzVmMDFmN2Y2NDk3OGE1MzJjYWQ5Yzc5ZjJhMmM%253D%26smReturn%3Dhttps%253A%252F%252Flist.tmall.com%252Fsearch_product.htm%253Ftype%253Dpc%2526totalPage%253D100%2526cat%253D50025135%2526sort%253Dd%2526style%253Dg%2526from%253Dsn_1_cat-qp%2526active%253D1%2526jumpto%253D10%26smSign%3DgWik%252BvFCSbawojs5XdEDOw%253D%253D> from <GET http://login.tmall.com/?from=sm&redirect_url=https%3A%2F%2Fsec.taobao.com%2Fquery.htm%3Faction%3DQueryAction%26event_submit_do_login%3Dok%26smApp%3Dtmallsearch%26smPolicy%3Dtmallsearch-product-anti_Spider-html-checklogin%26smCharset%3DGBK%26smTag%3DMjIzLjk2LjEwMy40MSwsNTY4YzVmMDFmN2Y2NDk3OGE1MzJjYWQ5Yzc5ZjJhMmM%253D%26smReturn%3Dhttps%253A%252F%252Flist.tmall.com%252Fsearch_product.htm%253Ftype%253Dpc%2526totalPage%253D100%2526cat%253D50025135%2526sort%253Dd%2526style%253Dg%2526from%253Dsn_1_cat-qp%2526active%253D1%2526jumpto%253D10%26smSign%3DgWik%252BvFCSbawojs5XdEDOw%253D%253D>
2017-08-21 21:19:50 [scrapy.core.engine] DEBUG: Crawled (200) <GET https://login.tmall.com/?from=sm&redirect_url=https%3A%2F%2Fsec.taobao.com%2Fquery.htm%3Faction%3DQueryAction%26event_submit_do_login%3Dok%26smApp%3Dtmallsearch%26smPolicy%3Dtmallsearch-product-anti_Spider-html-checklogin%26smCharset%3DGBK%26smTag%3DMjIzLjk2LjEwMy40MSwsNTY4YzVmMDFmN2Y2NDk3OGE1MzJjYWQ5Yzc5ZjJhMmM%253D%26smReturn%3Dhttps%253A%252F%252Flist.tmall.com%252Fsearch_product.htm%253Ftype%253Dpc%2526totalPage%253D100%2526cat%253D50025135%2526sort%253Dd%2526style%253Dg%2526from%253Dsn_1_cat-qp%2526active%253D1%2526jumpto%253D10%26smSign%3DgWik%252BvFCSbawojs5XdEDOw%253D%253D> (referer: None)
2017-08-21 21:19:50 [tm_goods] DEBUG: List Page error--https://login.tmall.com/?from=sm&redirect_url=https%3A%2F%2Fsec.taobao.com%2Fquery.htm%3Faction%3DQueryAction%26event_submit_do_login%3Dok%26smApp%3Dtmallsearch%26smPolicy%3Dtmallsearch-product-anti_Spider-html-checklogin%26smCharset%3DGBK%26smTag%3DMjIzLjk2LjEwMy40MSwsNTY4YzVmMDFmN2Y2NDk3OGE1MzJjYWQ5Yzc5ZjJhMmM%253D%26smReturn%3Dhttps%253A%252F%252Flist.tmall.com%252Fsearch_product.htm%253Ftype%253Dpc%2526totalPage%253D100%2526cat%253D50025135%2526sort%253Dd%2526style%253Dg%2526from%253Dsn_1_cat-qp%2526active%253D1%2526jumpto%253D10%26smSign%3DgWik%252BvFCSbawojs5XdEDOw%253D%253D
2017-08-21 21:19:50 [scrapy.core.engine] INFO: Closing spider (finished)
2017-08-21 21:19:50 [scrapy.statscollectors] INFO: Dumping Scrapy stats:
{'downloader/request_bytes': 4958,
 'downloader/request_count': 9,
 'downloader/request_method_count/GET': 9,
 'downloader/response_bytes': 12300,
 'downloader/response_count': 9,
 'downloader/response_status_count/200': 1,
 'downloader/response_status_count/301': 1,
 'downloader/response_status_count/302': 7,
 'finish_reason': 'finished',
 'finish_time': datetime.datetime(2017, 8, 21, 13, 19, 50, 168947),
 'log_count/DEBUG': 11,
 'log_count/INFO': 7,
 'log_count/WARNING': 1,
 'memusage/max': 663105536,
 'memusage/startup': 663105536,
 'response_received_count': 1,
 'scheduler/dequeued': 9,
 'scheduler/dequeued/memory': 9,
 'scheduler/enqueued': 9,
 'scheduler/enqueued/memory': 9,
 'start_time': datetime.datetime(2017, 8, 21, 13, 19, 49, 86522)}
2017-08-21 21:19:50 [scrapy.core.engine] INFO: Spider closed (finished)
2017-08-21 21:20:16 [scrapy.utils.log] INFO: Scrapy 1.4.0 started (bot: topgoods)
2017-08-21 21:20:16 [scrapy.utils.log] INFO: Overridden settings: {'FEED_FORMAT': 'csv', 'NEWSPIDER_MODULE': 'topgoods.spiders', 'BOT_NAME': 'topgoods', 'SPIDER_MODULES': ['topgoods.spiders'], 'FEED_URI': 'results.csv', 'LOG_FILE': 'scrapy.log'}
2017-08-21 21:20:16 [scrapy.middleware] INFO: Enabled extensions:
['scrapy.extensions.corestats.CoreStats',
 'scrapy.extensions.memusage.MemoryUsage',
 'scrapy.extensions.feedexport.FeedExporter',
 'scrapy.extensions.logstats.LogStats',
 'scrapy.extensions.telnet.TelnetConsole']
2017-08-21 21:20:16 [py.warnings] WARNING: /home/ubuntu/.local/lib/python3.5/site-packages/scrapy/utils/deprecate.py:156: ScrapyDeprecationWarning: `scrapy.contrib.downloadermiddleware.httpproxy.HttpProxyMiddleware` class is deprecated, use `scrapy.downloadermiddlewares.httpproxy.HttpProxyMiddleware` instead
  ScrapyDeprecationWarning)

2017-08-21 21:20:16 [scrapy.middleware] INFO: Enabled downloader middlewares:
['scrapy.downloadermiddlewares.httpauth.HttpAuthMiddleware',
 'scrapy.downloadermiddlewares.httpproxy.HttpProxyMiddleware',
 'scrapy.downloadermiddlewares.downloadtimeout.DownloadTimeoutMiddleware',
 'scrapy.downloadermiddlewares.defaultheaders.DefaultHeadersMiddleware',
 'scrapy.downloadermiddlewares.useragent.UserAgentMiddleware',
 'scrapy.downloadermiddlewares.retry.RetryMiddleware',
 'scrapy.downloadermiddlewares.redirect.MetaRefreshMiddleware',
 'scrapy.downloadermiddlewares.httpcompression.HttpCompressionMiddleware',
 'scrapy.downloadermiddlewares.redirect.RedirectMiddleware',
 'scrapy.downloadermiddlewares.cookies.CookiesMiddleware',
 'scrapy.downloadermiddlewares.stats.DownloaderStats']
2017-08-21 21:20:16 [scrapy.middleware] INFO: Enabled spider middlewares:
['scrapy.spidermiddlewares.httperror.HttpErrorMiddleware',
 'scrapy.spidermiddlewares.offsite.OffsiteMiddleware',
 'scrapy.spidermiddlewares.referer.RefererMiddleware',
 'scrapy.spidermiddlewares.urllength.UrlLengthMiddleware',
 'scrapy.spidermiddlewares.depth.DepthMiddleware']
2017-08-21 21:20:16 [scrapy.middleware] INFO: Enabled item pipelines:
['scrapy.pipelines.images.ImagesPipeline']
2017-08-21 21:20:16 [scrapy.core.engine] INFO: Spider opened
2017-08-21 21:20:16 [scrapy.extensions.logstats] INFO: Crawled 0 pages (at 0 pages/min), scraped 0 items (at 0 items/min)
2017-08-21 21:20:16 [scrapy.extensions.telnet] DEBUG: Telnet console listening on 127.0.0.1:6023
2017-08-21 21:20:16 [scrapy.core.engine] ERROR: Error while obtaining start requests
Traceback (most recent call last):
  File "/home/ubuntu/.local/lib/python3.5/site-packages/scrapy/core/engine.py", line 127, in _next_request
    request = next(slot.start_requests)
  File "/home/ubuntu/.local/lib/python3.5/site-packages/scrapy/spiders/__init__.py", line 83, in start_requests
    yield Request(url, dont_filter=True)
  File "/home/ubuntu/.local/lib/python3.5/site-packages/scrapy/http/request/__init__.py", line 25, in __init__
    self._set_url(url)
  File "/home/ubuntu/.local/lib/python3.5/site-packages/scrapy/http/request/__init__.py", line 58, in _set_url
    raise ValueError('Missing scheme in request url: %s' % self._url)
ValueError: Missing scheme in request url: h
2017-08-21 21:20:16 [scrapy.core.engine] INFO: Closing spider (finished)
2017-08-21 21:20:16 [scrapy.statscollectors] INFO: Dumping Scrapy stats:
{'finish_reason': 'finished',
 'finish_time': datetime.datetime(2017, 8, 21, 13, 20, 16, 529094),
 'log_count/DEBUG': 1,
 'log_count/ERROR': 1,
 'log_count/INFO': 7,
 'log_count/WARNING': 1,
 'memusage/max': 676671488,
 'memusage/startup': 676671488,
 'start_time': datetime.datetime(2017, 8, 21, 13, 20, 16, 519448)}
2017-08-21 21:20:16 [scrapy.core.engine] INFO: Spider closed (finished)
2017-08-21 21:21:36 [scrapy.utils.log] INFO: Scrapy 1.4.0 started (bot: topgoods)
2017-08-21 21:21:36 [scrapy.utils.log] INFO: Overridden settings: {'SPIDER_MODULES': ['topgoods.spiders'], 'BOT_NAME': 'topgoods', 'FEED_URI': 'results.csv', 'LOG_FILE': 'scrapy.log', 'NEWSPIDER_MODULE': 'topgoods.spiders', 'FEED_FORMAT': 'csv'}
2017-08-21 21:21:36 [scrapy.middleware] INFO: Enabled extensions:
['scrapy.extensions.feedexport.FeedExporter',
 'scrapy.extensions.telnet.TelnetConsole',
 'scrapy.extensions.logstats.LogStats',
 'scrapy.extensions.corestats.CoreStats',
 'scrapy.extensions.memusage.MemoryUsage']
2017-08-21 21:21:36 [py.warnings] WARNING: /home/ubuntu/.local/lib/python3.5/site-packages/scrapy/utils/deprecate.py:156: ScrapyDeprecationWarning: `scrapy.contrib.downloadermiddleware.httpproxy.HttpProxyMiddleware` class is deprecated, use `scrapy.downloadermiddlewares.httpproxy.HttpProxyMiddleware` instead
  ScrapyDeprecationWarning)

2017-08-21 21:21:36 [scrapy.middleware] INFO: Enabled downloader middlewares:
['scrapy.downloadermiddlewares.httpauth.HttpAuthMiddleware',
 'scrapy.downloadermiddlewares.httpproxy.HttpProxyMiddleware',
 'scrapy.downloadermiddlewares.downloadtimeout.DownloadTimeoutMiddleware',
 'scrapy.downloadermiddlewares.defaultheaders.DefaultHeadersMiddleware',
 'scrapy.downloadermiddlewares.useragent.UserAgentMiddleware',
 'scrapy.downloadermiddlewares.retry.RetryMiddleware',
 'scrapy.downloadermiddlewares.redirect.MetaRefreshMiddleware',
 'scrapy.downloadermiddlewares.httpcompression.HttpCompressionMiddleware',
 'scrapy.downloadermiddlewares.redirect.RedirectMiddleware',
 'scrapy.downloadermiddlewares.cookies.CookiesMiddleware',
 'scrapy.downloadermiddlewares.stats.DownloaderStats']
2017-08-21 21:21:36 [scrapy.middleware] INFO: Enabled spider middlewares:
['scrapy.spidermiddlewares.httperror.HttpErrorMiddleware',
 'scrapy.spidermiddlewares.offsite.OffsiteMiddleware',
 'scrapy.spidermiddlewares.referer.RefererMiddleware',
 'scrapy.spidermiddlewares.urllength.UrlLengthMiddleware',
 'scrapy.spidermiddlewares.depth.DepthMiddleware']
2017-08-21 21:21:36 [scrapy.middleware] INFO: Enabled item pipelines:
['scrapy.pipelines.images.ImagesPipeline']
2017-08-21 21:21:36 [scrapy.core.engine] INFO: Spider opened
2017-08-21 21:21:36 [scrapy.extensions.logstats] INFO: Crawled 0 pages (at 0 pages/min), scraped 0 items (at 0 items/min)
2017-08-21 21:21:36 [scrapy.extensions.telnet] DEBUG: Telnet console listening on 127.0.0.1:6023
2017-08-21 21:21:36 [scrapy.core.engine] ERROR: Error while obtaining start requests
Traceback (most recent call last):
  File "/home/ubuntu/.local/lib/python3.5/site-packages/scrapy/core/engine.py", line 127, in _next_request
    request = next(slot.start_requests)
  File "/home/ubuntu/.local/lib/python3.5/site-packages/scrapy/spiders/__init__.py", line 83, in start_requests
    yield Request(url, dont_filter=True)
  File "/home/ubuntu/.local/lib/python3.5/site-packages/scrapy/http/request/__init__.py", line 25, in __init__
    self._set_url(url)
  File "/home/ubuntu/.local/lib/python3.5/site-packages/scrapy/http/request/__init__.py", line 58, in _set_url
    raise ValueError('Missing scheme in request url: %s' % self._url)
ValueError: Missing scheme in request url: f
2017-08-21 21:21:36 [scrapy.core.engine] INFO: Closing spider (finished)
2017-08-21 21:21:36 [scrapy.statscollectors] INFO: Dumping Scrapy stats:
{'finish_reason': 'finished',
 'finish_time': datetime.datetime(2017, 8, 21, 13, 21, 36, 477115),
 'log_count/DEBUG': 1,
 'log_count/ERROR': 1,
 'log_count/INFO': 7,
 'log_count/WARNING': 1,
 'memusage/max': 686202880,
 'memusage/startup': 686202880,
 'start_time': datetime.datetime(2017, 8, 21, 13, 21, 36, 473080)}
2017-08-21 21:21:36 [scrapy.core.engine] INFO: Spider closed (finished)
2017-08-21 21:22:07 [scrapy.utils.log] INFO: Scrapy 1.4.0 started (bot: topgoods)
2017-08-21 21:22:07 [scrapy.utils.log] INFO: Overridden settings: {'LOG_FILE': 'scrapy.log', 'NEWSPIDER_MODULE': 'topgoods.spiders', 'FEED_URI': 'results.csv', 'FEED_FORMAT': 'csv', 'BOT_NAME': 'topgoods', 'SPIDER_MODULES': ['topgoods.spiders']}
2017-08-21 21:22:07 [scrapy.middleware] INFO: Enabled extensions:
['scrapy.extensions.logstats.LogStats',
 'scrapy.extensions.corestats.CoreStats',
 'scrapy.extensions.feedexport.FeedExporter',
 'scrapy.extensions.memusage.MemoryUsage',
 'scrapy.extensions.telnet.TelnetConsole']
2017-08-21 21:22:07 [py.warnings] WARNING: /home/ubuntu/.local/lib/python3.5/site-packages/scrapy/utils/deprecate.py:156: ScrapyDeprecationWarning: `scrapy.contrib.downloadermiddleware.httpproxy.HttpProxyMiddleware` class is deprecated, use `scrapy.downloadermiddlewares.httpproxy.HttpProxyMiddleware` instead
  ScrapyDeprecationWarning)

2017-08-21 21:22:07 [scrapy.middleware] INFO: Enabled downloader middlewares:
['scrapy.downloadermiddlewares.httpauth.HttpAuthMiddleware',
 'scrapy.downloadermiddlewares.httpproxy.HttpProxyMiddleware',
 'scrapy.downloadermiddlewares.downloadtimeout.DownloadTimeoutMiddleware',
 'scrapy.downloadermiddlewares.defaultheaders.DefaultHeadersMiddleware',
 'scrapy.downloadermiddlewares.useragent.UserAgentMiddleware',
 'scrapy.downloadermiddlewares.retry.RetryMiddleware',
 'scrapy.downloadermiddlewares.redirect.MetaRefreshMiddleware',
 'scrapy.downloadermiddlewares.httpcompression.HttpCompressionMiddleware',
 'scrapy.downloadermiddlewares.redirect.RedirectMiddleware',
 'scrapy.downloadermiddlewares.cookies.CookiesMiddleware',
 'scrapy.downloadermiddlewares.stats.DownloaderStats']
2017-08-21 21:22:07 [scrapy.middleware] INFO: Enabled spider middlewares:
['scrapy.spidermiddlewares.httperror.HttpErrorMiddleware',
 'scrapy.spidermiddlewares.offsite.OffsiteMiddleware',
 'scrapy.spidermiddlewares.referer.RefererMiddleware',
 'scrapy.spidermiddlewares.urllength.UrlLengthMiddleware',
 'scrapy.spidermiddlewares.depth.DepthMiddleware']
2017-08-21 21:22:07 [scrapy.middleware] INFO: Enabled item pipelines:
['scrapy.pipelines.images.ImagesPipeline']
2017-08-21 21:22:07 [scrapy.core.engine] INFO: Spider opened
2017-08-21 21:22:07 [scrapy.extensions.logstats] INFO: Crawled 0 pages (at 0 pages/min), scraped 0 items (at 0 items/min)
2017-08-21 21:22:07 [scrapy.extensions.telnet] DEBUG: Telnet console listening on 127.0.0.1:6023
2017-08-21 21:22:07 [scrapy.core.engine] ERROR: Error while obtaining start requests
Traceback (most recent call last):
  File "/home/ubuntu/.local/lib/python3.5/site-packages/scrapy/core/engine.py", line 127, in _next_request
    request = next(slot.start_requests)
  File "/home/ubuntu/.local/lib/python3.5/site-packages/scrapy/spiders/__init__.py", line 83, in start_requests
    yield Request(url, dont_filter=True)
  File "/home/ubuntu/.local/lib/python3.5/site-packages/scrapy/http/request/__init__.py", line 25, in __init__
    self._set_url(url)
  File "/home/ubuntu/.local/lib/python3.5/site-packages/scrapy/http/request/__init__.py", line 58, in _set_url
    raise ValueError('Missing scheme in request url: %s' % self._url)
ValueError: Missing scheme in request url: f
2017-08-21 21:22:07 [scrapy.core.engine] INFO: Closing spider (finished)
2017-08-21 21:22:07 [scrapy.statscollectors] INFO: Dumping Scrapy stats:
{'finish_reason': 'finished',
 'finish_time': datetime.datetime(2017, 8, 21, 13, 22, 7, 160091),
 'log_count/DEBUG': 1,
 'log_count/ERROR': 1,
 'log_count/INFO': 7,
 'log_count/WARNING': 1,
 'memusage/max': 689688576,
 'memusage/startup': 689688576,
 'start_time': datetime.datetime(2017, 8, 21, 13, 22, 7, 155703)}
2017-08-21 21:22:07 [scrapy.core.engine] INFO: Spider closed (finished)
2017-08-21 21:23:12 [scrapy.utils.log] INFO: Scrapy 1.4.0 started (bot: topgoods)
2017-08-21 21:23:12 [scrapy.utils.log] INFO: Overridden settings: {'NEWSPIDER_MODULE': 'topgoods.spiders', 'SPIDER_MODULES': ['topgoods.spiders'], 'FEED_URI': 'results.csv', 'FEED_FORMAT': 'csv', 'LOG_FILE': 'scrapy.log', 'BOT_NAME': 'topgoods'}
2017-08-21 21:23:12 [scrapy.middleware] INFO: Enabled extensions:
['scrapy.extensions.telnet.TelnetConsole',
 'scrapy.extensions.feedexport.FeedExporter',
 'scrapy.extensions.memusage.MemoryUsage',
 'scrapy.extensions.logstats.LogStats',
 'scrapy.extensions.corestats.CoreStats']
2017-08-21 21:23:12 [py.warnings] WARNING: /home/ubuntu/.local/lib/python3.5/site-packages/scrapy/utils/deprecate.py:156: ScrapyDeprecationWarning: `scrapy.contrib.downloadermiddleware.httpproxy.HttpProxyMiddleware` class is deprecated, use `scrapy.downloadermiddlewares.httpproxy.HttpProxyMiddleware` instead
  ScrapyDeprecationWarning)

2017-08-21 21:23:12 [scrapy.middleware] INFO: Enabled downloader middlewares:
['scrapy.downloadermiddlewares.httpauth.HttpAuthMiddleware',
 'scrapy.downloadermiddlewares.httpproxy.HttpProxyMiddleware',
 'scrapy.downloadermiddlewares.downloadtimeout.DownloadTimeoutMiddleware',
 'scrapy.downloadermiddlewares.defaultheaders.DefaultHeadersMiddleware',
 'scrapy.downloadermiddlewares.useragent.UserAgentMiddleware',
 'scrapy.downloadermiddlewares.retry.RetryMiddleware',
 'scrapy.downloadermiddlewares.redirect.MetaRefreshMiddleware',
 'scrapy.downloadermiddlewares.httpcompression.HttpCompressionMiddleware',
 'scrapy.downloadermiddlewares.redirect.RedirectMiddleware',
 'scrapy.downloadermiddlewares.cookies.CookiesMiddleware',
 'scrapy.downloadermiddlewares.stats.DownloaderStats']
2017-08-21 21:23:12 [scrapy.middleware] INFO: Enabled spider middlewares:
['scrapy.spidermiddlewares.httperror.HttpErrorMiddleware',
 'scrapy.spidermiddlewares.offsite.OffsiteMiddleware',
 'scrapy.spidermiddlewares.referer.RefererMiddleware',
 'scrapy.spidermiddlewares.urllength.UrlLengthMiddleware',
 'scrapy.spidermiddlewares.depth.DepthMiddleware']
2017-08-21 21:23:12 [scrapy.middleware] INFO: Enabled item pipelines:
['scrapy.pipelines.images.ImagesPipeline']
2017-08-21 21:23:12 [scrapy.core.engine] INFO: Spider opened
2017-08-21 21:23:12 [scrapy.extensions.logstats] INFO: Crawled 0 pages (at 0 pages/min), scraped 0 items (at 0 items/min)
2017-08-21 21:23:12 [scrapy.extensions.telnet] DEBUG: Telnet console listening on 127.0.0.1:6023
2017-08-21 21:23:12 [scrapy.core.engine] ERROR: Error while obtaining start requests
Traceback (most recent call last):
  File "/home/ubuntu/.local/lib/python3.5/site-packages/scrapy/core/engine.py", line 127, in _next_request
    request = next(slot.start_requests)
  File "/home/ubuntu/.local/lib/python3.5/site-packages/scrapy/spiders/__init__.py", line 83, in start_requests
    yield Request(url, dont_filter=True)
  File "/home/ubuntu/.local/lib/python3.5/site-packages/scrapy/http/request/__init__.py", line 25, in __init__
    self._set_url(url)
  File "/home/ubuntu/.local/lib/python3.5/site-packages/scrapy/http/request/__init__.py", line 58, in _set_url
    raise ValueError('Missing scheme in request url: %s' % self._url)
ValueError: Missing scheme in request url: f
2017-08-21 21:23:12 [scrapy.core.engine] INFO: Closing spider (finished)
2017-08-21 21:23:12 [scrapy.statscollectors] INFO: Dumping Scrapy stats:
{'finish_reason': 'finished',
 'finish_time': datetime.datetime(2017, 8, 21, 13, 23, 12, 859408),
 'log_count/DEBUG': 1,
 'log_count/ERROR': 1,
 'log_count/INFO': 7,
 'log_count/WARNING': 1,
 'memusage/max': 696098816,
 'memusage/startup': 696098816,
 'start_time': datetime.datetime(2017, 8, 21, 13, 23, 12, 854443)}
2017-08-21 21:23:12 [scrapy.core.engine] INFO: Spider closed (finished)
2017-08-21 21:25:16 [scrapy.utils.log] INFO: Scrapy 1.4.0 started (bot: topgoods)
2017-08-21 21:25:16 [scrapy.utils.log] INFO: Overridden settings: {'FEED_URI': 'results.csv', 'SPIDER_MODULES': ['topgoods.spiders'], 'LOG_FILE': 'scrapy.log', 'FEED_FORMAT': 'csv', 'NEWSPIDER_MODULE': 'topgoods.spiders', 'BOT_NAME': 'topgoods'}
2017-08-21 21:25:16 [scrapy.middleware] INFO: Enabled extensions:
['scrapy.extensions.corestats.CoreStats',
 'scrapy.extensions.feedexport.FeedExporter',
 'scrapy.extensions.memusage.MemoryUsage',
 'scrapy.extensions.telnet.TelnetConsole',
 'scrapy.extensions.logstats.LogStats']
2017-08-21 21:25:16 [py.warnings] WARNING: /home/ubuntu/.local/lib/python3.5/site-packages/scrapy/utils/deprecate.py:156: ScrapyDeprecationWarning: `scrapy.contrib.downloadermiddleware.httpproxy.HttpProxyMiddleware` class is deprecated, use `scrapy.downloadermiddlewares.httpproxy.HttpProxyMiddleware` instead
  ScrapyDeprecationWarning)

2017-08-21 21:25:16 [scrapy.middleware] INFO: Enabled downloader middlewares:
['scrapy.downloadermiddlewares.httpauth.HttpAuthMiddleware',
 'scrapy.downloadermiddlewares.httpproxy.HttpProxyMiddleware',
 'scrapy.downloadermiddlewares.downloadtimeout.DownloadTimeoutMiddleware',
 'scrapy.downloadermiddlewares.defaultheaders.DefaultHeadersMiddleware',
 'scrapy.downloadermiddlewares.useragent.UserAgentMiddleware',
 'scrapy.downloadermiddlewares.retry.RetryMiddleware',
 'scrapy.downloadermiddlewares.redirect.MetaRefreshMiddleware',
 'scrapy.downloadermiddlewares.httpcompression.HttpCompressionMiddleware',
 'scrapy.downloadermiddlewares.redirect.RedirectMiddleware',
 'scrapy.downloadermiddlewares.cookies.CookiesMiddleware',
 'scrapy.downloadermiddlewares.stats.DownloaderStats']
2017-08-21 21:25:16 [scrapy.middleware] INFO: Enabled spider middlewares:
['scrapy.spidermiddlewares.httperror.HttpErrorMiddleware',
 'scrapy.spidermiddlewares.offsite.OffsiteMiddleware',
 'scrapy.spidermiddlewares.referer.RefererMiddleware',
 'scrapy.spidermiddlewares.urllength.UrlLengthMiddleware',
 'scrapy.spidermiddlewares.depth.DepthMiddleware']
2017-08-21 21:25:16 [scrapy.middleware] INFO: Enabled item pipelines:
['scrapy.pipelines.images.ImagesPipeline']
2017-08-21 21:25:16 [scrapy.core.engine] INFO: Spider opened
2017-08-21 21:25:16 [scrapy.extensions.logstats] INFO: Crawled 0 pages (at 0 pages/min), scraped 0 items (at 0 items/min)
2017-08-21 21:25:16 [scrapy.extensions.telnet] DEBUG: Telnet console listening on 127.0.0.1:6023
2017-08-21 21:25:16 [scrapy.core.engine] ERROR: Error while obtaining start requests
Traceback (most recent call last):
  File "/home/ubuntu/.local/lib/python3.5/site-packages/scrapy/core/engine.py", line 127, in _next_request
    request = next(slot.start_requests)
  File "/home/ubuntu/.local/lib/python3.5/site-packages/scrapy/spiders/__init__.py", line 83, in start_requests
    yield Request(url, dont_filter=True)
  File "/home/ubuntu/.local/lib/python3.5/site-packages/scrapy/http/request/__init__.py", line 25, in __init__
    self._set_url(url)
  File "/home/ubuntu/.local/lib/python3.5/site-packages/scrapy/http/request/__init__.py", line 58, in _set_url
    raise ValueError('Missing scheme in request url: %s' % self._url)
ValueError: Missing scheme in request url: f
2017-08-21 21:25:16 [scrapy.core.engine] INFO: Closing spider (finished)
2017-08-21 21:25:16 [scrapy.statscollectors] INFO: Dumping Scrapy stats:
{'finish_reason': 'finished',
 'finish_time': datetime.datetime(2017, 8, 21, 13, 25, 16, 441668),
 'log_count/DEBUG': 1,
 'log_count/ERROR': 1,
 'log_count/INFO': 7,
 'log_count/WARNING': 1,
 'memusage/max': 725712896,
 'memusage/startup': 725712896,
 'start_time': datetime.datetime(2017, 8, 21, 13, 25, 16, 437204)}
2017-08-21 21:25:16 [scrapy.core.engine] INFO: Spider closed (finished)
2017-08-21 21:25:29 [scrapy.utils.log] INFO: Scrapy 1.4.0 started (bot: topgoods)
2017-08-21 21:25:29 [scrapy.utils.log] INFO: Overridden settings: {'LOG_FILE': 'scrapy.log', 'FEED_FORMAT': 'csv', 'BOT_NAME': 'topgoods', 'SPIDER_MODULES': ['topgoods.spiders'], 'NEWSPIDER_MODULE': 'topgoods.spiders', 'FEED_URI': 'results.csv'}
2017-08-21 21:25:30 [scrapy.middleware] INFO: Enabled extensions:
['scrapy.extensions.feedexport.FeedExporter',
 'scrapy.extensions.telnet.TelnetConsole',
 'scrapy.extensions.memusage.MemoryUsage',
 'scrapy.extensions.logstats.LogStats',
 'scrapy.extensions.corestats.CoreStats']
2017-08-21 21:25:30 [py.warnings] WARNING: /home/ubuntu/.local/lib/python3.5/site-packages/scrapy/utils/deprecate.py:156: ScrapyDeprecationWarning: `scrapy.contrib.downloadermiddleware.httpproxy.HttpProxyMiddleware` class is deprecated, use `scrapy.downloadermiddlewares.httpproxy.HttpProxyMiddleware` instead
  ScrapyDeprecationWarning)

2017-08-21 21:25:30 [scrapy.middleware] INFO: Enabled downloader middlewares:
['scrapy.downloadermiddlewares.httpauth.HttpAuthMiddleware',
 'scrapy.downloadermiddlewares.httpproxy.HttpProxyMiddleware',
 'scrapy.downloadermiddlewares.downloadtimeout.DownloadTimeoutMiddleware',
 'scrapy.downloadermiddlewares.defaultheaders.DefaultHeadersMiddleware',
 'scrapy.downloadermiddlewares.useragent.UserAgentMiddleware',
 'scrapy.downloadermiddlewares.retry.RetryMiddleware',
 'scrapy.downloadermiddlewares.redirect.MetaRefreshMiddleware',
 'scrapy.downloadermiddlewares.httpcompression.HttpCompressionMiddleware',
 'scrapy.downloadermiddlewares.redirect.RedirectMiddleware',
 'scrapy.downloadermiddlewares.cookies.CookiesMiddleware',
 'scrapy.downloadermiddlewares.stats.DownloaderStats']
2017-08-21 21:25:30 [scrapy.middleware] INFO: Enabled spider middlewares:
['scrapy.spidermiddlewares.httperror.HttpErrorMiddleware',
 'scrapy.spidermiddlewares.offsite.OffsiteMiddleware',
 'scrapy.spidermiddlewares.referer.RefererMiddleware',
 'scrapy.spidermiddlewares.urllength.UrlLengthMiddleware',
 'scrapy.spidermiddlewares.depth.DepthMiddleware']
2017-08-21 21:25:30 [scrapy.middleware] INFO: Enabled item pipelines:
['scrapy.pipelines.images.ImagesPipeline']
2017-08-21 21:25:30 [scrapy.core.engine] INFO: Spider opened
2017-08-21 21:25:30 [scrapy.extensions.logstats] INFO: Crawled 0 pages (at 0 pages/min), scraped 0 items (at 0 items/min)
2017-08-21 21:25:30 [scrapy.extensions.telnet] DEBUG: Telnet console listening on 127.0.0.1:6023
2017-08-21 21:25:30 [scrapy.core.engine] ERROR: Error while obtaining start requests
Traceback (most recent call last):
  File "/home/ubuntu/.local/lib/python3.5/site-packages/scrapy/core/engine.py", line 127, in _next_request
    request = next(slot.start_requests)
  File "/home/ubuntu/.local/lib/python3.5/site-packages/scrapy/spiders/__init__.py", line 83, in start_requests
    yield Request(url, dont_filter=True)
  File "/home/ubuntu/.local/lib/python3.5/site-packages/scrapy/http/request/__init__.py", line 25, in __init__
    self._set_url(url)
  File "/home/ubuntu/.local/lib/python3.5/site-packages/scrapy/http/request/__init__.py", line 58, in _set_url
    raise ValueError('Missing scheme in request url: %s' % self._url)
ValueError: Missing scheme in request url: f
2017-08-21 21:25:30 [scrapy.core.engine] INFO: Closing spider (finished)
2017-08-21 21:25:30 [scrapy.statscollectors] INFO: Dumping Scrapy stats:
{'finish_reason': 'finished',
 'finish_time': datetime.datetime(2017, 8, 21, 13, 25, 30, 66824),
 'log_count/DEBUG': 1,
 'log_count/ERROR': 1,
 'log_count/INFO': 7,
 'log_count/WARNING': 1,
 'memusage/max': 726437888,
 'memusage/startup': 726437888,
 'start_time': datetime.datetime(2017, 8, 21, 13, 25, 30, 62645)}
2017-08-21 21:25:30 [scrapy.core.engine] INFO: Spider closed (finished)
2017-08-21 21:27:10 [scrapy.utils.log] INFO: Scrapy 1.4.0 started (bot: topgoods)
2017-08-21 21:27:10 [scrapy.utils.log] INFO: Overridden settings: {'FEED_FORMAT': 'csv', 'LOG_FILE': 'scrapy.log', 'SPIDER_MODULES': ['topgoods.spiders'], 'FEED_URI': 'results.csv', 'NEWSPIDER_MODULE': 'topgoods.spiders', 'BOT_NAME': 'topgoods'}
2017-08-21 21:27:10 [scrapy.middleware] INFO: Enabled extensions:
['scrapy.extensions.feedexport.FeedExporter',
 'scrapy.extensions.corestats.CoreStats',
 'scrapy.extensions.telnet.TelnetConsole',
 'scrapy.extensions.memusage.MemoryUsage',
 'scrapy.extensions.logstats.LogStats']
2017-08-21 21:27:10 [py.warnings] WARNING: /home/ubuntu/.local/lib/python3.5/site-packages/scrapy/utils/deprecate.py:156: ScrapyDeprecationWarning: `scrapy.contrib.downloadermiddleware.httpproxy.HttpProxyMiddleware` class is deprecated, use `scrapy.downloadermiddlewares.httpproxy.HttpProxyMiddleware` instead
  ScrapyDeprecationWarning)

2017-08-21 21:27:10 [scrapy.middleware] INFO: Enabled downloader middlewares:
['scrapy.downloadermiddlewares.httpauth.HttpAuthMiddleware',
 'scrapy.downloadermiddlewares.httpproxy.HttpProxyMiddleware',
 'scrapy.downloadermiddlewares.downloadtimeout.DownloadTimeoutMiddleware',
 'scrapy.downloadermiddlewares.defaultheaders.DefaultHeadersMiddleware',
 'scrapy.downloadermiddlewares.useragent.UserAgentMiddleware',
 'scrapy.downloadermiddlewares.retry.RetryMiddleware',
 'scrapy.downloadermiddlewares.redirect.MetaRefreshMiddleware',
 'scrapy.downloadermiddlewares.httpcompression.HttpCompressionMiddleware',
 'scrapy.downloadermiddlewares.redirect.RedirectMiddleware',
 'scrapy.downloadermiddlewares.cookies.CookiesMiddleware',
 'scrapy.downloadermiddlewares.stats.DownloaderStats']
2017-08-21 21:27:10 [scrapy.middleware] INFO: Enabled spider middlewares:
['scrapy.spidermiddlewares.httperror.HttpErrorMiddleware',
 'scrapy.spidermiddlewares.offsite.OffsiteMiddleware',
 'scrapy.spidermiddlewares.referer.RefererMiddleware',
 'scrapy.spidermiddlewares.urllength.UrlLengthMiddleware',
 'scrapy.spidermiddlewares.depth.DepthMiddleware']
2017-08-21 21:27:10 [scrapy.middleware] INFO: Enabled item pipelines:
['scrapy.pipelines.images.ImagesPipeline']
2017-08-21 21:27:10 [scrapy.core.engine] INFO: Spider opened
2017-08-21 21:27:10 [scrapy.extensions.logstats] INFO: Crawled 0 pages (at 0 pages/min), scraped 0 items (at 0 items/min)
2017-08-21 21:27:10 [scrapy.extensions.telnet] DEBUG: Telnet console listening on 127.0.0.1:6023
2017-08-21 21:27:10 [scrapy.core.engine] ERROR: Error while obtaining start requests
Traceback (most recent call last):
  File "/home/ubuntu/.local/lib/python3.5/site-packages/scrapy/core/engine.py", line 127, in _next_request
    request = next(slot.start_requests)
  File "/home/ubuntu/.local/lib/python3.5/site-packages/scrapy/spiders/__init__.py", line 83, in start_requests
    yield Request(url, dont_filter=True)
  File "/home/ubuntu/.local/lib/python3.5/site-packages/scrapy/http/request/__init__.py", line 25, in __init__
    self._set_url(url)
  File "/home/ubuntu/.local/lib/python3.5/site-packages/scrapy/http/request/__init__.py", line 58, in _set_url
    raise ValueError('Missing scheme in request url: %s' % self._url)
ValueError: Missing scheme in request url: f
2017-08-21 21:27:10 [scrapy.core.engine] INFO: Closing spider (finished)
2017-08-21 21:27:10 [scrapy.statscollectors] INFO: Dumping Scrapy stats:
{'finish_reason': 'finished',
 'finish_time': datetime.datetime(2017, 8, 21, 13, 27, 10, 956989),
 'log_count/DEBUG': 1,
 'log_count/ERROR': 1,
 'log_count/INFO': 7,
 'log_count/WARNING': 1,
 'memusage/max': 577490944,
 'memusage/startup': 577490944,
 'start_time': datetime.datetime(2017, 8, 21, 13, 27, 10, 952669)}
2017-08-21 21:27:10 [scrapy.core.engine] INFO: Spider closed (finished)
2017-08-21 21:27:32 [scrapy.utils.log] INFO: Scrapy 1.4.0 started (bot: topgoods)
2017-08-21 21:27:32 [scrapy.utils.log] INFO: Overridden settings: {'FEED_URI': 'results.csv', 'SPIDER_MODULES': ['topgoods.spiders'], 'FEED_FORMAT': 'csv', 'BOT_NAME': 'topgoods', 'NEWSPIDER_MODULE': 'topgoods.spiders', 'LOG_FILE': 'scrapy.log'}
2017-08-21 21:27:32 [scrapy.middleware] INFO: Enabled extensions:
['scrapy.extensions.feedexport.FeedExporter',
 'scrapy.extensions.memusage.MemoryUsage',
 'scrapy.extensions.corestats.CoreStats',
 'scrapy.extensions.logstats.LogStats',
 'scrapy.extensions.telnet.TelnetConsole']
2017-08-21 21:27:32 [py.warnings] WARNING: /home/ubuntu/.local/lib/python3.5/site-packages/scrapy/utils/deprecate.py:156: ScrapyDeprecationWarning: `scrapy.contrib.downloadermiddleware.httpproxy.HttpProxyMiddleware` class is deprecated, use `scrapy.downloadermiddlewares.httpproxy.HttpProxyMiddleware` instead
  ScrapyDeprecationWarning)

2017-08-21 21:27:32 [scrapy.middleware] INFO: Enabled downloader middlewares:
['scrapy.downloadermiddlewares.httpauth.HttpAuthMiddleware',
 'scrapy.downloadermiddlewares.httpproxy.HttpProxyMiddleware',
 'scrapy.downloadermiddlewares.downloadtimeout.DownloadTimeoutMiddleware',
 'scrapy.downloadermiddlewares.defaultheaders.DefaultHeadersMiddleware',
 'scrapy.downloadermiddlewares.useragent.UserAgentMiddleware',
 'scrapy.downloadermiddlewares.retry.RetryMiddleware',
 'scrapy.downloadermiddlewares.redirect.MetaRefreshMiddleware',
 'scrapy.downloadermiddlewares.httpcompression.HttpCompressionMiddleware',
 'scrapy.downloadermiddlewares.redirect.RedirectMiddleware',
 'scrapy.downloadermiddlewares.cookies.CookiesMiddleware',
 'scrapy.downloadermiddlewares.stats.DownloaderStats']
2017-08-21 21:27:32 [scrapy.middleware] INFO: Enabled spider middlewares:
['scrapy.spidermiddlewares.httperror.HttpErrorMiddleware',
 'scrapy.spidermiddlewares.offsite.OffsiteMiddleware',
 'scrapy.spidermiddlewares.referer.RefererMiddleware',
 'scrapy.spidermiddlewares.urllength.UrlLengthMiddleware',
 'scrapy.spidermiddlewares.depth.DepthMiddleware']
2017-08-21 21:27:32 [scrapy.middleware] INFO: Enabled item pipelines:
['scrapy.pipelines.images.ImagesPipeline']
2017-08-21 21:27:32 [scrapy.core.engine] INFO: Spider opened
2017-08-21 21:27:32 [scrapy.extensions.logstats] INFO: Crawled 0 pages (at 0 pages/min), scraped 0 items (at 0 items/min)
2017-08-21 21:27:32 [scrapy.extensions.telnet] DEBUG: Telnet console listening on 127.0.0.1:6023
2017-08-21 21:27:32 [scrapy.core.engine] ERROR: Error while obtaining start requests
Traceback (most recent call last):
  File "/home/ubuntu/.local/lib/python3.5/site-packages/scrapy/core/engine.py", line 127, in _next_request
    request = next(slot.start_requests)
  File "/home/ubuntu/.local/lib/python3.5/site-packages/scrapy/spiders/__init__.py", line 83, in start_requests
    yield Request(url, dont_filter=True)
  File "/home/ubuntu/.local/lib/python3.5/site-packages/scrapy/http/request/__init__.py", line 25, in __init__
    self._set_url(url)
  File "/home/ubuntu/.local/lib/python3.5/site-packages/scrapy/http/request/__init__.py", line 58, in _set_url
    raise ValueError('Missing scheme in request url: %s' % self._url)
ValueError: Missing scheme in request url: f
2017-08-21 21:27:32 [scrapy.core.engine] INFO: Closing spider (finished)
2017-08-21 21:27:32 [scrapy.statscollectors] INFO: Dumping Scrapy stats:
{'finish_reason': 'finished',
 'finish_time': datetime.datetime(2017, 8, 21, 13, 27, 32, 531550),
 'log_count/DEBUG': 1,
 'log_count/ERROR': 1,
 'log_count/INFO': 7,
 'log_count/WARNING': 1,
 'memusage/max': 607412224,
 'memusage/startup': 607412224,
 'start_time': datetime.datetime(2017, 8, 21, 13, 27, 32, 527480)}
2017-08-21 21:27:32 [scrapy.core.engine] INFO: Spider closed (finished)
2017-08-21 21:27:49 [scrapy.utils.log] INFO: Scrapy 1.4.0 started (bot: topgoods)
2017-08-21 21:27:49 [scrapy.utils.log] INFO: Overridden settings: {'NEWSPIDER_MODULE': 'topgoods.spiders', 'BOT_NAME': 'topgoods', 'FEED_FORMAT': 'csv', 'FEED_URI': 'results.csv', 'LOG_FILE': 'scrapy.log', 'SPIDER_MODULES': ['topgoods.spiders']}
2017-08-21 21:27:49 [scrapy.middleware] INFO: Enabled extensions:
['scrapy.extensions.corestats.CoreStats',
 'scrapy.extensions.feedexport.FeedExporter',
 'scrapy.extensions.logstats.LogStats',
 'scrapy.extensions.telnet.TelnetConsole',
 'scrapy.extensions.memusage.MemoryUsage']
2017-08-21 21:27:49 [py.warnings] WARNING: /home/ubuntu/.local/lib/python3.5/site-packages/scrapy/utils/deprecate.py:156: ScrapyDeprecationWarning: `scrapy.contrib.downloadermiddleware.httpproxy.HttpProxyMiddleware` class is deprecated, use `scrapy.downloadermiddlewares.httpproxy.HttpProxyMiddleware` instead
  ScrapyDeprecationWarning)

2017-08-21 21:27:49 [scrapy.middleware] INFO: Enabled downloader middlewares:
['scrapy.downloadermiddlewares.httpauth.HttpAuthMiddleware',
 'scrapy.downloadermiddlewares.httpproxy.HttpProxyMiddleware',
 'scrapy.downloadermiddlewares.downloadtimeout.DownloadTimeoutMiddleware',
 'scrapy.downloadermiddlewares.defaultheaders.DefaultHeadersMiddleware',
 'scrapy.downloadermiddlewares.useragent.UserAgentMiddleware',
 'scrapy.downloadermiddlewares.retry.RetryMiddleware',
 'scrapy.downloadermiddlewares.redirect.MetaRefreshMiddleware',
 'scrapy.downloadermiddlewares.httpcompression.HttpCompressionMiddleware',
 'scrapy.downloadermiddlewares.redirect.RedirectMiddleware',
 'scrapy.downloadermiddlewares.cookies.CookiesMiddleware',
 'scrapy.downloadermiddlewares.stats.DownloaderStats']
2017-08-21 21:27:49 [scrapy.middleware] INFO: Enabled spider middlewares:
['scrapy.spidermiddlewares.httperror.HttpErrorMiddleware',
 'scrapy.spidermiddlewares.offsite.OffsiteMiddleware',
 'scrapy.spidermiddlewares.referer.RefererMiddleware',
 'scrapy.spidermiddlewares.urllength.UrlLengthMiddleware',
 'scrapy.spidermiddlewares.depth.DepthMiddleware']
2017-08-21 21:27:49 [scrapy.middleware] INFO: Enabled item pipelines:
['scrapy.pipelines.images.ImagesPipeline']
2017-08-21 21:27:49 [scrapy.core.engine] INFO: Spider opened
2017-08-21 21:27:49 [scrapy.extensions.logstats] INFO: Crawled 0 pages (at 0 pages/min), scraped 0 items (at 0 items/min)
2017-08-21 21:27:49 [scrapy.extensions.telnet] DEBUG: Telnet console listening on 127.0.0.1:6023
2017-08-21 21:27:49 [scrapy.core.engine] ERROR: Error while obtaining start requests
Traceback (most recent call last):
  File "/home/ubuntu/.local/lib/python3.5/site-packages/scrapy/core/engine.py", line 127, in _next_request
    request = next(slot.start_requests)
  File "/home/ubuntu/.local/lib/python3.5/site-packages/scrapy/spiders/__init__.py", line 83, in start_requests
    yield Request(url, dont_filter=True)
  File "/home/ubuntu/.local/lib/python3.5/site-packages/scrapy/http/request/__init__.py", line 25, in __init__
    self._set_url(url)
  File "/home/ubuntu/.local/lib/python3.5/site-packages/scrapy/http/request/__init__.py", line 58, in _set_url
    raise ValueError('Missing scheme in request url: %s' % self._url)
ValueError: Missing scheme in request url: f
2017-08-21 21:27:49 [scrapy.core.engine] INFO: Closing spider (finished)
2017-08-21 21:27:49 [scrapy.statscollectors] INFO: Dumping Scrapy stats:
{'finish_reason': 'finished',
 'finish_time': datetime.datetime(2017, 8, 21, 13, 27, 49, 806489),
 'log_count/DEBUG': 1,
 'log_count/ERROR': 1,
 'log_count/INFO': 7,
 'log_count/WARNING': 1,
 'memusage/max': 623407104,
 'memusage/startup': 623407104,
 'start_time': datetime.datetime(2017, 8, 21, 13, 27, 49, 802250)}
2017-08-21 21:27:49 [scrapy.core.engine] INFO: Spider closed (finished)
2017-08-21 21:28:04 [scrapy.utils.log] INFO: Scrapy 1.4.0 started (bot: topgoods)
2017-08-21 21:28:04 [scrapy.utils.log] INFO: Overridden settings: {'LOG_FILE': 'scrapy.log', 'FEED_URI': 'results.csv', 'FEED_FORMAT': 'csv', 'SPIDER_MODULES': ['topgoods.spiders'], 'NEWSPIDER_MODULE': 'topgoods.spiders', 'BOT_NAME': 'topgoods'}
2017-08-21 21:28:04 [scrapy.middleware] INFO: Enabled extensions:
['scrapy.extensions.corestats.CoreStats',
 'scrapy.extensions.telnet.TelnetConsole',
 'scrapy.extensions.logstats.LogStats',
 'scrapy.extensions.memusage.MemoryUsage',
 'scrapy.extensions.feedexport.FeedExporter']
2017-08-21 21:28:04 [py.warnings] WARNING: /home/ubuntu/.local/lib/python3.5/site-packages/scrapy/utils/deprecate.py:156: ScrapyDeprecationWarning: `scrapy.contrib.downloadermiddleware.httpproxy.HttpProxyMiddleware` class is deprecated, use `scrapy.downloadermiddlewares.httpproxy.HttpProxyMiddleware` instead
  ScrapyDeprecationWarning)

2017-08-21 21:28:04 [scrapy.middleware] INFO: Enabled downloader middlewares:
['scrapy.downloadermiddlewares.httpauth.HttpAuthMiddleware',
 'scrapy.downloadermiddlewares.httpproxy.HttpProxyMiddleware',
 'scrapy.downloadermiddlewares.downloadtimeout.DownloadTimeoutMiddleware',
 'scrapy.downloadermiddlewares.defaultheaders.DefaultHeadersMiddleware',
 'scrapy.downloadermiddlewares.useragent.UserAgentMiddleware',
 'scrapy.downloadermiddlewares.retry.RetryMiddleware',
 'scrapy.downloadermiddlewares.redirect.MetaRefreshMiddleware',
 'scrapy.downloadermiddlewares.httpcompression.HttpCompressionMiddleware',
 'scrapy.downloadermiddlewares.redirect.RedirectMiddleware',
 'scrapy.downloadermiddlewares.cookies.CookiesMiddleware',
 'scrapy.downloadermiddlewares.stats.DownloaderStats']
2017-08-21 21:28:04 [scrapy.middleware] INFO: Enabled spider middlewares:
['scrapy.spidermiddlewares.httperror.HttpErrorMiddleware',
 'scrapy.spidermiddlewares.offsite.OffsiteMiddleware',
 'scrapy.spidermiddlewares.referer.RefererMiddleware',
 'scrapy.spidermiddlewares.urllength.UrlLengthMiddleware',
 'scrapy.spidermiddlewares.depth.DepthMiddleware']
2017-08-21 21:28:04 [scrapy.middleware] INFO: Enabled item pipelines:
['scrapy.pipelines.images.ImagesPipeline']
2017-08-21 21:28:04 [scrapy.core.engine] INFO: Spider opened
2017-08-21 21:28:04 [scrapy.extensions.logstats] INFO: Crawled 0 pages (at 0 pages/min), scraped 0 items (at 0 items/min)
2017-08-21 21:28:04 [scrapy.extensions.telnet] DEBUG: Telnet console listening on 127.0.0.1:6023
2017-08-21 21:28:04 [scrapy.core.engine] ERROR: Error while obtaining start requests
Traceback (most recent call last):
  File "/home/ubuntu/.local/lib/python3.5/site-packages/scrapy/core/engine.py", line 127, in _next_request
    request = next(slot.start_requests)
  File "/home/ubuntu/.local/lib/python3.5/site-packages/scrapy/spiders/__init__.py", line 83, in start_requests
    yield Request(url, dont_filter=True)
  File "/home/ubuntu/.local/lib/python3.5/site-packages/scrapy/http/request/__init__.py", line 25, in __init__
    self._set_url(url)
  File "/home/ubuntu/.local/lib/python3.5/site-packages/scrapy/http/request/__init__.py", line 58, in _set_url
    raise ValueError('Missing scheme in request url: %s' % self._url)
ValueError: Missing scheme in request url: f
2017-08-21 21:28:04 [scrapy.core.engine] INFO: Closing spider (finished)
2017-08-21 21:28:04 [scrapy.statscollectors] INFO: Dumping Scrapy stats:
{'finish_reason': 'finished',
 'finish_time': datetime.datetime(2017, 8, 21, 13, 28, 4, 406704),
 'log_count/DEBUG': 1,
 'log_count/ERROR': 1,
 'log_count/INFO': 7,
 'log_count/WARNING': 1,
 'memusage/max': 623407104,
 'memusage/startup': 623407104,
 'start_time': datetime.datetime(2017, 8, 21, 13, 28, 4, 402440)}
2017-08-21 21:28:04 [scrapy.core.engine] INFO: Spider closed (finished)
2017-08-21 21:28:11 [scrapy.utils.log] INFO: Scrapy 1.4.0 started (bot: topgoods)
2017-08-21 21:28:11 [scrapy.utils.log] INFO: Overridden settings: {'FEED_URI': 'results.csv', 'LOG_FILE': 'scrapy.log', 'NEWSPIDER_MODULE': 'topgoods.spiders', 'FEED_FORMAT': 'csv', 'BOT_NAME': 'topgoods', 'SPIDER_MODULES': ['topgoods.spiders']}
2017-08-21 21:28:11 [scrapy.middleware] INFO: Enabled extensions:
['scrapy.extensions.feedexport.FeedExporter',
 'scrapy.extensions.corestats.CoreStats',
 'scrapy.extensions.logstats.LogStats',
 'scrapy.extensions.memusage.MemoryUsage',
 'scrapy.extensions.telnet.TelnetConsole']
2017-08-21 21:28:11 [py.warnings] WARNING: /home/ubuntu/.local/lib/python3.5/site-packages/scrapy/utils/deprecate.py:156: ScrapyDeprecationWarning: `scrapy.contrib.downloadermiddleware.httpproxy.HttpProxyMiddleware` class is deprecated, use `scrapy.downloadermiddlewares.httpproxy.HttpProxyMiddleware` instead
  ScrapyDeprecationWarning)

2017-08-21 21:28:11 [scrapy.middleware] INFO: Enabled downloader middlewares:
['scrapy.downloadermiddlewares.httpauth.HttpAuthMiddleware',
 'scrapy.downloadermiddlewares.httpproxy.HttpProxyMiddleware',
 'scrapy.downloadermiddlewares.downloadtimeout.DownloadTimeoutMiddleware',
 'scrapy.downloadermiddlewares.defaultheaders.DefaultHeadersMiddleware',
 'scrapy.downloadermiddlewares.useragent.UserAgentMiddleware',
 'scrapy.downloadermiddlewares.retry.RetryMiddleware',
 'scrapy.downloadermiddlewares.redirect.MetaRefreshMiddleware',
 'scrapy.downloadermiddlewares.httpcompression.HttpCompressionMiddleware',
 'scrapy.downloadermiddlewares.redirect.RedirectMiddleware',
 'scrapy.downloadermiddlewares.cookies.CookiesMiddleware',
 'scrapy.downloadermiddlewares.stats.DownloaderStats']
2017-08-21 21:28:11 [scrapy.middleware] INFO: Enabled spider middlewares:
['scrapy.spidermiddlewares.httperror.HttpErrorMiddleware',
 'scrapy.spidermiddlewares.offsite.OffsiteMiddleware',
 'scrapy.spidermiddlewares.referer.RefererMiddleware',
 'scrapy.spidermiddlewares.urllength.UrlLengthMiddleware',
 'scrapy.spidermiddlewares.depth.DepthMiddleware']
2017-08-21 21:28:11 [scrapy.middleware] INFO: Enabled item pipelines:
['scrapy.pipelines.images.ImagesPipeline']
2017-08-21 21:28:11 [scrapy.core.engine] INFO: Spider opened
2017-08-21 21:28:11 [scrapy.extensions.logstats] INFO: Crawled 0 pages (at 0 pages/min), scraped 0 items (at 0 items/min)
2017-08-21 21:28:11 [scrapy.extensions.telnet] DEBUG: Telnet console listening on 127.0.0.1:6023
2017-08-21 21:28:11 [scrapy.core.engine] ERROR: Error while obtaining start requests
Traceback (most recent call last):
  File "/home/ubuntu/.local/lib/python3.5/site-packages/scrapy/core/engine.py", line 127, in _next_request
    request = next(slot.start_requests)
  File "/home/ubuntu/.local/lib/python3.5/site-packages/scrapy/spiders/__init__.py", line 83, in start_requests
    yield Request(url, dont_filter=True)
  File "/home/ubuntu/.local/lib/python3.5/site-packages/scrapy/http/request/__init__.py", line 25, in __init__
    self._set_url(url)
  File "/home/ubuntu/.local/lib/python3.5/site-packages/scrapy/http/request/__init__.py", line 58, in _set_url
    raise ValueError('Missing scheme in request url: %s' % self._url)
ValueError: Missing scheme in request url: f
2017-08-21 21:28:11 [scrapy.core.engine] INFO: Closing spider (finished)
2017-08-21 21:28:11 [scrapy.statscollectors] INFO: Dumping Scrapy stats:
{'finish_reason': 'finished',
 'finish_time': datetime.datetime(2017, 8, 21, 13, 28, 11, 248304),
 'log_count/DEBUG': 1,
 'log_count/ERROR': 1,
 'log_count/INFO': 7,
 'log_count/WARNING': 1,
 'memusage/max': 623407104,
 'memusage/startup': 623407104,
 'start_time': datetime.datetime(2017, 8, 21, 13, 28, 11, 244092)}
2017-08-21 21:28:11 [scrapy.core.engine] INFO: Spider closed (finished)
2017-08-21 21:28:38 [scrapy.utils.log] INFO: Scrapy 1.4.0 started (bot: topgoods)
2017-08-21 21:28:38 [scrapy.utils.log] INFO: Overridden settings: {'LOG_FILE': 'scrapy.log', 'FEED_URI': 'results.csv', 'SPIDER_MODULES': ['topgoods.spiders'], 'BOT_NAME': 'topgoods', 'NEWSPIDER_MODULE': 'topgoods.spiders', 'FEED_FORMAT': 'csv'}
2017-08-21 21:28:38 [scrapy.middleware] INFO: Enabled extensions:
['scrapy.extensions.corestats.CoreStats',
 'scrapy.extensions.logstats.LogStats',
 'scrapy.extensions.telnet.TelnetConsole',
 'scrapy.extensions.feedexport.FeedExporter',
 'scrapy.extensions.memusage.MemoryUsage']
2017-08-21 21:28:38 [py.warnings] WARNING: /home/ubuntu/.local/lib/python3.5/site-packages/scrapy/utils/deprecate.py:156: ScrapyDeprecationWarning: `scrapy.contrib.downloadermiddleware.httpproxy.HttpProxyMiddleware` class is deprecated, use `scrapy.downloadermiddlewares.httpproxy.HttpProxyMiddleware` instead
  ScrapyDeprecationWarning)

2017-08-21 21:28:38 [scrapy.middleware] INFO: Enabled downloader middlewares:
['scrapy.downloadermiddlewares.httpauth.HttpAuthMiddleware',
 'scrapy.downloadermiddlewares.httpproxy.HttpProxyMiddleware',
 'scrapy.downloadermiddlewares.downloadtimeout.DownloadTimeoutMiddleware',
 'scrapy.downloadermiddlewares.defaultheaders.DefaultHeadersMiddleware',
 'scrapy.downloadermiddlewares.useragent.UserAgentMiddleware',
 'scrapy.downloadermiddlewares.retry.RetryMiddleware',
 'scrapy.downloadermiddlewares.redirect.MetaRefreshMiddleware',
 'scrapy.downloadermiddlewares.httpcompression.HttpCompressionMiddleware',
 'scrapy.downloadermiddlewares.redirect.RedirectMiddleware',
 'scrapy.downloadermiddlewares.cookies.CookiesMiddleware',
 'scrapy.downloadermiddlewares.stats.DownloaderStats']
2017-08-21 21:28:38 [scrapy.middleware] INFO: Enabled spider middlewares:
['scrapy.spidermiddlewares.httperror.HttpErrorMiddleware',
 'scrapy.spidermiddlewares.offsite.OffsiteMiddleware',
 'scrapy.spidermiddlewares.referer.RefererMiddleware',
 'scrapy.spidermiddlewares.urllength.UrlLengthMiddleware',
 'scrapy.spidermiddlewares.depth.DepthMiddleware']
2017-08-21 21:28:38 [scrapy.middleware] INFO: Enabled item pipelines:
['scrapy.pipelines.images.ImagesPipeline']
2017-08-21 21:28:38 [scrapy.core.engine] INFO: Spider opened
2017-08-21 21:28:38 [scrapy.extensions.logstats] INFO: Crawled 0 pages (at 0 pages/min), scraped 0 items (at 0 items/min)
2017-08-21 21:28:38 [scrapy.extensions.telnet] DEBUG: Telnet console listening on 127.0.0.1:6023
2017-08-21 21:28:38 [scrapy.core.engine] ERROR: Error while obtaining start requests
Traceback (most recent call last):
  File "/home/ubuntu/.local/lib/python3.5/site-packages/scrapy/core/engine.py", line 127, in _next_request
    request = next(slot.start_requests)
  File "/home/ubuntu/.local/lib/python3.5/site-packages/scrapy/spiders/__init__.py", line 83, in start_requests
    yield Request(url, dont_filter=True)
  File "/home/ubuntu/.local/lib/python3.5/site-packages/scrapy/http/request/__init__.py", line 25, in __init__
    self._set_url(url)
  File "/home/ubuntu/.local/lib/python3.5/site-packages/scrapy/http/request/__init__.py", line 58, in _set_url
    raise ValueError('Missing scheme in request url: %s' % self._url)
ValueError: Missing scheme in request url: f
2017-08-21 21:28:38 [scrapy.core.engine] INFO: Closing spider (finished)
2017-08-21 21:28:38 [scrapy.statscollectors] INFO: Dumping Scrapy stats:
{'finish_reason': 'finished',
 'finish_time': datetime.datetime(2017, 8, 21, 13, 28, 38, 684151),
 'log_count/DEBUG': 1,
 'log_count/ERROR': 1,
 'log_count/INFO': 7,
 'log_count/WARNING': 1,
 'memusage/max': 631300096,
 'memusage/startup': 631300096,
 'start_time': datetime.datetime(2017, 8, 21, 13, 28, 38, 679944)}
2017-08-21 21:28:38 [scrapy.core.engine] INFO: Spider closed (finished)
2017-08-21 21:31:24 [scrapy.utils.log] INFO: Scrapy 1.4.0 started (bot: topgoods)
2017-08-21 21:31:24 [scrapy.utils.log] INFO: Overridden settings: {'SPIDER_MODULES': ['topgoods.spiders'], 'FEED_URI': 'results.csv', 'BOT_NAME': 'topgoods', 'FEED_FORMAT': 'csv', 'NEWSPIDER_MODULE': 'topgoods.spiders', 'LOG_FILE': 'scrapy.log'}
2017-08-21 21:31:24 [scrapy.middleware] INFO: Enabled extensions:
['scrapy.extensions.telnet.TelnetConsole',
 'scrapy.extensions.memusage.MemoryUsage',
 'scrapy.extensions.feedexport.FeedExporter',
 'scrapy.extensions.corestats.CoreStats',
 'scrapy.extensions.logstats.LogStats']
2017-08-21 21:31:24 [py.warnings] WARNING: /home/ubuntu/.local/lib/python3.5/site-packages/scrapy/utils/deprecate.py:156: ScrapyDeprecationWarning: `scrapy.contrib.downloadermiddleware.httpproxy.HttpProxyMiddleware` class is deprecated, use `scrapy.downloadermiddlewares.httpproxy.HttpProxyMiddleware` instead
  ScrapyDeprecationWarning)

2017-08-21 21:31:24 [scrapy.middleware] INFO: Enabled downloader middlewares:
['scrapy.downloadermiddlewares.httpauth.HttpAuthMiddleware',
 'scrapy.downloadermiddlewares.httpproxy.HttpProxyMiddleware',
 'scrapy.downloadermiddlewares.downloadtimeout.DownloadTimeoutMiddleware',
 'scrapy.downloadermiddlewares.defaultheaders.DefaultHeadersMiddleware',
 'scrapy.downloadermiddlewares.useragent.UserAgentMiddleware',
 'scrapy.downloadermiddlewares.retry.RetryMiddleware',
 'scrapy.downloadermiddlewares.redirect.MetaRefreshMiddleware',
 'scrapy.downloadermiddlewares.httpcompression.HttpCompressionMiddleware',
 'scrapy.downloadermiddlewares.redirect.RedirectMiddleware',
 'scrapy.downloadermiddlewares.cookies.CookiesMiddleware',
 'scrapy.downloadermiddlewares.stats.DownloaderStats']
2017-08-21 21:31:24 [scrapy.middleware] INFO: Enabled spider middlewares:
['scrapy.spidermiddlewares.httperror.HttpErrorMiddleware',
 'scrapy.spidermiddlewares.offsite.OffsiteMiddleware',
 'scrapy.spidermiddlewares.referer.RefererMiddleware',
 'scrapy.spidermiddlewares.urllength.UrlLengthMiddleware',
 'scrapy.spidermiddlewares.depth.DepthMiddleware']
2017-08-21 21:31:25 [scrapy.middleware] INFO: Enabled item pipelines:
['scrapy.pipelines.images.ImagesPipeline']
2017-08-21 21:31:25 [scrapy.core.engine] INFO: Spider opened
2017-08-21 21:31:25 [scrapy.extensions.logstats] INFO: Crawled 0 pages (at 0 pages/min), scraped 0 items (at 0 items/min)
2017-08-21 21:31:25 [scrapy.extensions.telnet] DEBUG: Telnet console listening on 127.0.0.1:6023
2017-08-21 21:31:25 [scrapy.core.engine] ERROR: Error while obtaining start requests
Traceback (most recent call last):
  File "/home/ubuntu/.local/lib/python3.5/site-packages/scrapy/core/engine.py", line 127, in _next_request
    request = next(slot.start_requests)
  File "/home/ubuntu/.local/lib/python3.5/site-packages/scrapy/spiders/__init__.py", line 83, in start_requests
    yield Request(url, dont_filter=True)
  File "/home/ubuntu/.local/lib/python3.5/site-packages/scrapy/http/request/__init__.py", line 25, in __init__
    self._set_url(url)
  File "/home/ubuntu/.local/lib/python3.5/site-packages/scrapy/http/request/__init__.py", line 58, in _set_url
    raise ValueError('Missing scheme in request url: %s' % self._url)
ValueError: Missing scheme in request url: f
2017-08-21 21:31:25 [scrapy.core.engine] INFO: Closing spider (finished)
2017-08-21 21:31:25 [scrapy.statscollectors] INFO: Dumping Scrapy stats:
{'finish_reason': 'finished',
 'finish_time': datetime.datetime(2017, 8, 21, 13, 31, 25, 50509),
 'log_count/DEBUG': 1,
 'log_count/ERROR': 1,
 'log_count/INFO': 7,
 'log_count/WARNING': 1,
 'memusage/max': 676290560,
 'memusage/startup': 676290560,
 'start_time': datetime.datetime(2017, 8, 21, 13, 31, 25, 25686)}
2017-08-21 21:31:25 [scrapy.core.engine] INFO: Spider closed (finished)
2017-08-21 21:37:38 [scrapy.utils.log] INFO: Scrapy 1.4.0 started (bot: topgoods)
2017-08-21 21:37:38 [scrapy.utils.log] INFO: Overridden settings: {'FEED_URI': 'results.csv', 'BOT_NAME': 'topgoods', 'SPIDER_MODULES': ['topgoods.spiders'], 'NEWSPIDER_MODULE': 'topgoods.spiders', 'LOG_FILE': 'scrapy.log', 'FEED_FORMAT': 'csv'}
2017-08-21 21:37:38 [scrapy.middleware] INFO: Enabled extensions:
['scrapy.extensions.telnet.TelnetConsole',
 'scrapy.extensions.logstats.LogStats',
 'scrapy.extensions.corestats.CoreStats',
 'scrapy.extensions.feedexport.FeedExporter',
 'scrapy.extensions.memusage.MemoryUsage']
2017-08-21 21:37:38 [py.warnings] WARNING: /home/ubuntu/.local/lib/python3.5/site-packages/scrapy/utils/deprecate.py:156: ScrapyDeprecationWarning: `scrapy.contrib.downloadermiddleware.httpproxy.HttpProxyMiddleware` class is deprecated, use `scrapy.downloadermiddlewares.httpproxy.HttpProxyMiddleware` instead
  ScrapyDeprecationWarning)

2017-08-21 21:37:38 [scrapy.middleware] INFO: Enabled downloader middlewares:
['scrapy.downloadermiddlewares.httpauth.HttpAuthMiddleware',
 'scrapy.downloadermiddlewares.httpproxy.HttpProxyMiddleware',
 'scrapy.downloadermiddlewares.downloadtimeout.DownloadTimeoutMiddleware',
 'scrapy.downloadermiddlewares.defaultheaders.DefaultHeadersMiddleware',
 'scrapy.downloadermiddlewares.useragent.UserAgentMiddleware',
 'scrapy.downloadermiddlewares.retry.RetryMiddleware',
 'scrapy.downloadermiddlewares.redirect.MetaRefreshMiddleware',
 'scrapy.downloadermiddlewares.httpcompression.HttpCompressionMiddleware',
 'scrapy.downloadermiddlewares.redirect.RedirectMiddleware',
 'scrapy.downloadermiddlewares.cookies.CookiesMiddleware',
 'scrapy.downloadermiddlewares.stats.DownloaderStats']
2017-08-21 21:37:38 [scrapy.middleware] INFO: Enabled spider middlewares:
['scrapy.spidermiddlewares.httperror.HttpErrorMiddleware',
 'scrapy.spidermiddlewares.offsite.OffsiteMiddleware',
 'scrapy.spidermiddlewares.referer.RefererMiddleware',
 'scrapy.spidermiddlewares.urllength.UrlLengthMiddleware',
 'scrapy.spidermiddlewares.depth.DepthMiddleware']
2017-08-21 21:37:38 [scrapy.middleware] INFO: Enabled item pipelines:
['scrapy.pipelines.images.ImagesPipeline']
2017-08-21 21:37:38 [scrapy.core.engine] INFO: Spider opened
2017-08-21 21:37:38 [scrapy.extensions.logstats] INFO: Crawled 0 pages (at 0 pages/min), scraped 0 items (at 0 items/min)
2017-08-21 21:37:38 [scrapy.extensions.telnet] DEBUG: Telnet console listening on 127.0.0.1:6023
2017-08-21 21:37:38 [scrapy.core.engine] ERROR: Error while obtaining start requests
Traceback (most recent call last):
  File "/home/ubuntu/.local/lib/python3.5/site-packages/scrapy/core/engine.py", line 127, in _next_request
    request = next(slot.start_requests)
  File "/home/ubuntu/.local/lib/python3.5/site-packages/scrapy/spiders/__init__.py", line 83, in start_requests
    yield Request(url, dont_filter=True)
  File "/home/ubuntu/.local/lib/python3.5/site-packages/scrapy/http/request/__init__.py", line 25, in __init__
    self._set_url(url)
  File "/home/ubuntu/.local/lib/python3.5/site-packages/scrapy/http/request/__init__.py", line 58, in _set_url
    raise ValueError('Missing scheme in request url: %s' % self._url)
ValueError: Missing scheme in request url: f
2017-08-21 21:37:38 [scrapy.core.engine] INFO: Closing spider (finished)
2017-08-21 21:37:38 [scrapy.statscollectors] INFO: Dumping Scrapy stats:
{'finish_reason': 'finished',
 'finish_time': datetime.datetime(2017, 8, 21, 13, 37, 38, 843122),
 'log_count/DEBUG': 1,
 'log_count/ERROR': 1,
 'log_count/INFO': 7,
 'log_count/WARNING': 1,
 'memusage/max': 757366784,
 'memusage/startup': 757366784,
 'start_time': datetime.datetime(2017, 8, 21, 13, 37, 38, 838852)}
2017-08-21 21:37:38 [scrapy.core.engine] INFO: Spider closed (finished)
2017-08-21 21:38:35 [scrapy.utils.log] INFO: Scrapy 1.4.0 started (bot: topgoods)
2017-08-21 21:38:35 [scrapy.utils.log] INFO: Overridden settings: {'FEED_URI': 'results.csv', 'BOT_NAME': 'topgoods', 'FEED_FORMAT': 'csv', 'SPIDER_MODULES': ['topgoods.spiders'], 'LOG_FILE': 'scrapy.log', 'NEWSPIDER_MODULE': 'topgoods.spiders'}
2017-08-21 21:38:35 [scrapy.middleware] INFO: Enabled extensions:
['scrapy.extensions.logstats.LogStats',
 'scrapy.extensions.corestats.CoreStats',
 'scrapy.extensions.memusage.MemoryUsage',
 'scrapy.extensions.feedexport.FeedExporter',
 'scrapy.extensions.telnet.TelnetConsole']
2017-08-21 21:38:35 [py.warnings] WARNING: /home/ubuntu/.local/lib/python3.5/site-packages/scrapy/utils/deprecate.py:156: ScrapyDeprecationWarning: `scrapy.contrib.downloadermiddleware.httpproxy.HttpProxyMiddleware` class is deprecated, use `scrapy.downloadermiddlewares.httpproxy.HttpProxyMiddleware` instead
  ScrapyDeprecationWarning)

2017-08-21 21:38:35 [scrapy.middleware] INFO: Enabled downloader middlewares:
['scrapy.downloadermiddlewares.httpauth.HttpAuthMiddleware',
 'scrapy.downloadermiddlewares.httpproxy.HttpProxyMiddleware',
 'scrapy.downloadermiddlewares.downloadtimeout.DownloadTimeoutMiddleware',
 'scrapy.downloadermiddlewares.defaultheaders.DefaultHeadersMiddleware',
 'scrapy.downloadermiddlewares.useragent.UserAgentMiddleware',
 'scrapy.downloadermiddlewares.retry.RetryMiddleware',
 'scrapy.downloadermiddlewares.redirect.MetaRefreshMiddleware',
 'scrapy.downloadermiddlewares.httpcompression.HttpCompressionMiddleware',
 'scrapy.downloadermiddlewares.redirect.RedirectMiddleware',
 'scrapy.downloadermiddlewares.cookies.CookiesMiddleware',
 'scrapy.downloadermiddlewares.stats.DownloaderStats']
2017-08-21 21:38:35 [scrapy.middleware] INFO: Enabled spider middlewares:
['scrapy.spidermiddlewares.httperror.HttpErrorMiddleware',
 'scrapy.spidermiddlewares.offsite.OffsiteMiddleware',
 'scrapy.spidermiddlewares.referer.RefererMiddleware',
 'scrapy.spidermiddlewares.urllength.UrlLengthMiddleware',
 'scrapy.spidermiddlewares.depth.DepthMiddleware']
2017-08-21 21:38:35 [scrapy.middleware] INFO: Enabled item pipelines:
['scrapy.pipelines.images.ImagesPipeline']
2017-08-21 21:38:35 [scrapy.core.engine] INFO: Spider opened
2017-08-21 21:38:35 [scrapy.extensions.logstats] INFO: Crawled 0 pages (at 0 pages/min), scraped 0 items (at 0 items/min)
2017-08-21 21:38:35 [scrapy.extensions.telnet] DEBUG: Telnet console listening on 127.0.0.1:6023
2017-08-21 21:38:35 [scrapy.core.engine] ERROR: Error while obtaining start requests
Traceback (most recent call last):
  File "/home/ubuntu/.local/lib/python3.5/site-packages/scrapy/core/engine.py", line 127, in _next_request
    request = next(slot.start_requests)
  File "/home/ubuntu/.local/lib/python3.5/site-packages/scrapy/spiders/__init__.py", line 83, in start_requests
    yield Request(url, dont_filter=True)
  File "/home/ubuntu/.local/lib/python3.5/site-packages/scrapy/http/request/__init__.py", line 25, in __init__
    self._set_url(url)
  File "/home/ubuntu/.local/lib/python3.5/site-packages/scrapy/http/request/__init__.py", line 58, in _set_url
    raise ValueError('Missing scheme in request url: %s' % self._url)
ValueError: Missing scheme in request url: f
2017-08-21 21:38:35 [scrapy.core.engine] INFO: Closing spider (finished)
2017-08-21 21:38:35 [scrapy.statscollectors] INFO: Dumping Scrapy stats:
{'finish_reason': 'finished',
 'finish_time': datetime.datetime(2017, 8, 21, 13, 38, 35, 93672),
 'log_count/DEBUG': 1,
 'log_count/ERROR': 1,
 'log_count/INFO': 7,
 'log_count/WARNING': 1,
 'memusage/max': 759603200,
 'memusage/startup': 759603200,
 'start_time': datetime.datetime(2017, 8, 21, 13, 38, 35, 89403)}
2017-08-21 21:38:35 [scrapy.core.engine] INFO: Spider closed (finished)
2017-08-21 21:39:47 [scrapy.utils.log] INFO: Scrapy 1.4.0 started (bot: topgoods)
2017-08-21 21:39:47 [scrapy.utils.log] INFO: Overridden settings: {'BOT_NAME': 'topgoods', 'NEWSPIDER_MODULE': 'topgoods.spiders', 'SPIDER_MODULES': ['topgoods.spiders'], 'LOG_FILE': 'scrapy.log'}
2017-08-21 21:39:47 [scrapy.middleware] INFO: Enabled extensions:
['scrapy.extensions.logstats.LogStats',
 'scrapy.extensions.memusage.MemoryUsage',
 'scrapy.extensions.corestats.CoreStats',
 'scrapy.extensions.telnet.TelnetConsole']
2017-08-21 21:39:47 [py.warnings] WARNING: /home/ubuntu/.local/lib/python3.5/site-packages/scrapy/utils/deprecate.py:156: ScrapyDeprecationWarning: `scrapy.contrib.downloadermiddleware.httpproxy.HttpProxyMiddleware` class is deprecated, use `scrapy.downloadermiddlewares.httpproxy.HttpProxyMiddleware` instead
  ScrapyDeprecationWarning)

2017-08-21 21:39:47 [scrapy.middleware] INFO: Enabled downloader middlewares:
['scrapy.downloadermiddlewares.httpauth.HttpAuthMiddleware',
 'scrapy.downloadermiddlewares.httpproxy.HttpProxyMiddleware',
 'scrapy.downloadermiddlewares.downloadtimeout.DownloadTimeoutMiddleware',
 'scrapy.downloadermiddlewares.defaultheaders.DefaultHeadersMiddleware',
 'scrapy.downloadermiddlewares.useragent.UserAgentMiddleware',
 'scrapy.downloadermiddlewares.retry.RetryMiddleware',
 'scrapy.downloadermiddlewares.redirect.MetaRefreshMiddleware',
 'scrapy.downloadermiddlewares.httpcompression.HttpCompressionMiddleware',
 'scrapy.downloadermiddlewares.redirect.RedirectMiddleware',
 'scrapy.downloadermiddlewares.cookies.CookiesMiddleware',
 'scrapy.downloadermiddlewares.stats.DownloaderStats']
2017-08-21 21:39:47 [scrapy.middleware] INFO: Enabled spider middlewares:
['scrapy.spidermiddlewares.httperror.HttpErrorMiddleware',
 'scrapy.spidermiddlewares.offsite.OffsiteMiddleware',
 'scrapy.spidermiddlewares.referer.RefererMiddleware',
 'scrapy.spidermiddlewares.urllength.UrlLengthMiddleware',
 'scrapy.spidermiddlewares.depth.DepthMiddleware']
2017-08-21 21:39:47 [scrapy.middleware] INFO: Enabled item pipelines:
['scrapy.pipelines.images.ImagesPipeline']
2017-08-21 21:39:47 [scrapy.core.engine] INFO: Spider opened
2017-08-21 21:39:47 [scrapy.extensions.logstats] INFO: Crawled 0 pages (at 0 pages/min), scraped 0 items (at 0 items/min)
2017-08-21 21:39:47 [scrapy.extensions.telnet] DEBUG: Telnet console listening on 127.0.0.1:6023
2017-08-21 21:39:47 [scrapy.core.engine] ERROR: Error while obtaining start requests
Traceback (most recent call last):
  File "/home/ubuntu/.local/lib/python3.5/site-packages/scrapy/core/engine.py", line 127, in _next_request
    request = next(slot.start_requests)
  File "/home/ubuntu/.local/lib/python3.5/site-packages/scrapy/spiders/__init__.py", line 83, in start_requests
    yield Request(url, dont_filter=True)
  File "/home/ubuntu/.local/lib/python3.5/site-packages/scrapy/http/request/__init__.py", line 25, in __init__
    self._set_url(url)
  File "/home/ubuntu/.local/lib/python3.5/site-packages/scrapy/http/request/__init__.py", line 58, in _set_url
    raise ValueError('Missing scheme in request url: %s' % self._url)
ValueError: Missing scheme in request url: f
2017-08-21 21:39:47 [scrapy.core.engine] INFO: Closing spider (finished)
2017-08-21 21:39:47 [scrapy.statscollectors] INFO: Dumping Scrapy stats:
{'finish_reason': 'finished',
 'finish_time': datetime.datetime(2017, 8, 21, 13, 39, 47, 926541),
 'log_count/DEBUG': 1,
 'log_count/ERROR': 1,
 'log_count/INFO': 7,
 'log_count/WARNING': 1,
 'memusage/max': 53731328,
 'memusage/startup': 53731328,
 'start_time': datetime.datetime(2017, 8, 21, 13, 39, 47, 922657)}
2017-08-21 21:39:47 [scrapy.core.engine] INFO: Spider closed (finished)
