2017-08-21 14:04:14 [scrapy.utils.log] INFO: Scrapy 1.4.0 started (bot: myscrapy)
2017-08-21 14:04:14 [scrapy.utils.log] INFO: Overridden settings: {'NEWSPIDER_MODULE': 'myscrapy.spiders', 'ROBOTSTXT_OBEY': True, 'SPIDER_MODULES': ['myscrapy.spiders'], 'LOG_FILE': 'one.log', 'BOT_NAME': 'myscrapy'}
2017-08-21 14:04:15 [scrapy.middleware] INFO: Enabled extensions:
['scrapy.extensions.memusage.MemoryUsage',
 'scrapy.extensions.logstats.LogStats',
 'scrapy.extensions.telnet.TelnetConsole',
 'scrapy.extensions.corestats.CoreStats']
2017-08-21 14:04:15 [scrapy.middleware] INFO: Enabled downloader middlewares:
['scrapy.downloadermiddlewares.robotstxt.RobotsTxtMiddleware',
 'scrapy.downloadermiddlewares.httpauth.HttpAuthMiddleware',
 'scrapy.downloadermiddlewares.downloadtimeout.DownloadTimeoutMiddleware',
 'scrapy.downloadermiddlewares.defaultheaders.DefaultHeadersMiddleware',
 'scrapy.downloadermiddlewares.useragent.UserAgentMiddleware',
 'scrapy.downloadermiddlewares.retry.RetryMiddleware',
 'scrapy.downloadermiddlewares.redirect.MetaRefreshMiddleware',
 'scrapy.downloadermiddlewares.httpcompression.HttpCompressionMiddleware',
 'scrapy.downloadermiddlewares.redirect.RedirectMiddleware',
 'scrapy.downloadermiddlewares.cookies.CookiesMiddleware',
 'scrapy.downloadermiddlewares.httpproxy.HttpProxyMiddleware',
 'scrapy.downloadermiddlewares.stats.DownloaderStats']
2017-08-21 14:04:15 [scrapy.middleware] INFO: Enabled spider middlewares:
['scrapy.spidermiddlewares.httperror.HttpErrorMiddleware',
 'scrapy.spidermiddlewares.offsite.OffsiteMiddleware',
 'scrapy.spidermiddlewares.referer.RefererMiddleware',
 'scrapy.spidermiddlewares.urllength.UrlLengthMiddleware',
 'scrapy.spidermiddlewares.depth.DepthMiddleware']
2017-08-21 14:04:15 [scrapy.middleware] INFO: Enabled item pipelines:
[]
2017-08-21 14:04:15 [scrapy.core.engine] INFO: Spider opened
2017-08-21 14:04:15 [scrapy.extensions.logstats] INFO: Crawled 0 pages (at 0 pages/min), scraped 0 items (at 0 items/min)
2017-08-21 14:04:15 [scrapy.extensions.telnet] DEBUG: Telnet console listening on 127.0.0.1:6023
2017-08-21 14:04:15 [scrapy.core.engine] DEBUG: Crawled (200) <GET http://www.cnblogs.com/robots.txt> (referer: None)
2017-08-21 14:04:15 [scrapy.core.engine] DEBUG: Crawled (200) <GET http://www.cnblogs.com/wuxl360/p/5567631.html> (referer: None)
2017-08-21 14:04:15 [scrapy.core.engine] INFO: Closing spider (finished)
2017-08-21 14:04:15 [scrapy.statscollectors] INFO: Dumping Scrapy stats:
{'downloader/request_bytes': 458,
 'downloader/request_count': 2,
 'downloader/request_method_count/GET': 2,
 'downloader/response_bytes': 13169,
 'downloader/response_count': 2,
 'downloader/response_status_count/200': 2,
 'finish_reason': 'finished',
 'finish_time': datetime.datetime(2017, 8, 21, 6, 4, 15, 546450),
 'log_count/DEBUG': 3,
 'log_count/INFO': 7,
 'memusage/max': 44122112,
 'memusage/startup': 44122112,
 'response_received_count': 2,
 'scheduler/dequeued': 1,
 'scheduler/dequeued/memory': 1,
 'scheduler/enqueued': 1,
 'scheduler/enqueued/memory': 1,
 'start_time': datetime.datetime(2017, 8, 21, 6, 4, 15, 176289)}
2017-08-21 14:04:15 [scrapy.core.engine] INFO: Spider closed (finished)
