2017-08-22 08:28:44 [scrapy.utils.log] INFO: Scrapy 1.4.0 started (bot: topgoods)
2017-08-22 08:28:44 [scrapy.utils.log] INFO: Overridden settings: {'LOG_FILE': 'scrapy.log', 'SPIDER_MODULES': ['topgoods.spiders'], 'FEED_FORMAT': 'csv', 'NEWSPIDER_MODULE': 'topgoods.spiders', 'FEED_URI': 'output/results.csv', 'BOT_NAME': 'topgoods'}
2017-08-22 08:28:44 [scrapy.middleware] INFO: Enabled extensions:
['scrapy.extensions.memusage.MemoryUsage',
 'scrapy.extensions.telnet.TelnetConsole',
 'scrapy.extensions.logstats.LogStats',
 'scrapy.extensions.feedexport.FeedExporter',
 'scrapy.extensions.corestats.CoreStats']
2017-08-22 08:28:44 [py.warnings] WARNING: /usr/local/lib/python3.5/dist-packages/scrapy/utils/deprecate.py:156: ScrapyDeprecationWarning: `scrapy.contrib.downloadermiddleware.httpproxy.HttpProxyMiddleware` class is deprecated, use `scrapy.downloadermiddlewares.httpproxy.HttpProxyMiddleware` instead
  ScrapyDeprecationWarning)

2017-08-22 08:28:44 [scrapy.middleware] INFO: Enabled downloader middlewares:
['scrapy.downloadermiddlewares.httpauth.HttpAuthMiddleware',
 'scrapy.downloadermiddlewares.httpproxy.HttpProxyMiddleware',
 'scrapy.downloadermiddlewares.downloadtimeout.DownloadTimeoutMiddleware',
 'scrapy.downloadermiddlewares.defaultheaders.DefaultHeadersMiddleware',
 'scrapy.downloadermiddlewares.useragent.UserAgentMiddleware',
 'scrapy.downloadermiddlewares.retry.RetryMiddleware',
 'scrapy.downloadermiddlewares.redirect.MetaRefreshMiddleware',
 'scrapy.downloadermiddlewares.httpcompression.HttpCompressionMiddleware',
 'scrapy.downloadermiddlewares.redirect.RedirectMiddleware',
 'scrapy.downloadermiddlewares.cookies.CookiesMiddleware',
 'scrapy.downloadermiddlewares.stats.DownloaderStats']
2017-08-22 08:28:44 [scrapy.middleware] INFO: Enabled spider middlewares:
['scrapy.spidermiddlewares.httperror.HttpErrorMiddleware',
 'scrapy.spidermiddlewares.offsite.OffsiteMiddleware',
 'scrapy.spidermiddlewares.referer.RefererMiddleware',
 'scrapy.spidermiddlewares.urllength.UrlLengthMiddleware',
 'scrapy.spidermiddlewares.depth.DepthMiddleware']
2017-08-22 08:28:44 [scrapy.middleware] INFO: Enabled item pipelines:
['scrapy.pipelines.images.ImagesPipeline']
2017-08-22 08:28:44 [scrapy.core.engine] INFO: Spider opened
2017-08-22 08:28:44 [scrapy.extensions.logstats] INFO: Crawled 0 pages (at 0 pages/min), scraped 0 items (at 0 items/min)
2017-08-22 08:28:44 [scrapy.extensions.telnet] DEBUG: Telnet console listening on 127.0.0.1:6023
2017-08-22 08:28:44 [scrapy.core.engine] DEBUG: Crawled (200) <GET file:///home/lwq/Python/Scrapy_tutorial/12/topgoods/html/tm.html> (referer: None)
2017-08-22 08:28:44 [scrapy.core.engine] INFO: Closing spider (finished)
2017-08-22 08:28:44 [scrapy.statscollectors] INFO: Dumping Scrapy stats:
{'downloader/request_bytes': 254,
 'downloader/request_count': 1,
 'downloader/request_method_count/GET': 1,
 'downloader/response_bytes': 414474,
 'downloader/response_count': 1,
 'downloader/response_status_count/200': 1,
 'finish_reason': 'finished',
 'finish_time': datetime.datetime(2017, 8, 22, 0, 28, 44, 615148),
 'log_count/DEBUG': 2,
 'log_count/INFO': 7,
 'log_count/WARNING': 1,
 'memusage/max': 712601600,
 'memusage/startup': 712601600,
 'response_received_count': 1,
 'scheduler/dequeued': 1,
 'scheduler/dequeued/memory': 1,
 'scheduler/enqueued': 1,
 'scheduler/enqueued/memory': 1,
 'start_time': datetime.datetime(2017, 8, 22, 0, 28, 44, 445876)}
2017-08-22 08:28:44 [scrapy.core.engine] INFO: Spider closed (finished)
2017-08-22 08:30:24 [scrapy.utils.log] INFO: Scrapy 1.4.0 started (bot: topgoods)
2017-08-22 08:30:24 [scrapy.utils.log] INFO: Overridden settings: {'FEED_FORMAT': 'csv', 'SPIDER_MODULES': ['topgoods.spiders'], 'LOG_FILE': 'scrapy.log', 'BOT_NAME': 'topgoods', 'NEWSPIDER_MODULE': 'topgoods.spiders', 'FEED_URI': 'output/results.csv'}
2017-08-22 08:30:24 [scrapy.middleware] INFO: Enabled extensions:
['scrapy.extensions.logstats.LogStats',
 'scrapy.extensions.memusage.MemoryUsage',
 'scrapy.extensions.telnet.TelnetConsole',
 'scrapy.extensions.corestats.CoreStats',
 'scrapy.extensions.feedexport.FeedExporter']
2017-08-22 08:30:24 [py.warnings] WARNING: /usr/local/lib/python3.5/dist-packages/scrapy/utils/deprecate.py:156: ScrapyDeprecationWarning: `scrapy.contrib.downloadermiddleware.httpproxy.HttpProxyMiddleware` class is deprecated, use `scrapy.downloadermiddlewares.httpproxy.HttpProxyMiddleware` instead
  ScrapyDeprecationWarning)

2017-08-22 08:30:24 [scrapy.middleware] INFO: Enabled downloader middlewares:
['scrapy.downloadermiddlewares.httpauth.HttpAuthMiddleware',
 'scrapy.downloadermiddlewares.httpproxy.HttpProxyMiddleware',
 'scrapy.downloadermiddlewares.downloadtimeout.DownloadTimeoutMiddleware',
 'scrapy.downloadermiddlewares.defaultheaders.DefaultHeadersMiddleware',
 'scrapy.downloadermiddlewares.useragent.UserAgentMiddleware',
 'scrapy.downloadermiddlewares.retry.RetryMiddleware',
 'scrapy.downloadermiddlewares.redirect.MetaRefreshMiddleware',
 'scrapy.downloadermiddlewares.httpcompression.HttpCompressionMiddleware',
 'scrapy.downloadermiddlewares.redirect.RedirectMiddleware',
 'scrapy.downloadermiddlewares.cookies.CookiesMiddleware',
 'scrapy.downloadermiddlewares.stats.DownloaderStats']
2017-08-22 08:30:24 [scrapy.middleware] INFO: Enabled spider middlewares:
['scrapy.spidermiddlewares.httperror.HttpErrorMiddleware',
 'scrapy.spidermiddlewares.offsite.OffsiteMiddleware',
 'scrapy.spidermiddlewares.referer.RefererMiddleware',
 'scrapy.spidermiddlewares.urllength.UrlLengthMiddleware',
 'scrapy.spidermiddlewares.depth.DepthMiddleware']
2017-08-22 08:30:24 [scrapy.middleware] INFO: Enabled item pipelines:
['scrapy.pipelines.images.ImagesPipeline']
2017-08-22 08:30:24 [scrapy.core.engine] INFO: Spider opened
2017-08-22 08:30:24 [scrapy.extensions.logstats] INFO: Crawled 0 pages (at 0 pages/min), scraped 0 items (at 0 items/min)
2017-08-22 08:30:24 [scrapy.extensions.telnet] DEBUG: Telnet console listening on 127.0.0.1:6023
2017-08-22 08:30:24 [scrapy.core.engine] DEBUG: Crawled (200) <GET file:///home/lwq/Python/Scrapy_tutorial/12/topgoods/html/tm.html> (referer: None)
2017-08-22 08:30:24 [scrapy.core.engine] INFO: Closing spider (finished)
2017-08-22 08:30:24 [scrapy.statscollectors] INFO: Dumping Scrapy stats:
{'downloader/request_bytes': 254,
 'downloader/request_count': 1,
 'downloader/request_method_count/GET': 1,
 'downloader/response_bytes': 414474,
 'downloader/response_count': 1,
 'downloader/response_status_count/200': 1,
 'finish_reason': 'finished',
 'finish_time': datetime.datetime(2017, 8, 22, 0, 30, 24, 919895),
 'log_count/DEBUG': 2,
 'log_count/INFO': 7,
 'log_count/WARNING': 1,
 'memusage/max': 712601600,
 'memusage/startup': 712601600,
 'response_received_count': 1,
 'scheduler/dequeued': 1,
 'scheduler/dequeued/memory': 1,
 'scheduler/enqueued': 1,
 'scheduler/enqueued/memory': 1,
 'start_time': datetime.datetime(2017, 8, 22, 0, 30, 24, 764010)}
2017-08-22 08:30:24 [scrapy.core.engine] INFO: Spider closed (finished)
2017-08-22 08:37:59 [scrapy.utils.log] INFO: Scrapy 1.4.0 started (bot: topgoods)
2017-08-22 08:37:59 [scrapy.utils.log] INFO: Overridden settings: {'FEED_URI': 'output/results.csv', 'FEED_FORMAT': 'csv', 'SPIDER_MODULES': ['topgoods.spiders'], 'BOT_NAME': 'topgoods', 'NEWSPIDER_MODULE': 'topgoods.spiders', 'LOG_FILE': 'scrapy.log'}
2017-08-22 08:37:59 [scrapy.middleware] INFO: Enabled extensions:
['scrapy.extensions.corestats.CoreStats',
 'scrapy.extensions.memusage.MemoryUsage',
 'scrapy.extensions.feedexport.FeedExporter',
 'scrapy.extensions.logstats.LogStats',
 'scrapy.extensions.telnet.TelnetConsole']
2017-08-22 08:37:59 [py.warnings] WARNING: /usr/local/lib/python3.5/dist-packages/scrapy/utils/deprecate.py:156: ScrapyDeprecationWarning: `scrapy.contrib.downloadermiddleware.httpproxy.HttpProxyMiddleware` class is deprecated, use `scrapy.downloadermiddlewares.httpproxy.HttpProxyMiddleware` instead
  ScrapyDeprecationWarning)

2017-08-22 08:37:59 [scrapy.middleware] INFO: Enabled downloader middlewares:
['scrapy.downloadermiddlewares.httpauth.HttpAuthMiddleware',
 'scrapy.downloadermiddlewares.httpproxy.HttpProxyMiddleware',
 'scrapy.downloadermiddlewares.downloadtimeout.DownloadTimeoutMiddleware',
 'scrapy.downloadermiddlewares.defaultheaders.DefaultHeadersMiddleware',
 'scrapy.downloadermiddlewares.useragent.UserAgentMiddleware',
 'scrapy.downloadermiddlewares.retry.RetryMiddleware',
 'scrapy.downloadermiddlewares.redirect.MetaRefreshMiddleware',
 'scrapy.downloadermiddlewares.httpcompression.HttpCompressionMiddleware',
 'scrapy.downloadermiddlewares.redirect.RedirectMiddleware',
 'scrapy.downloadermiddlewares.cookies.CookiesMiddleware',
 'scrapy.downloadermiddlewares.stats.DownloaderStats']
2017-08-22 08:37:59 [scrapy.middleware] INFO: Enabled spider middlewares:
['scrapy.spidermiddlewares.httperror.HttpErrorMiddleware',
 'scrapy.spidermiddlewares.offsite.OffsiteMiddleware',
 'scrapy.spidermiddlewares.referer.RefererMiddleware',
 'scrapy.spidermiddlewares.urllength.UrlLengthMiddleware',
 'scrapy.spidermiddlewares.depth.DepthMiddleware']
2017-08-22 08:37:59 [scrapy.middleware] INFO: Enabled item pipelines:
['scrapy.pipelines.images.ImagesPipeline']
2017-08-22 08:37:59 [scrapy.core.engine] INFO: Spider opened
2017-08-22 08:37:59 [scrapy.extensions.logstats] INFO: Crawled 0 pages (at 0 pages/min), scraped 0 items (at 0 items/min)
2017-08-22 08:37:59 [scrapy.extensions.telnet] DEBUG: Telnet console listening on 127.0.0.1:6023
2017-08-22 08:37:59 [scrapy.core.engine] DEBUG: Crawled (200) <GET file:///home/lwq/Python/Scrapy_tutorial/12/topgoods/html/tm.html> (referer: None)
2017-08-22 08:37:59 [scrapy.core.engine] INFO: Closing spider (finished)
2017-08-22 08:37:59 [scrapy.statscollectors] INFO: Dumping Scrapy stats:
{'downloader/request_bytes': 254,
 'downloader/request_count': 1,
 'downloader/request_method_count/GET': 1,
 'downloader/response_bytes': 414474,
 'downloader/response_count': 1,
 'downloader/response_status_count/200': 1,
 'finish_reason': 'finished',
 'finish_time': datetime.datetime(2017, 8, 22, 0, 37, 59, 430213),
 'log_count/DEBUG': 2,
 'log_count/INFO': 7,
 'log_count/WARNING': 1,
 'memusage/max': 750247936,
 'memusage/startup': 750247936,
 'response_received_count': 1,
 'scheduler/dequeued': 1,
 'scheduler/dequeued/memory': 1,
 'scheduler/enqueued': 1,
 'scheduler/enqueued/memory': 1,
 'start_time': datetime.datetime(2017, 8, 22, 0, 37, 59, 270308)}
2017-08-22 08:37:59 [scrapy.core.engine] INFO: Spider closed (finished)
2017-08-22 08:38:14 [scrapy.utils.log] INFO: Scrapy 1.4.0 started (bot: topgoods)
2017-08-22 08:38:14 [scrapy.utils.log] INFO: Overridden settings: {'FEED_FORMAT': 'csv', 'LOG_FILE': 'scrapy.log', 'SPIDER_MODULES': ['topgoods.spiders'], 'NEWSPIDER_MODULE': 'topgoods.spiders', 'BOT_NAME': 'topgoods', 'FEED_URI': 'output/results.csv'}
2017-08-22 08:38:14 [scrapy.middleware] INFO: Enabled extensions:
['scrapy.extensions.logstats.LogStats',
 'scrapy.extensions.corestats.CoreStats',
 'scrapy.extensions.memusage.MemoryUsage',
 'scrapy.extensions.telnet.TelnetConsole',
 'scrapy.extensions.feedexport.FeedExporter']
2017-08-22 08:38:14 [py.warnings] WARNING: /usr/local/lib/python3.5/dist-packages/scrapy/utils/deprecate.py:156: ScrapyDeprecationWarning: `scrapy.contrib.downloadermiddleware.httpproxy.HttpProxyMiddleware` class is deprecated, use `scrapy.downloadermiddlewares.httpproxy.HttpProxyMiddleware` instead
  ScrapyDeprecationWarning)

2017-08-22 08:38:14 [scrapy.middleware] INFO: Enabled downloader middlewares:
['scrapy.downloadermiddlewares.httpauth.HttpAuthMiddleware',
 'scrapy.downloadermiddlewares.httpproxy.HttpProxyMiddleware',
 'scrapy.downloadermiddlewares.downloadtimeout.DownloadTimeoutMiddleware',
 'scrapy.downloadermiddlewares.defaultheaders.DefaultHeadersMiddleware',
 'scrapy.downloadermiddlewares.useragent.UserAgentMiddleware',
 'scrapy.downloadermiddlewares.retry.RetryMiddleware',
 'scrapy.downloadermiddlewares.redirect.MetaRefreshMiddleware',
 'scrapy.downloadermiddlewares.httpcompression.HttpCompressionMiddleware',
 'scrapy.downloadermiddlewares.redirect.RedirectMiddleware',
 'scrapy.downloadermiddlewares.cookies.CookiesMiddleware',
 'scrapy.downloadermiddlewares.stats.DownloaderStats']
2017-08-22 08:38:14 [scrapy.middleware] INFO: Enabled spider middlewares:
['scrapy.spidermiddlewares.httperror.HttpErrorMiddleware',
 'scrapy.spidermiddlewares.offsite.OffsiteMiddleware',
 'scrapy.spidermiddlewares.referer.RefererMiddleware',
 'scrapy.spidermiddlewares.urllength.UrlLengthMiddleware',
 'scrapy.spidermiddlewares.depth.DepthMiddleware']
2017-08-22 08:38:14 [scrapy.middleware] INFO: Enabled item pipelines:
['scrapy.pipelines.images.ImagesPipeline']
2017-08-22 08:38:14 [scrapy.core.engine] INFO: Spider opened
2017-08-22 08:38:14 [scrapy.extensions.logstats] INFO: Crawled 0 pages (at 0 pages/min), scraped 0 items (at 0 items/min)
2017-08-22 08:38:14 [scrapy.extensions.telnet] DEBUG: Telnet console listening on 127.0.0.1:6023
2017-08-22 08:38:14 [scrapy.core.engine] DEBUG: Crawled (200) <GET file:///home/lwq/Python/Scrapy_tutorial/12/topgoods/html/tm.html> (referer: None)
2017-08-22 08:38:14 [scrapy.core.engine] INFO: Closing spider (finished)
2017-08-22 08:38:14 [scrapy.statscollectors] INFO: Dumping Scrapy stats:
{'downloader/request_bytes': 254,
 'downloader/request_count': 1,
 'downloader/request_method_count/GET': 1,
 'downloader/response_bytes': 414474,
 'downloader/response_count': 1,
 'downloader/response_status_count/200': 1,
 'finish_reason': 'finished',
 'finish_time': datetime.datetime(2017, 8, 22, 0, 38, 14, 978137),
 'log_count/DEBUG': 2,
 'log_count/INFO': 7,
 'log_count/WARNING': 1,
 'memusage/max': 750247936,
 'memusage/startup': 750247936,
 'response_received_count': 1,
 'scheduler/dequeued': 1,
 'scheduler/dequeued/memory': 1,
 'scheduler/enqueued': 1,
 'scheduler/enqueued/memory': 1,
 'start_time': datetime.datetime(2017, 8, 22, 0, 38, 14, 819937)}
2017-08-22 08:38:14 [scrapy.core.engine] INFO: Spider closed (finished)
2017-08-22 08:38:37 [scrapy.utils.log] INFO: Scrapy 1.4.0 started (bot: topgoods)
2017-08-22 08:38:37 [scrapy.utils.log] INFO: Overridden settings: {'FEED_FORMAT': 'csv', 'SPIDER_MODULES': ['topgoods.spiders'], 'LOG_FILE': 'scrapy.log', 'NEWSPIDER_MODULE': 'topgoods.spiders', 'BOT_NAME': 'topgoods', 'FEED_URI': 'output/results.csv'}
2017-08-22 08:38:37 [scrapy.middleware] INFO: Enabled extensions:
['scrapy.extensions.corestats.CoreStats',
 'scrapy.extensions.telnet.TelnetConsole',
 'scrapy.extensions.feedexport.FeedExporter',
 'scrapy.extensions.memusage.MemoryUsage',
 'scrapy.extensions.logstats.LogStats']
2017-08-22 08:38:37 [py.warnings] WARNING: /usr/local/lib/python3.5/dist-packages/scrapy/utils/deprecate.py:156: ScrapyDeprecationWarning: `scrapy.contrib.downloadermiddleware.httpproxy.HttpProxyMiddleware` class is deprecated, use `scrapy.downloadermiddlewares.httpproxy.HttpProxyMiddleware` instead
  ScrapyDeprecationWarning)

2017-08-22 08:38:37 [scrapy.middleware] INFO: Enabled downloader middlewares:
['scrapy.downloadermiddlewares.httpauth.HttpAuthMiddleware',
 'scrapy.downloadermiddlewares.httpproxy.HttpProxyMiddleware',
 'scrapy.downloadermiddlewares.downloadtimeout.DownloadTimeoutMiddleware',
 'scrapy.downloadermiddlewares.defaultheaders.DefaultHeadersMiddleware',
 'scrapy.downloadermiddlewares.useragent.UserAgentMiddleware',
 'scrapy.downloadermiddlewares.retry.RetryMiddleware',
 'scrapy.downloadermiddlewares.redirect.MetaRefreshMiddleware',
 'scrapy.downloadermiddlewares.httpcompression.HttpCompressionMiddleware',
 'scrapy.downloadermiddlewares.redirect.RedirectMiddleware',
 'scrapy.downloadermiddlewares.cookies.CookiesMiddleware',
 'scrapy.downloadermiddlewares.stats.DownloaderStats']
2017-08-22 08:38:37 [scrapy.middleware] INFO: Enabled spider middlewares:
['scrapy.spidermiddlewares.httperror.HttpErrorMiddleware',
 'scrapy.spidermiddlewares.offsite.OffsiteMiddleware',
 'scrapy.spidermiddlewares.referer.RefererMiddleware',
 'scrapy.spidermiddlewares.urllength.UrlLengthMiddleware',
 'scrapy.spidermiddlewares.depth.DepthMiddleware']
2017-08-22 08:38:37 [scrapy.middleware] INFO: Enabled item pipelines:
['scrapy.pipelines.images.ImagesPipeline']
2017-08-22 08:38:37 [scrapy.core.engine] INFO: Spider opened
2017-08-22 08:38:37 [scrapy.extensions.logstats] INFO: Crawled 0 pages (at 0 pages/min), scraped 0 items (at 0 items/min)
2017-08-22 08:38:37 [scrapy.extensions.telnet] DEBUG: Telnet console listening on 127.0.0.1:6023
2017-08-22 08:38:37 [scrapy.core.engine] DEBUG: Crawled (200) <GET file:///home/lwq/Python/Scrapy_tutorial/12/topgoods/html/tm.html> (referer: None)
2017-08-22 08:38:37 [scrapy.core.engine] INFO: Closing spider (finished)
2017-08-22 08:38:37 [scrapy.statscollectors] INFO: Dumping Scrapy stats:
{'downloader/request_bytes': 254,
 'downloader/request_count': 1,
 'downloader/request_method_count/GET': 1,
 'downloader/response_bytes': 414474,
 'downloader/response_count': 1,
 'downloader/response_status_count/200': 1,
 'finish_reason': 'finished',
 'finish_time': datetime.datetime(2017, 8, 22, 0, 38, 37, 595437),
 'log_count/DEBUG': 2,
 'log_count/INFO': 7,
 'log_count/WARNING': 1,
 'memusage/max': 750247936,
 'memusage/startup': 750247936,
 'response_received_count': 1,
 'scheduler/dequeued': 1,
 'scheduler/dequeued/memory': 1,
 'scheduler/enqueued': 1,
 'scheduler/enqueued/memory': 1,
 'start_time': datetime.datetime(2017, 8, 22, 0, 38, 37, 435731)}
2017-08-22 08:38:37 [scrapy.core.engine] INFO: Spider closed (finished)
2017-08-22 08:50:53 [scrapy.utils.log] INFO: Scrapy 1.4.0 started (bot: topgoods)
2017-08-22 08:50:53 [scrapy.utils.log] INFO: Overridden settings: {'NEWSPIDER_MODULE': 'topgoods.spiders', 'FEED_URI': 'output/results.csv', 'SPIDER_MODULES': ['topgoods.spiders'], 'BOT_NAME': 'topgoods', 'LOG_FILE': 'scrapy.log', 'FEED_FORMAT': 'csv'}
2017-08-22 08:50:53 [scrapy.middleware] INFO: Enabled extensions:
['scrapy.extensions.memusage.MemoryUsage',
 'scrapy.extensions.feedexport.FeedExporter',
 'scrapy.extensions.telnet.TelnetConsole',
 'scrapy.extensions.logstats.LogStats',
 'scrapy.extensions.corestats.CoreStats']
2017-08-22 08:50:53 [py.warnings] WARNING: /usr/local/lib/python3.5/dist-packages/scrapy/utils/deprecate.py:156: ScrapyDeprecationWarning: `scrapy.contrib.downloadermiddleware.httpproxy.HttpProxyMiddleware` class is deprecated, use `scrapy.downloadermiddlewares.httpproxy.HttpProxyMiddleware` instead
  ScrapyDeprecationWarning)

2017-08-22 08:50:53 [scrapy.middleware] INFO: Enabled downloader middlewares:
['scrapy.downloadermiddlewares.httpauth.HttpAuthMiddleware',
 'scrapy.downloadermiddlewares.httpproxy.HttpProxyMiddleware',
 'scrapy.downloadermiddlewares.downloadtimeout.DownloadTimeoutMiddleware',
 'scrapy.downloadermiddlewares.defaultheaders.DefaultHeadersMiddleware',
 'scrapy.downloadermiddlewares.useragent.UserAgentMiddleware',
 'scrapy.downloadermiddlewares.retry.RetryMiddleware',
 'scrapy.downloadermiddlewares.redirect.MetaRefreshMiddleware',
 'scrapy.downloadermiddlewares.httpcompression.HttpCompressionMiddleware',
 'scrapy.downloadermiddlewares.redirect.RedirectMiddleware',
 'scrapy.downloadermiddlewares.cookies.CookiesMiddleware',
 'scrapy.downloadermiddlewares.stats.DownloaderStats']
2017-08-22 08:50:53 [scrapy.middleware] INFO: Enabled spider middlewares:
['scrapy.spidermiddlewares.httperror.HttpErrorMiddleware',
 'scrapy.spidermiddlewares.offsite.OffsiteMiddleware',
 'scrapy.spidermiddlewares.referer.RefererMiddleware',
 'scrapy.spidermiddlewares.urllength.UrlLengthMiddleware',
 'scrapy.spidermiddlewares.depth.DepthMiddleware']
2017-08-22 08:50:53 [scrapy.middleware] INFO: Enabled item pipelines:
['scrapy.pipelines.images.ImagesPipeline']
2017-08-22 08:50:53 [scrapy.core.engine] INFO: Spider opened
2017-08-22 08:50:53 [scrapy.extensions.logstats] INFO: Crawled 0 pages (at 0 pages/min), scraped 0 items (at 0 items/min)
2017-08-22 08:50:53 [scrapy.extensions.telnet] DEBUG: Telnet console listening on 127.0.0.1:6023
2017-08-22 08:50:54 [scrapy.downloadermiddlewares.redirect] DEBUG: Redirecting (302) to <GET https://login.taobao.com/jump?target=https%3A%2F%2Flist.tmall.com%2Fsearch_product.htm%3Ftbpm%3D1%26type%3Dpc%26totalPage%3D100%26cat%3D50025135%26sort%3Dd%26style%3Dg%26from%3Dsn_1_cat-qp%26active%3D1%26jumpto%3D10> from <GET https://list.tmall.com/search_product.htm?type=pc&totalPage=100&cat=50025135&sort=d&style=g&from=sn_1_cat-qp&active=1&jumpto=10#J_Filter>
2017-08-22 08:50:59 [scrapy.downloadermiddlewares.redirect] DEBUG: Redirecting (302) to <GET https://pass.tmall.com/add?cookie2=1e897f52f1e0dab04927df28f907af2e&t=d81a49f848f5b4637abd3dabeb780e0f&_tb_token_=f0ce1ebe3ec70&tmsc=1503363057335000&opi=11.128.45.77&pacc=wW14m9qVASdcAQ0zK8O4Ig==&target=https%3A%2F%2Flist.tmall.com%2Fsearch_product.htm%3Ftbpm%3D1%26type%3Dpc%26totalPage%3D100%26cat%3D50025135%26sort%3Dd%26style%3Dg%26from%3Dsn_1_cat-qp%26active%3D1%26jumpto%3D10> from <GET https://login.taobao.com/jump?target=https%3A%2F%2Flist.tmall.com%2Fsearch_product.htm%3Ftbpm%3D1%26type%3Dpc%26totalPage%3D100%26cat%3D50025135%26sort%3Dd%26style%3Dg%26from%3Dsn_1_cat-qp%26active%3D1%26jumpto%3D10>
2017-08-22 08:51:04 [scrapy.downloadermiddlewares.redirect] DEBUG: Redirecting (302) to <GET https://list.tmall.com/search_product.htm?tbpm=1&type=pc&totalPage=100&cat=50025135&sort=d&style=g&from=sn_1_cat-qp&active=1&jumpto=10> from <GET https://pass.tmall.com/add?cookie2=1e897f52f1e0dab04927df28f907af2e&t=d81a49f848f5b4637abd3dabeb780e0f&_tb_token_=f0ce1ebe3ec70&tmsc=1503363057335000&opi=11.128.45.77&pacc=wW14m9qVASdcAQ0zK8O4Ig==&target=https%3A%2F%2Flist.tmall.com%2Fsearch_product.htm%3Ftbpm%3D1%26type%3Dpc%26totalPage%3D100%26cat%3D50025135%26sort%3Dd%26style%3Dg%26from%3Dsn_1_cat-qp%26active%3D1%26jumpto%3D10>
2017-08-22 08:51:04 [scrapy.downloadermiddlewares.redirect] DEBUG: Redirecting (302) to <GET https://list.tmall.com/search_product.htm?type=pc&totalPage=100&cat=50025135&sort=d&style=g&from=sn_1_cat-qp&active=1&jumpto=10> from <GET https://list.tmall.com/search_product.htm?tbpm=1&type=pc&totalPage=100&cat=50025135&sort=d&style=g&from=sn_1_cat-qp&active=1&jumpto=10>
2017-08-22 08:51:04 [scrapy.downloadermiddlewares.redirect] DEBUG: Redirecting (302) to <GET https://sec.taobao.com/query.htm?smApp=tmallsearch&smPolicy=tmallsearch-product-anti_Spider-html-checklogin&smCharset=GBK&smTag=MTIzLjEyOS41MS4zNCwsMDg1OTI2MDcxNjZhNDI5ZTg2ZGUzYmRjNDhhZDRlNmM%3D&smReturn=https%3A%2F%2Flist.tmall.com%2Fsearch_product.htm%3Ftype%3Dpc%26totalPage%3D100%26cat%3D50025135%26sort%3Dd%26style%3Dg%26from%3Dsn_1_cat-qp%26active%3D1%26jumpto%3D10&smSign=zzT84RLumUDyv6I%2BOJwt%2Fg%3D%3D> from <GET https://list.tmall.com/search_product.htm?type=pc&totalPage=100&cat=50025135&sort=d&style=g&from=sn_1_cat-qp&active=1&jumpto=10>
2017-08-22 08:51:09 [scrapy.downloadermiddlewares.redirect] DEBUG: Redirecting (302) to <GET http://login.tmall.com/?from=sm&redirect_url=https%3A%2F%2Fsec.taobao.com%2Fquery.htm%3Faction%3DQueryAction%26event_submit_do_login%3Dok%26smApp%3Dtmallsearch%26smPolicy%3Dtmallsearch-product-anti_Spider-html-checklogin%26smCharset%3DGBK%26smTag%3DMTIzLjEyOS41MS4zNCwsMDg1OTI2MDcxNjZhNDI5ZTg2ZGUzYmRjNDhhZDRlNmM%253D%26smReturn%3Dhttps%253A%252F%252Flist.tmall.com%252Fsearch_product.htm%253Ftype%253Dpc%2526totalPage%253D100%2526cat%253D50025135%2526sort%253Dd%2526style%253Dg%2526from%253Dsn_1_cat-qp%2526active%253D1%2526jumpto%253D10%26smSign%3DzzT84RLumUDyv6I%252BOJwt%252Fg%253D%253D> from <GET https://sec.taobao.com/query.htm?smApp=tmallsearch&smPolicy=tmallsearch-product-anti_Spider-html-checklogin&smCharset=GBK&smTag=MTIzLjEyOS41MS4zNCwsMDg1OTI2MDcxNjZhNDI5ZTg2ZGUzYmRjNDhhZDRlNmM%3D&smReturn=https%3A%2F%2Flist.tmall.com%2Fsearch_product.htm%3Ftype%3Dpc%26totalPage%3D100%26cat%3D50025135%26sort%3Dd%26style%3Dg%26from%3Dsn_1_cat-qp%26active%3D1%26jumpto%3D10&smSign=zzT84RLumUDyv6I%2BOJwt%2Fg%3D%3D>
2017-08-22 08:51:09 [scrapy.downloadermiddlewares.redirect] DEBUG: Redirecting (302) to <GET https://login.tmall.com/?from=sm&redirect_url=https%3A%2F%2Fsec.taobao.com%2Fquery.htm%3Faction%3DQueryAction%26event_submit_do_login%3Dok%26smApp%3Dtmallsearch%26smPolicy%3Dtmallsearch-product-anti_Spider-html-checklogin%26smCharset%3DGBK%26smTag%3DMTIzLjEyOS41MS4zNCwsMDg1OTI2MDcxNjZhNDI5ZTg2ZGUzYmRjNDhhZDRlNmM%253D%26smReturn%3Dhttps%253A%252F%252Flist.tmall.com%252Fsearch_product.htm%253Ftype%253Dpc%2526totalPage%253D100%2526cat%253D50025135%2526sort%253Dd%2526style%253Dg%2526from%253Dsn_1_cat-qp%2526active%253D1%2526jumpto%253D10%26smSign%3DzzT84RLumUDyv6I%252BOJwt%252Fg%253D%253D> from <GET http://login.tmall.com/?from=sm&redirect_url=https%3A%2F%2Fsec.taobao.com%2Fquery.htm%3Faction%3DQueryAction%26event_submit_do_login%3Dok%26smApp%3Dtmallsearch%26smPolicy%3Dtmallsearch-product-anti_Spider-html-checklogin%26smCharset%3DGBK%26smTag%3DMTIzLjEyOS41MS4zNCwsMDg1OTI2MDcxNjZhNDI5ZTg2ZGUzYmRjNDhhZDRlNmM%253D%26smReturn%3Dhttps%253A%252F%252Flist.tmall.com%252Fsearch_product.htm%253Ftype%253Dpc%2526totalPage%253D100%2526cat%253D50025135%2526sort%253Dd%2526style%253Dg%2526from%253Dsn_1_cat-qp%2526active%253D1%2526jumpto%253D10%26smSign%3DzzT84RLumUDyv6I%252BOJwt%252Fg%253D%253D>
2017-08-22 08:51:10 [scrapy.core.engine] DEBUG: Crawled (200) <GET https://login.tmall.com/?from=sm&redirect_url=https%3A%2F%2Fsec.taobao.com%2Fquery.htm%3Faction%3DQueryAction%26event_submit_do_login%3Dok%26smApp%3Dtmallsearch%26smPolicy%3Dtmallsearch-product-anti_Spider-html-checklogin%26smCharset%3DGBK%26smTag%3DMTIzLjEyOS41MS4zNCwsMDg1OTI2MDcxNjZhNDI5ZTg2ZGUzYmRjNDhhZDRlNmM%253D%26smReturn%3Dhttps%253A%252F%252Flist.tmall.com%252Fsearch_product.htm%253Ftype%253Dpc%2526totalPage%253D100%2526cat%253D50025135%2526sort%253Dd%2526style%253Dg%2526from%253Dsn_1_cat-qp%2526active%253D1%2526jumpto%253D10%26smSign%3DzzT84RLumUDyv6I%252BOJwt%252Fg%253D%253D> (referer: None)
2017-08-22 08:51:10 [tm_goods] DEBUG: 列表页出错--https://login.tmall.com/?from=sm&redirect_url=https%3A%2F%2Fsec.taobao.com%2Fquery.htm%3Faction%3DQueryAction%26event_submit_do_login%3Dok%26smApp%3Dtmallsearch%26smPolicy%3Dtmallsearch-product-anti_Spider-html-checklogin%26smCharset%3DGBK%26smTag%3DMTIzLjEyOS41MS4zNCwsMDg1OTI2MDcxNjZhNDI5ZTg2ZGUzYmRjNDhhZDRlNmM%253D%26smReturn%3Dhttps%253A%252F%252Flist.tmall.com%252Fsearch_product.htm%253Ftype%253Dpc%2526totalPage%253D100%2526cat%253D50025135%2526sort%253Dd%2526style%253Dg%2526from%253Dsn_1_cat-qp%2526active%253D1%2526jumpto%253D10%26smSign%3DzzT84RLumUDyv6I%252BOJwt%252Fg%253D%253D
2017-08-22 08:51:10 [scrapy.core.engine] INFO: Closing spider (finished)
2017-08-22 08:51:10 [scrapy.statscollectors] INFO: Dumping Scrapy stats:
{'downloader/request_bytes': 4650,
 'downloader/request_count': 8,
 'downloader/request_method_count/GET': 8,
 'downloader/response_bytes': 11712,
 'downloader/response_count': 8,
 'downloader/response_status_count/200': 1,
 'downloader/response_status_count/302': 7,
 'finish_reason': 'finished',
 'finish_time': datetime.datetime(2017, 8, 22, 0, 51, 10, 471667),
 'log_count/DEBUG': 10,
 'log_count/INFO': 7,
 'log_count/WARNING': 1,
 'memusage/max': 777080832,
 'memusage/startup': 777080832,
 'response_received_count': 1,
 'scheduler/dequeued': 8,
 'scheduler/dequeued/memory': 8,
 'scheduler/enqueued': 8,
 'scheduler/enqueued/memory': 8,
 'start_time': datetime.datetime(2017, 8, 22, 0, 50, 53, 825771)}
2017-08-22 08:51:10 [scrapy.core.engine] INFO: Spider closed (finished)
2017-08-22 08:53:53 [scrapy.utils.log] INFO: Scrapy 1.4.0 started (bot: topgoods)
2017-08-22 08:53:53 [scrapy.utils.log] INFO: Overridden settings: {'FEED_URI': 'output/results.csv', 'BOT_NAME': 'topgoods', 'NEWSPIDER_MODULE': 'topgoods.spiders', 'SPIDER_MODULES': ['topgoods.spiders'], 'FEED_FORMAT': 'csv', 'LOG_FILE': 'scrapy.log'}
2017-08-22 08:53:53 [scrapy.middleware] INFO: Enabled extensions:
['scrapy.extensions.logstats.LogStats',
 'scrapy.extensions.memusage.MemoryUsage',
 'scrapy.extensions.feedexport.FeedExporter',
 'scrapy.extensions.corestats.CoreStats',
 'scrapy.extensions.telnet.TelnetConsole']
2017-08-22 08:53:53 [py.warnings] WARNING: /usr/local/lib/python3.5/dist-packages/scrapy/utils/deprecate.py:156: ScrapyDeprecationWarning: `scrapy.contrib.downloadermiddleware.httpproxy.HttpProxyMiddleware` class is deprecated, use `scrapy.downloadermiddlewares.httpproxy.HttpProxyMiddleware` instead
  ScrapyDeprecationWarning)

2017-08-22 08:53:53 [scrapy.middleware] INFO: Enabled downloader middlewares:
['scrapy.downloadermiddlewares.httpauth.HttpAuthMiddleware',
 'scrapy.downloadermiddlewares.httpproxy.HttpProxyMiddleware',
 'scrapy.downloadermiddlewares.downloadtimeout.DownloadTimeoutMiddleware',
 'scrapy.downloadermiddlewares.defaultheaders.DefaultHeadersMiddleware',
 'scrapy.downloadermiddlewares.useragent.UserAgentMiddleware',
 'scrapy.downloadermiddlewares.retry.RetryMiddleware',
 'scrapy.downloadermiddlewares.redirect.MetaRefreshMiddleware',
 'scrapy.downloadermiddlewares.httpcompression.HttpCompressionMiddleware',
 'scrapy.downloadermiddlewares.redirect.RedirectMiddleware',
 'scrapy.downloadermiddlewares.cookies.CookiesMiddleware',
 'scrapy.downloadermiddlewares.stats.DownloaderStats']
2017-08-22 08:53:53 [scrapy.middleware] INFO: Enabled spider middlewares:
['scrapy.spidermiddlewares.httperror.HttpErrorMiddleware',
 'scrapy.spidermiddlewares.offsite.OffsiteMiddleware',
 'scrapy.spidermiddlewares.referer.RefererMiddleware',
 'scrapy.spidermiddlewares.urllength.UrlLengthMiddleware',
 'scrapy.spidermiddlewares.depth.DepthMiddleware']
2017-08-22 08:53:53 [scrapy.middleware] INFO: Enabled item pipelines:
['scrapy.pipelines.images.ImagesPipeline']
2017-08-22 08:53:53 [scrapy.core.engine] INFO: Spider opened
2017-08-22 08:53:53 [scrapy.extensions.logstats] INFO: Crawled 0 pages (at 0 pages/min), scraped 0 items (at 0 items/min)
2017-08-22 08:53:53 [scrapy.extensions.telnet] DEBUG: Telnet console listening on 127.0.0.1:6023
2017-08-22 08:53:53 [scrapy.downloadermiddlewares.redirect] DEBUG: Redirecting (302) to <GET https://login.taobao.com/jump?target=https%3A%2F%2Flist.tmall.com%2Fsearch_product.htm%3Ftbpm%3D1%26type%3Dpc%26totalPage%3D100%26cat%3D50025135%26sort%3Dd%26style%3Dg%26from%3Dsn_1_cat-qp%26active%3D1%26jumpto%3D10> from <GET https://list.tmall.com/search_product.htm?type=pc&totalPage=100&cat=50025135&sort=d&style=g&from=sn_1_cat-qp&active=1&jumpto=10#J_Filter>
2017-08-22 08:53:57 [scrapy.downloadermiddlewares.redirect] DEBUG: Redirecting (302) to <GET https://pass.tmall.com/add?cookie2=168f7fa1128dacbf4c4e56aa675b4f0b&t=d3dcfbc3e7937146b59235c3cfecf89f&_tb_token_=e7935e373bee7&tmsc=1503363237093000&opi=11.131.224.188&pacc=kA5wxageIXG2NylAxOiL3g==&target=https%3A%2F%2Flist.tmall.com%2Fsearch_product.htm%3Ftbpm%3D1%26type%3Dpc%26totalPage%3D100%26cat%3D50025135%26sort%3Dd%26style%3Dg%26from%3Dsn_1_cat-qp%26active%3D1%26jumpto%3D10> from <GET https://login.taobao.com/jump?target=https%3A%2F%2Flist.tmall.com%2Fsearch_product.htm%3Ftbpm%3D1%26type%3Dpc%26totalPage%3D100%26cat%3D50025135%26sort%3Dd%26style%3Dg%26from%3Dsn_1_cat-qp%26active%3D1%26jumpto%3D10>
2017-08-22 08:53:57 [scrapy.downloadermiddlewares.redirect] DEBUG: Redirecting (302) to <GET https://list.tmall.com/search_product.htm?tbpm=1&type=pc&totalPage=100&cat=50025135&sort=d&style=g&from=sn_1_cat-qp&active=1&jumpto=10> from <GET https://pass.tmall.com/add?cookie2=168f7fa1128dacbf4c4e56aa675b4f0b&t=d3dcfbc3e7937146b59235c3cfecf89f&_tb_token_=e7935e373bee7&tmsc=1503363237093000&opi=11.131.224.188&pacc=kA5wxageIXG2NylAxOiL3g==&target=https%3A%2F%2Flist.tmall.com%2Fsearch_product.htm%3Ftbpm%3D1%26type%3Dpc%26totalPage%3D100%26cat%3D50025135%26sort%3Dd%26style%3Dg%26from%3Dsn_1_cat-qp%26active%3D1%26jumpto%3D10>
2017-08-22 08:53:57 [scrapy.downloadermiddlewares.redirect] DEBUG: Redirecting (302) to <GET https://list.tmall.com/search_product.htm?type=pc&totalPage=100&cat=50025135&sort=d&style=g&from=sn_1_cat-qp&active=1&jumpto=10> from <GET https://list.tmall.com/search_product.htm?tbpm=1&type=pc&totalPage=100&cat=50025135&sort=d&style=g&from=sn_1_cat-qp&active=1&jumpto=10>
2017-08-22 08:53:57 [scrapy.downloadermiddlewares.redirect] DEBUG: Redirecting (302) to <GET https://sec.taobao.com/query.htm?smApp=tmallsearch&smPolicy=tmallsearch-product-anti_Spider-html-checklogin&smCharset=GBK&smTag=MTIzLjEyOS41MS4zNCwsMjYzZGIxZWZlMTdmNDhmMzg3YTNlZWZlZTVkMjViYTE%3D&smReturn=https%3A%2F%2Flist.tmall.com%2Fsearch_product.htm%3Ftype%3Dpc%26totalPage%3D100%26cat%3D50025135%26sort%3Dd%26style%3Dg%26from%3Dsn_1_cat-qp%26active%3D1%26jumpto%3D10&smSign=ktThaN1MFYEwgcSjnv%2FqHQ%3D%3D> from <GET https://list.tmall.com/search_product.htm?type=pc&totalPage=100&cat=50025135&sort=d&style=g&from=sn_1_cat-qp&active=1&jumpto=10>
2017-08-22 08:53:57 [scrapy.downloadermiddlewares.redirect] DEBUG: Redirecting (302) to <GET http://login.tmall.com/?from=sm&redirect_url=https%3A%2F%2Fsec.taobao.com%2Fquery.htm%3Faction%3DQueryAction%26event_submit_do_login%3Dok%26smApp%3Dtmallsearch%26smPolicy%3Dtmallsearch-product-anti_Spider-html-checklogin%26smCharset%3DGBK%26smTag%3DMTIzLjEyOS41MS4zNCwsMjYzZGIxZWZlMTdmNDhmMzg3YTNlZWZlZTVkMjViYTE%253D%26smReturn%3Dhttps%253A%252F%252Flist.tmall.com%252Fsearch_product.htm%253Ftype%253Dpc%2526totalPage%253D100%2526cat%253D50025135%2526sort%253Dd%2526style%253Dg%2526from%253Dsn_1_cat-qp%2526active%253D1%2526jumpto%253D10%26smSign%3DktThaN1MFYEwgcSjnv%252FqHQ%253D%253D> from <GET https://sec.taobao.com/query.htm?smApp=tmallsearch&smPolicy=tmallsearch-product-anti_Spider-html-checklogin&smCharset=GBK&smTag=MTIzLjEyOS41MS4zNCwsMjYzZGIxZWZlMTdmNDhmMzg3YTNlZWZlZTVkMjViYTE%3D&smReturn=https%3A%2F%2Flist.tmall.com%2Fsearch_product.htm%3Ftype%3Dpc%26totalPage%3D100%26cat%3D50025135%26sort%3Dd%26style%3Dg%26from%3Dsn_1_cat-qp%26active%3D1%26jumpto%3D10&smSign=ktThaN1MFYEwgcSjnv%2FqHQ%3D%3D>
2017-08-22 08:53:58 [scrapy.downloadermiddlewares.redirect] DEBUG: Redirecting (302) to <GET https://login.tmall.com/?from=sm&redirect_url=https%3A%2F%2Fsec.taobao.com%2Fquery.htm%3Faction%3DQueryAction%26event_submit_do_login%3Dok%26smApp%3Dtmallsearch%26smPolicy%3Dtmallsearch-product-anti_Spider-html-checklogin%26smCharset%3DGBK%26smTag%3DMTIzLjEyOS41MS4zNCwsMjYzZGIxZWZlMTdmNDhmMzg3YTNlZWZlZTVkMjViYTE%253D%26smReturn%3Dhttps%253A%252F%252Flist.tmall.com%252Fsearch_product.htm%253Ftype%253Dpc%2526totalPage%253D100%2526cat%253D50025135%2526sort%253Dd%2526style%253Dg%2526from%253Dsn_1_cat-qp%2526active%253D1%2526jumpto%253D10%26smSign%3DktThaN1MFYEwgcSjnv%252FqHQ%253D%253D> from <GET http://login.tmall.com/?from=sm&redirect_url=https%3A%2F%2Fsec.taobao.com%2Fquery.htm%3Faction%3DQueryAction%26event_submit_do_login%3Dok%26smApp%3Dtmallsearch%26smPolicy%3Dtmallsearch-product-anti_Spider-html-checklogin%26smCharset%3DGBK%26smTag%3DMTIzLjEyOS41MS4zNCwsMjYzZGIxZWZlMTdmNDhmMzg3YTNlZWZlZTVkMjViYTE%253D%26smReturn%3Dhttps%253A%252F%252Flist.tmall.com%252Fsearch_product.htm%253Ftype%253Dpc%2526totalPage%253D100%2526cat%253D50025135%2526sort%253Dd%2526style%253Dg%2526from%253Dsn_1_cat-qp%2526active%253D1%2526jumpto%253D10%26smSign%3DktThaN1MFYEwgcSjnv%252FqHQ%253D%253D>
2017-08-22 08:53:58 [scrapy.core.engine] DEBUG: Crawled (200) <GET https://login.tmall.com/?from=sm&redirect_url=https%3A%2F%2Fsec.taobao.com%2Fquery.htm%3Faction%3DQueryAction%26event_submit_do_login%3Dok%26smApp%3Dtmallsearch%26smPolicy%3Dtmallsearch-product-anti_Spider-html-checklogin%26smCharset%3DGBK%26smTag%3DMTIzLjEyOS41MS4zNCwsMjYzZGIxZWZlMTdmNDhmMzg3YTNlZWZlZTVkMjViYTE%253D%26smReturn%3Dhttps%253A%252F%252Flist.tmall.com%252Fsearch_product.htm%253Ftype%253Dpc%2526totalPage%253D100%2526cat%253D50025135%2526sort%253Dd%2526style%253Dg%2526from%253Dsn_1_cat-qp%2526active%253D1%2526jumpto%253D10%26smSign%3DktThaN1MFYEwgcSjnv%252FqHQ%253D%253D> (referer: None)
2017-08-22 08:53:58 [tm_goods] DEBUG: 列表页出错--https://login.tmall.com/?from=sm&redirect_url=https%3A%2F%2Fsec.taobao.com%2Fquery.htm%3Faction%3DQueryAction%26event_submit_do_login%3Dok%26smApp%3Dtmallsearch%26smPolicy%3Dtmallsearch-product-anti_Spider-html-checklogin%26smCharset%3DGBK%26smTag%3DMTIzLjEyOS41MS4zNCwsMjYzZGIxZWZlMTdmNDhmMzg3YTNlZWZlZTVkMjViYTE%253D%26smReturn%3Dhttps%253A%252F%252Flist.tmall.com%252Fsearch_product.htm%253Ftype%253Dpc%2526totalPage%253D100%2526cat%253D50025135%2526sort%253Dd%2526style%253Dg%2526from%253Dsn_1_cat-qp%2526active%253D1%2526jumpto%253D10%26smSign%3DktThaN1MFYEwgcSjnv%252FqHQ%253D%253D
2017-08-22 08:53:58 [scrapy.core.engine] INFO: Closing spider (finished)
2017-08-22 08:53:58 [scrapy.statscollectors] INFO: Dumping Scrapy stats:
{'downloader/request_bytes': 4642,
 'downloader/request_count': 8,
 'downloader/request_method_count/GET': 8,
 'downloader/response_bytes': 11689,
 'downloader/response_count': 8,
 'downloader/response_status_count/200': 1,
 'downloader/response_status_count/302': 7,
 'finish_reason': 'finished',
 'finish_time': datetime.datetime(2017, 8, 22, 0, 53, 58, 704148),
 'log_count/DEBUG': 10,
 'log_count/INFO': 7,
 'log_count/WARNING': 1,
 'memusage/max': 837685248,
 'memusage/startup': 837685248,
 'response_received_count': 1,
 'scheduler/dequeued': 8,
 'scheduler/dequeued/memory': 8,
 'scheduler/enqueued': 8,
 'scheduler/enqueued/memory': 8,
 'start_time': datetime.datetime(2017, 8, 22, 0, 53, 53, 494197)}
2017-08-22 08:53:58 [scrapy.core.engine] INFO: Spider closed (finished)
2017-08-22 08:55:44 [scrapy.utils.log] INFO: Scrapy 1.4.0 started (bot: topgoods)
2017-08-22 08:55:44 [scrapy.utils.log] INFO: Overridden settings: {'NEWSPIDER_MODULE': 'topgoods.spiders', 'SPIDER_MODULES': ['topgoods.spiders'], 'LOG_FILE': 'scrapy.log', 'FEED_URI': 'output/results.csv', 'BOT_NAME': 'topgoods', 'FEED_FORMAT': 'csv'}
2017-08-22 08:55:44 [scrapy.middleware] INFO: Enabled extensions:
['scrapy.extensions.telnet.TelnetConsole',
 'scrapy.extensions.memusage.MemoryUsage',
 'scrapy.extensions.logstats.LogStats',
 'scrapy.extensions.feedexport.FeedExporter',
 'scrapy.extensions.corestats.CoreStats']
2017-08-22 08:55:44 [py.warnings] WARNING: /usr/local/lib/python3.5/dist-packages/scrapy/utils/deprecate.py:156: ScrapyDeprecationWarning: `scrapy.contrib.downloadermiddleware.httpproxy.HttpProxyMiddleware` class is deprecated, use `scrapy.downloadermiddlewares.httpproxy.HttpProxyMiddleware` instead
  ScrapyDeprecationWarning)

2017-08-22 08:55:44 [scrapy.middleware] INFO: Enabled downloader middlewares:
['scrapy.downloadermiddlewares.httpauth.HttpAuthMiddleware',
 'scrapy.downloadermiddlewares.httpproxy.HttpProxyMiddleware',
 'scrapy.downloadermiddlewares.downloadtimeout.DownloadTimeoutMiddleware',
 'scrapy.downloadermiddlewares.defaultheaders.DefaultHeadersMiddleware',
 'scrapy.downloadermiddlewares.useragent.UserAgentMiddleware',
 'scrapy.downloadermiddlewares.retry.RetryMiddleware',
 'scrapy.downloadermiddlewares.redirect.MetaRefreshMiddleware',
 'scrapy.downloadermiddlewares.httpcompression.HttpCompressionMiddleware',
 'scrapy.downloadermiddlewares.redirect.RedirectMiddleware',
 'scrapy.downloadermiddlewares.cookies.CookiesMiddleware',
 'scrapy.downloadermiddlewares.stats.DownloaderStats']
2017-08-22 08:55:44 [scrapy.middleware] INFO: Enabled spider middlewares:
['scrapy.spidermiddlewares.httperror.HttpErrorMiddleware',
 'scrapy.spidermiddlewares.offsite.OffsiteMiddleware',
 'scrapy.spidermiddlewares.referer.RefererMiddleware',
 'scrapy.spidermiddlewares.urllength.UrlLengthMiddleware',
 'scrapy.spidermiddlewares.depth.DepthMiddleware']
2017-08-22 08:55:44 [scrapy.middleware] INFO: Enabled item pipelines:
['scrapy.pipelines.images.ImagesPipeline']
2017-08-22 08:55:44 [scrapy.core.engine] INFO: Spider opened
2017-08-22 08:55:44 [scrapy.extensions.logstats] INFO: Crawled 0 pages (at 0 pages/min), scraped 0 items (at 0 items/min)
2017-08-22 08:55:44 [scrapy.extensions.telnet] DEBUG: Telnet console listening on 127.0.0.1:6023
2017-08-22 08:55:44 [scrapy.downloadermiddlewares.redirect] DEBUG: Redirecting (302) to <GET https://login.taobao.com/jump?target=https%3A%2F%2Flist.tmall.com%2Fsearch_product.htm%3Ftbpm%3D1%26type%3Dpc%26totalPage%3D100%26cat%3D50025135%26sort%3Dd%26style%3Dg%26from%3Dsn_1_cat-qp%26active%3D1%26jumpto%3D10> from <GET https://list.tmall.com/search_product.htm?type=pc&totalPage=100&cat=50025135&sort=d&style=g&from=sn_1_cat-qp&active=1&jumpto=10#J_Filter>
2017-08-22 08:55:45 [scrapy.downloadermiddlewares.redirect] DEBUG: Redirecting (302) to <GET https://pass.tmall.com/add?cookie2=1446e173161fcab7bb740f5f45847ef5&t=54d33ad430038345f0c98660726e0eef&_tb_token_=333c44beab93b&tmsc=1503363344982000&opi=11.131.226.156&pacc=E9kCFJr2d8NI7N42StpRvg==&target=https%3A%2F%2Flist.tmall.com%2Fsearch_product.htm%3Ftbpm%3D1%26type%3Dpc%26totalPage%3D100%26cat%3D50025135%26sort%3Dd%26style%3Dg%26from%3Dsn_1_cat-qp%26active%3D1%26jumpto%3D10> from <GET https://login.taobao.com/jump?target=https%3A%2F%2Flist.tmall.com%2Fsearch_product.htm%3Ftbpm%3D1%26type%3Dpc%26totalPage%3D100%26cat%3D50025135%26sort%3Dd%26style%3Dg%26from%3Dsn_1_cat-qp%26active%3D1%26jumpto%3D10>
2017-08-22 08:55:50 [scrapy.downloadermiddlewares.redirect] DEBUG: Redirecting (302) to <GET https://list.tmall.com/search_product.htm?tbpm=1&type=pc&totalPage=100&cat=50025135&sort=d&style=g&from=sn_1_cat-qp&active=1&jumpto=10> from <GET https://pass.tmall.com/add?cookie2=1446e173161fcab7bb740f5f45847ef5&t=54d33ad430038345f0c98660726e0eef&_tb_token_=333c44beab93b&tmsc=1503363344982000&opi=11.131.226.156&pacc=E9kCFJr2d8NI7N42StpRvg==&target=https%3A%2F%2Flist.tmall.com%2Fsearch_product.htm%3Ftbpm%3D1%26type%3Dpc%26totalPage%3D100%26cat%3D50025135%26sort%3Dd%26style%3Dg%26from%3Dsn_1_cat-qp%26active%3D1%26jumpto%3D10>
2017-08-22 08:55:51 [scrapy.downloadermiddlewares.redirect] DEBUG: Redirecting (302) to <GET https://list.tmall.com/search_product.htm?type=pc&totalPage=100&cat=50025135&sort=d&style=g&from=sn_1_cat-qp&active=1&jumpto=10> from <GET https://list.tmall.com/search_product.htm?tbpm=1&type=pc&totalPage=100&cat=50025135&sort=d&style=g&from=sn_1_cat-qp&active=1&jumpto=10>
2017-08-22 08:55:51 [scrapy.downloadermiddlewares.redirect] DEBUG: Redirecting (302) to <GET https://sec.taobao.com/query.htm?smApp=tmallsearch&smPolicy=tmallsearch-product-anti_Spider-html-checklogin&smCharset=GBK&smTag=MTIzLjEyOS41MS4zNCwsY2E0NWRhMDk0ZWEyNDQ3Njg3NzNlYTEwN2Q1OTdkNWE%3D&smReturn=https%3A%2F%2Flist.tmall.com%2Fsearch_product.htm%3Ftype%3Dpc%26totalPage%3D100%26cat%3D50025135%26sort%3Dd%26style%3Dg%26from%3Dsn_1_cat-qp%26active%3D1%26jumpto%3D10&smSign=J9HTJ5Hdm4JF2Yaj9P0SJw%3D%3D> from <GET https://list.tmall.com/search_product.htm?type=pc&totalPage=100&cat=50025135&sort=d&style=g&from=sn_1_cat-qp&active=1&jumpto=10>
2017-08-22 08:55:56 [scrapy.downloadermiddlewares.redirect] DEBUG: Redirecting (302) to <GET http://login.tmall.com/?from=sm&redirect_url=https%3A%2F%2Fsec.taobao.com%2Fquery.htm%3Faction%3DQueryAction%26event_submit_do_login%3Dok%26smApp%3Dtmallsearch%26smPolicy%3Dtmallsearch-product-anti_Spider-html-checklogin%26smCharset%3DGBK%26smTag%3DMTIzLjEyOS41MS4zNCwsY2E0NWRhMDk0ZWEyNDQ3Njg3NzNlYTEwN2Q1OTdkNWE%253D%26smReturn%3Dhttps%253A%252F%252Flist.tmall.com%252Fsearch_product.htm%253Ftype%253Dpc%2526totalPage%253D100%2526cat%253D50025135%2526sort%253Dd%2526style%253Dg%2526from%253Dsn_1_cat-qp%2526active%253D1%2526jumpto%253D10%26smSign%3DJ9HTJ5Hdm4JF2Yaj9P0SJw%253D%253D> from <GET https://sec.taobao.com/query.htm?smApp=tmallsearch&smPolicy=tmallsearch-product-anti_Spider-html-checklogin&smCharset=GBK&smTag=MTIzLjEyOS41MS4zNCwsY2E0NWRhMDk0ZWEyNDQ3Njg3NzNlYTEwN2Q1OTdkNWE%3D&smReturn=https%3A%2F%2Flist.tmall.com%2Fsearch_product.htm%3Ftype%3Dpc%26totalPage%3D100%26cat%3D50025135%26sort%3Dd%26style%3Dg%26from%3Dsn_1_cat-qp%26active%3D1%26jumpto%3D10&smSign=J9HTJ5Hdm4JF2Yaj9P0SJw%3D%3D>
2017-08-22 08:55:56 [scrapy.downloadermiddlewares.redirect] DEBUG: Redirecting (302) to <GET https://login.tmall.com/?from=sm&redirect_url=https%3A%2F%2Fsec.taobao.com%2Fquery.htm%3Faction%3DQueryAction%26event_submit_do_login%3Dok%26smApp%3Dtmallsearch%26smPolicy%3Dtmallsearch-product-anti_Spider-html-checklogin%26smCharset%3DGBK%26smTag%3DMTIzLjEyOS41MS4zNCwsY2E0NWRhMDk0ZWEyNDQ3Njg3NzNlYTEwN2Q1OTdkNWE%253D%26smReturn%3Dhttps%253A%252F%252Flist.tmall.com%252Fsearch_product.htm%253Ftype%253Dpc%2526totalPage%253D100%2526cat%253D50025135%2526sort%253Dd%2526style%253Dg%2526from%253Dsn_1_cat-qp%2526active%253D1%2526jumpto%253D10%26smSign%3DJ9HTJ5Hdm4JF2Yaj9P0SJw%253D%253D> from <GET http://login.tmall.com/?from=sm&redirect_url=https%3A%2F%2Fsec.taobao.com%2Fquery.htm%3Faction%3DQueryAction%26event_submit_do_login%3Dok%26smApp%3Dtmallsearch%26smPolicy%3Dtmallsearch-product-anti_Spider-html-checklogin%26smCharset%3DGBK%26smTag%3DMTIzLjEyOS41MS4zNCwsY2E0NWRhMDk0ZWEyNDQ3Njg3NzNlYTEwN2Q1OTdkNWE%253D%26smReturn%3Dhttps%253A%252F%252Flist.tmall.com%252Fsearch_product.htm%253Ftype%253Dpc%2526totalPage%253D100%2526cat%253D50025135%2526sort%253Dd%2526style%253Dg%2526from%253Dsn_1_cat-qp%2526active%253D1%2526jumpto%253D10%26smSign%3DJ9HTJ5Hdm4JF2Yaj9P0SJw%253D%253D>
2017-08-22 08:55:57 [scrapy.core.engine] DEBUG: Crawled (200) <GET https://login.tmall.com/?from=sm&redirect_url=https%3A%2F%2Fsec.taobao.com%2Fquery.htm%3Faction%3DQueryAction%26event_submit_do_login%3Dok%26smApp%3Dtmallsearch%26smPolicy%3Dtmallsearch-product-anti_Spider-html-checklogin%26smCharset%3DGBK%26smTag%3DMTIzLjEyOS41MS4zNCwsY2E0NWRhMDk0ZWEyNDQ3Njg3NzNlYTEwN2Q1OTdkNWE%253D%26smReturn%3Dhttps%253A%252F%252Flist.tmall.com%252Fsearch_product.htm%253Ftype%253Dpc%2526totalPage%253D100%2526cat%253D50025135%2526sort%253Dd%2526style%253Dg%2526from%253Dsn_1_cat-qp%2526active%253D1%2526jumpto%253D10%26smSign%3DJ9HTJ5Hdm4JF2Yaj9P0SJw%253D%253D> (referer: None)
2017-08-22 08:55:57 [tm_goods] DEBUG: 列表页出错--https://login.tmall.com/?from=sm&redirect_url=https%3A%2F%2Fsec.taobao.com%2Fquery.htm%3Faction%3DQueryAction%26event_submit_do_login%3Dok%26smApp%3Dtmallsearch%26smPolicy%3Dtmallsearch-product-anti_Spider-html-checklogin%26smCharset%3DGBK%26smTag%3DMTIzLjEyOS41MS4zNCwsY2E0NWRhMDk0ZWEyNDQ3Njg3NzNlYTEwN2Q1OTdkNWE%253D%26smReturn%3Dhttps%253A%252F%252Flist.tmall.com%252Fsearch_product.htm%253Ftype%253Dpc%2526totalPage%253D100%2526cat%253D50025135%2526sort%253Dd%2526style%253Dg%2526from%253Dsn_1_cat-qp%2526active%253D1%2526jumpto%253D10%26smSign%3DJ9HTJ5Hdm4JF2Yaj9P0SJw%253D%253D
2017-08-22 08:55:57 [scrapy.core.engine] INFO: Closing spider (finished)
2017-08-22 08:55:57 [scrapy.statscollectors] INFO: Dumping Scrapy stats:
{'downloader/request_bytes': 4632,
 'downloader/request_count': 8,
 'downloader/request_method_count/GET': 8,
 'downloader/response_bytes': 11653,
 'downloader/response_count': 8,
 'downloader/response_status_count/200': 1,
 'downloader/response_status_count/302': 7,
 'finish_reason': 'finished',
 'finish_time': datetime.datetime(2017, 8, 22, 0, 55, 57, 236517),
 'log_count/DEBUG': 10,
 'log_count/INFO': 7,
 'log_count/WARNING': 1,
 'memusage/max': 837685248,
 'memusage/startup': 837685248,
 'response_received_count': 1,
 'scheduler/dequeued': 8,
 'scheduler/dequeued/memory': 8,
 'scheduler/enqueued': 8,
 'scheduler/enqueued/memory': 8,
 'start_time': datetime.datetime(2017, 8, 22, 0, 55, 44, 162297)}
2017-08-22 08:55:57 [scrapy.core.engine] INFO: Spider closed (finished)
2017-08-22 09:19:17 [scrapy.utils.log] INFO: Scrapy 1.4.0 started (bot: topgoods)
2017-08-22 09:19:17 [scrapy.utils.log] INFO: Overridden settings: {'FEED_URI': 'output/results.csv', 'NEWSPIDER_MODULE': 'topgoods.spiders', 'LOG_FILE': 'scrapy.log', 'FEED_FORMAT': 'csv', 'BOT_NAME': 'topgoods', 'SPIDER_MODULES': ['topgoods.spiders']}
2017-08-22 09:19:17 [scrapy.middleware] INFO: Enabled extensions:
['scrapy.extensions.memusage.MemoryUsage',
 'scrapy.extensions.corestats.CoreStats',
 'scrapy.extensions.telnet.TelnetConsole',
 'scrapy.extensions.logstats.LogStats',
 'scrapy.extensions.feedexport.FeedExporter']
2017-08-22 09:19:17 [py.warnings] WARNING: /usr/local/lib/python3.5/dist-packages/scrapy/utils/deprecate.py:156: ScrapyDeprecationWarning: `scrapy.contrib.downloadermiddleware.httpproxy.HttpProxyMiddleware` class is deprecated, use `scrapy.downloadermiddlewares.httpproxy.HttpProxyMiddleware` instead
  ScrapyDeprecationWarning)

2017-08-22 09:19:17 [scrapy.middleware] INFO: Enabled downloader middlewares:
['scrapy.downloadermiddlewares.httpauth.HttpAuthMiddleware',
 'scrapy.downloadermiddlewares.httpproxy.HttpProxyMiddleware',
 'scrapy.downloadermiddlewares.downloadtimeout.DownloadTimeoutMiddleware',
 'scrapy.downloadermiddlewares.defaultheaders.DefaultHeadersMiddleware',
 'scrapy.downloadermiddlewares.useragent.UserAgentMiddleware',
 'scrapy.downloadermiddlewares.retry.RetryMiddleware',
 'scrapy.downloadermiddlewares.redirect.MetaRefreshMiddleware',
 'scrapy.downloadermiddlewares.httpcompression.HttpCompressionMiddleware',
 'scrapy.downloadermiddlewares.redirect.RedirectMiddleware',
 'scrapy.downloadermiddlewares.cookies.CookiesMiddleware',
 'scrapy.downloadermiddlewares.stats.DownloaderStats']
2017-08-22 09:19:17 [scrapy.middleware] INFO: Enabled spider middlewares:
['scrapy.spidermiddlewares.httperror.HttpErrorMiddleware',
 'scrapy.spidermiddlewares.offsite.OffsiteMiddleware',
 'scrapy.spidermiddlewares.referer.RefererMiddleware',
 'scrapy.spidermiddlewares.urllength.UrlLengthMiddleware',
 'scrapy.spidermiddlewares.depth.DepthMiddleware']
2017-08-22 09:19:17 [scrapy.middleware] INFO: Enabled item pipelines:
['scrapy.pipelines.images.ImagesPipeline']
2017-08-22 09:19:17 [scrapy.core.engine] INFO: Spider opened
2017-08-22 09:19:17 [scrapy.extensions.logstats] INFO: Crawled 0 pages (at 0 pages/min), scraped 0 items (at 0 items/min)
2017-08-22 09:19:17 [scrapy.extensions.telnet] DEBUG: Telnet console listening on 127.0.0.1:6023
2017-08-22 09:19:17 [scrapy.core.engine] DEBUG: Crawled (200) <GET file:///home/lwq/Python/Scrapy_tutorial/12/topgoods/html/tm.html> (referer: None)
2017-08-22 09:19:17 [scrapy.core.engine] INFO: Closing spider (finished)
2017-08-22 09:19:17 [scrapy.statscollectors] INFO: Dumping Scrapy stats:
{'downloader/request_bytes': 254,
 'downloader/request_count': 1,
 'downloader/request_method_count/GET': 1,
 'downloader/response_bytes': 414474,
 'downloader/response_count': 1,
 'downloader/response_status_count/200': 1,
 'finish_reason': 'finished',
 'finish_time': datetime.datetime(2017, 8, 22, 1, 19, 17, 472518),
 'log_count/DEBUG': 2,
 'log_count/INFO': 7,
 'log_count/WARNING': 1,
 'memusage/max': 508026880,
 'memusage/startup': 508026880,
 'response_received_count': 1,
 'scheduler/dequeued': 1,
 'scheduler/dequeued/memory': 1,
 'scheduler/enqueued': 1,
 'scheduler/enqueued/memory': 1,
 'start_time': datetime.datetime(2017, 8, 22, 1, 19, 17, 296949)}
2017-08-22 09:19:17 [scrapy.core.engine] INFO: Spider closed (finished)
2017-08-22 09:19:46 [scrapy.utils.log] INFO: Scrapy 1.4.0 started (bot: topgoods)
2017-08-22 09:19:46 [scrapy.utils.log] INFO: Overridden settings: {'SPIDER_MODULES': ['topgoods.spiders'], 'BOT_NAME': 'topgoods', 'LOG_FILE': 'scrapy.log', 'FEED_URI': 'output/results.csv', 'FEED_FORMAT': 'csv', 'NEWSPIDER_MODULE': 'topgoods.spiders'}
2017-08-22 09:19:46 [scrapy.middleware] INFO: Enabled extensions:
['scrapy.extensions.corestats.CoreStats',
 'scrapy.extensions.telnet.TelnetConsole',
 'scrapy.extensions.feedexport.FeedExporter',
 'scrapy.extensions.logstats.LogStats',
 'scrapy.extensions.memusage.MemoryUsage']
2017-08-22 09:19:46 [py.warnings] WARNING: /usr/local/lib/python3.5/dist-packages/scrapy/utils/deprecate.py:156: ScrapyDeprecationWarning: `scrapy.contrib.downloadermiddleware.httpproxy.HttpProxyMiddleware` class is deprecated, use `scrapy.downloadermiddlewares.httpproxy.HttpProxyMiddleware` instead
  ScrapyDeprecationWarning)

2017-08-22 09:19:46 [scrapy.middleware] INFO: Enabled downloader middlewares:
['scrapy.downloadermiddlewares.httpauth.HttpAuthMiddleware',
 'scrapy.downloadermiddlewares.httpproxy.HttpProxyMiddleware',
 'scrapy.downloadermiddlewares.downloadtimeout.DownloadTimeoutMiddleware',
 'scrapy.downloadermiddlewares.defaultheaders.DefaultHeadersMiddleware',
 'scrapy.downloadermiddlewares.useragent.UserAgentMiddleware',
 'scrapy.downloadermiddlewares.retry.RetryMiddleware',
 'scrapy.downloadermiddlewares.redirect.MetaRefreshMiddleware',
 'scrapy.downloadermiddlewares.httpcompression.HttpCompressionMiddleware',
 'scrapy.downloadermiddlewares.redirect.RedirectMiddleware',
 'scrapy.downloadermiddlewares.cookies.CookiesMiddleware',
 'scrapy.downloadermiddlewares.stats.DownloaderStats']
2017-08-22 09:19:46 [scrapy.middleware] INFO: Enabled spider middlewares:
['scrapy.spidermiddlewares.httperror.HttpErrorMiddleware',
 'scrapy.spidermiddlewares.offsite.OffsiteMiddleware',
 'scrapy.spidermiddlewares.referer.RefererMiddleware',
 'scrapy.spidermiddlewares.urllength.UrlLengthMiddleware',
 'scrapy.spidermiddlewares.depth.DepthMiddleware']
2017-08-22 09:19:46 [scrapy.middleware] INFO: Enabled item pipelines:
['scrapy.pipelines.images.ImagesPipeline']
2017-08-22 09:19:46 [scrapy.core.engine] INFO: Spider opened
2017-08-22 09:19:46 [scrapy.extensions.logstats] INFO: Crawled 0 pages (at 0 pages/min), scraped 0 items (at 0 items/min)
2017-08-22 09:19:46 [scrapy.extensions.telnet] DEBUG: Telnet console listening on 127.0.0.1:6023
2017-08-22 09:19:46 [scrapy.core.engine] DEBUG: Crawled (200) <GET file:///home/lwq/Python/Scrapy_tutorial/12/topgoods/html/tm.html> (referer: None)
2017-08-22 09:19:46 [scrapy.core.engine] INFO: Closing spider (finished)
2017-08-22 09:19:46 [scrapy.statscollectors] INFO: Dumping Scrapy stats:
{'downloader/request_bytes': 254,
 'downloader/request_count': 1,
 'downloader/request_method_count/GET': 1,
 'downloader/response_bytes': 414474,
 'downloader/response_count': 1,
 'downloader/response_status_count/200': 1,
 'finish_reason': 'finished',
 'finish_time': datetime.datetime(2017, 8, 22, 1, 19, 46, 558085),
 'log_count/DEBUG': 2,
 'log_count/INFO': 7,
 'log_count/WARNING': 1,
 'memusage/max': 517652480,
 'memusage/startup': 517652480,
 'response_received_count': 1,
 'scheduler/dequeued': 1,
 'scheduler/dequeued/memory': 1,
 'scheduler/enqueued': 1,
 'scheduler/enqueued/memory': 1,
 'start_time': datetime.datetime(2017, 8, 22, 1, 19, 46, 361347)}
2017-08-22 09:19:46 [scrapy.core.engine] INFO: Spider closed (finished)
2017-08-22 09:22:41 [scrapy.utils.log] INFO: Scrapy 1.4.0 started (bot: topgoods)
2017-08-22 09:22:41 [scrapy.utils.log] INFO: Overridden settings: {'FEED_FORMAT': 'csv', 'NEWSPIDER_MODULE': 'topgoods.spiders', 'LOG_FILE': 'scrapy.log', 'FEED_URI': 'output/results.csv', 'BOT_NAME': 'topgoods', 'SPIDER_MODULES': ['topgoods.spiders']}
2017-08-22 09:22:41 [scrapy.middleware] INFO: Enabled extensions:
['scrapy.extensions.feedexport.FeedExporter',
 'scrapy.extensions.logstats.LogStats',
 'scrapy.extensions.telnet.TelnetConsole',
 'scrapy.extensions.memusage.MemoryUsage',
 'scrapy.extensions.corestats.CoreStats']
2017-08-22 09:22:41 [py.warnings] WARNING: /usr/local/lib/python3.5/dist-packages/scrapy/utils/deprecate.py:156: ScrapyDeprecationWarning: `scrapy.contrib.downloadermiddleware.httpproxy.HttpProxyMiddleware` class is deprecated, use `scrapy.downloadermiddlewares.httpproxy.HttpProxyMiddleware` instead
  ScrapyDeprecationWarning)

2017-08-22 09:22:41 [scrapy.middleware] INFO: Enabled downloader middlewares:
['scrapy.downloadermiddlewares.httpauth.HttpAuthMiddleware',
 'scrapy.downloadermiddlewares.httpproxy.HttpProxyMiddleware',
 'scrapy.downloadermiddlewares.downloadtimeout.DownloadTimeoutMiddleware',
 'scrapy.downloadermiddlewares.defaultheaders.DefaultHeadersMiddleware',
 'scrapy.downloadermiddlewares.useragent.UserAgentMiddleware',
 'scrapy.downloadermiddlewares.retry.RetryMiddleware',
 'scrapy.downloadermiddlewares.redirect.MetaRefreshMiddleware',
 'scrapy.downloadermiddlewares.httpcompression.HttpCompressionMiddleware',
 'scrapy.downloadermiddlewares.redirect.RedirectMiddleware',
 'scrapy.downloadermiddlewares.cookies.CookiesMiddleware',
 'scrapy.downloadermiddlewares.stats.DownloaderStats']
2017-08-22 09:22:41 [scrapy.middleware] INFO: Enabled spider middlewares:
['scrapy.spidermiddlewares.httperror.HttpErrorMiddleware',
 'scrapy.spidermiddlewares.offsite.OffsiteMiddleware',
 'scrapy.spidermiddlewares.referer.RefererMiddleware',
 'scrapy.spidermiddlewares.urllength.UrlLengthMiddleware',
 'scrapy.spidermiddlewares.depth.DepthMiddleware']
2017-08-22 09:22:41 [scrapy.middleware] INFO: Enabled item pipelines:
['scrapy.pipelines.images.ImagesPipeline']
2017-08-22 09:22:41 [scrapy.core.engine] INFO: Spider opened
2017-08-22 09:22:42 [scrapy.extensions.logstats] INFO: Crawled 0 pages (at 0 pages/min), scraped 0 items (at 0 items/min)
2017-08-22 09:22:42 [scrapy.extensions.telnet] DEBUG: Telnet console listening on 127.0.0.1:6023
2017-08-22 09:22:42 [scrapy.core.engine] DEBUG: Crawled (200) <GET file:///home/lwq/Python/Scrapy_tutorial/12/topgoods/html/tm.html> (referer: None)
2017-08-22 09:22:42 [scrapy.core.engine] INFO: Closing spider (finished)
2017-08-22 09:22:42 [scrapy.statscollectors] INFO: Dumping Scrapy stats:
{'downloader/request_bytes': 254,
 'downloader/request_count': 1,
 'downloader/request_method_count/GET': 1,
 'downloader/response_bytes': 414474,
 'downloader/response_count': 1,
 'downloader/response_status_count/200': 1,
 'finish_reason': 'finished',
 'finish_time': datetime.datetime(2017, 8, 22, 1, 22, 42, 174023),
 'log_count/DEBUG': 2,
 'log_count/INFO': 7,
 'log_count/WARNING': 1,
 'memusage/max': 602632192,
 'memusage/startup': 602632192,
 'response_received_count': 1,
 'scheduler/dequeued': 1,
 'scheduler/dequeued/memory': 1,
 'scheduler/enqueued': 1,
 'scheduler/enqueued/memory': 1,
 'start_time': datetime.datetime(2017, 8, 22, 1, 22, 42, 7003)}
2017-08-22 09:22:42 [scrapy.core.engine] INFO: Spider closed (finished)
